<?xml version="1.0" encoding="UTF-8"?>
<testsuites name="Sprint_ReserveTimeslot" time="4" tests="0" failures="1" errors="0">
   <testsuite name="Sprint_ReserveTimeslot" tests="0" failures="1" errors="0" time="4" timestamp="2018-10-03 14:48:47" hostname="vinh.le - TITAN-V-2001.titandms.local" id="Test Suites/API_Toyota/Sprint_ReserveTimeslot">
      <properties>
         <property name="deviceName" value=""/>
         <property name="devicePlatform" value=""/>
         <property name="logFolder" value="C:\\Users\\vinh.le\\git\\TitanAPIKatalon\\Reports\\API_Toyota\\Sprint_ReserveTimeslot\\20181003_144847"/>
         <property name="logFiles" value="C:\\Users\\vinh.le\\git\\TitanAPIKatalon\\Reports\\API_Toyota\\Sprint_ReserveTimeslot\\20181003_144847\\execution0.log"/>
         <property name="attachments" value=""/>
         <property name="hostName" value="vinh.le - TITAN-V-2001.titandms.local"/>
         <property name="hostAddress" value="192.168.3.19"/>
         <property name="os" value="Windows 10 64bit"/>
         <property name="katalonVersion" value="5.7.1.1"/>
      </properties>
      <testcase name="Test Cases/TOYOTA/Main_Toyota_TestCase - AllSprints" classname="Test Cases/TOYOTA/Main_Toyota_TestCase - AllSprints" status="FAILED">
         <failure type="FAILED" message="(Stack trace: com.kms.katalon.core.exception.StepFailedException: Unable to verify response status code (Root cause: Expected status code is '404' but actual status code is '400')
	at com.kms.katalon.core.keyword.internal.KeywordMain.stepFailed(KeywordMain.groovy:36)
	at com.kms.katalon.core.keyword.internal.KeywordMain.stepFailed(KeywordMain.groovy)
	at com.kms.katalon.core.keyword.internal.KeywordMain.runKeyword(KeywordMain.groovy:56)
	at com.kms.katalon.core.webservice.keyword.builtin.VerifyResponseStatusCodeKeyword.verifyResponseStatusCode(VerifyResponseStatusCodeKeyword.groovy:37)
	at com.kms.katalon.core.webservice.keyword.builtin.VerifyResponseStatusCodeKeyword.execute(VerifyResponseStatusCodeKeyword.groovy:32)
	at com.kms.katalon.core.keyword.internal.KeywordExecutor.executeKeywordForPlatform(KeywordExecutor.groovy:53)
	at com.kms.katalon.core.webservice.keyword.WSBuiltInKeywords.verifyResponseStatusCode(WSBuiltInKeywords.groovy:212)
	at com.kms.katalon.core.webservice.keyword.WSBuiltInKeywords$verifyResponseStatusCode$0.call(Unknown Source)
	at org.codehaus.groovy.runtime.callsite.CallSiteArray.defaultCall(CallSiteArray.java:48)
	at org.codehaus.groovy.runtime.callsite.AbstractCallSite.call(AbstractCallSite.java:113)
	at org.codehaus.groovy.runtime.callsite.AbstractCallSite.call(AbstractCallSite.java:133)
	at Script1538241040522.VerifyResponse(Script1538241040522.groovy:39)
	at Script1538241040522$VerifyResponse.callCurrent(Unknown Source)
	at org.codehaus.groovy.runtime.callsite.CallSiteArray.defaultCallCurrent(CallSiteArray.java:52)
	at org.codehaus.groovy.runtime.callsite.AbstractCallSite.callCurrent(AbstractCallSite.java:154)
	at org.codehaus.groovy.runtime.callsite.AbstractCallSite.callCurrent(AbstractCallSite.java:182)
	at Script1538241040522.run(Script1538241040522.groovy:75)
	at com.kms.katalon.core.main.ScriptEngine.run(ScriptEngine.java:183)
	at com.kms.katalon.core.main.ScriptEngine.runScriptAsRawText(ScriptEngine.java:108)
	at com.kms.katalon.core.main.TestCaseExecutor.runScript(TestCaseExecutor.java:294)
	at com.kms.katalon.core.main.TestCaseExecutor.doExecute(TestCaseExecutor.java:285)
	at com.kms.katalon.core.main.TestCaseExecutor.processExecutionPhase(TestCaseExecutor.java:264)
	at com.kms.katalon.core.main.TestCaseExecutor.accessMainPhase(TestCaseExecutor.java:256)
	at com.kms.katalon.core.main.TestCaseExecutor.execute(TestCaseExecutor.java:200)
	at com.kms.katalon.core.main.TestCaseMain.runTestCase(TestCaseMain.java:99)
	at com.kms.katalon.core.keyword.builtin.CallTestCaseKeyword$_callTestCase_closure1.doCall(CallTestCaseKeyword.groovy:60)
	at com.kms.katalon.core.keyword.builtin.CallTestCaseKeyword$_callTestCase_closure1.call(CallTestCaseKeyword.groovy)
	at com.kms.katalon.core.keyword.internal.KeywordMain.runKeyword(KeywordMain.groovy:54)
	at com.kms.katalon.core.keyword.builtin.CallTestCaseKeyword.callTestCase(CallTestCaseKeyword.groovy:81)
	at com.kms.katalon.core.keyword.builtin.CallTestCaseKeyword.execute(CallTestCaseKeyword.groovy:45)
	at com.kms.katalon.core.keyword.internal.KeywordExecutor.executeKeywordForPlatform(KeywordExecutor.groovy:53)
	at com.kms.katalon.core.keyword.BuiltinKeywords.callTestCase(BuiltinKeywords.groovy:334)
	at sun.reflect.NativeMethodAccessorImpl.invoke0(Native Method)
	at sun.reflect.NativeMethodAccessorImpl.invoke(NativeMethodAccessorImpl.java:62)
	at sun.reflect.DelegatingMethodAccessorImpl.invoke(DelegatingMethodAccessorImpl.java:43)
	at java.lang.reflect.Method.invoke(Method.java:498)
	at org.codehaus.groovy.reflection.CachedMethod.invoke(CachedMethod.java:93)
	at groovy.lang.MetaMethod.doMethodInvoke(MetaMethod.java:325)
	at groovy.lang.MetaClassImpl.invokeStaticMethod(MetaClassImpl.java:1469)
	at org.codehaus.groovy.runtime.callsite.StaticMetaClassSite.call(StaticMetaClassSite.java:53)
	at org.codehaus.groovy.runtime.callsite.CallSiteArray.defaultCall(CallSiteArray.java:48)
	at org.codehaus.groovy.runtime.callsite.AbstractCallSite.call(AbstractCallSite.java:113)
	at org.codehaus.groovy.runtime.callsite.AbstractCallSite.call(AbstractCallSite.java:141)
	at Script1538228039858.run(Script1538228039858.groovy:110)
	at com.kms.katalon.core.main.ScriptEngine.run(ScriptEngine.java:183)
	at com.kms.katalon.core.main.ScriptEngine.runScriptAsRawText(ScriptEngine.java:108)
	at com.kms.katalon.core.main.TestCaseExecutor.runScript(TestCaseExecutor.java:294)
	at com.kms.katalon.core.main.TestCaseExecutor.doExecute(TestCaseExecutor.java:285)
	at com.kms.katalon.core.main.TestCaseExecutor.processExecutionPhase(TestCaseExecutor.java:264)
	at com.kms.katalon.core.main.TestCaseExecutor.accessMainPhase(TestCaseExecutor.java:256)
	at com.kms.katalon.core.main.TestCaseExecutor.execute(TestCaseExecutor.java:200)
	at com.kms.katalon.core.main.TestSuiteExecutor.accessTestCaseMainPhase(TestSuiteExecutor.java:129)
	at com.kms.katalon.core.main.TestSuiteExecutor.accessTestSuiteMainPhase(TestSuiteExecutor.java:112)
	at com.kms.katalon.core.main.TestSuiteExecutor.execute(TestSuiteExecutor.java:81)
	at com.kms.katalon.core.main.TestCaseMain.startTestSuite(TestCaseMain.java:142)
	at com.kms.katalon.core.main.TestCaseMain$startTestSuite$0.call(Unknown Source)
	at org.codehaus.groovy.runtime.callsite.CallSiteArray.defaultCall(CallSiteArray.java:48)
	at org.codehaus.groovy.runtime.callsite.AbstractCallSite.call(AbstractCallSite.java:113)
	at org.codehaus.groovy.runtime.callsite.AbstractCallSite.call(AbstractCallSite.java:141)
	at TempTestSuite1538552927008.run(TempTestSuite1538552927008.groovy:36)
	at groovy.lang.GroovyShell.runScriptOrMainOrTestOrRunnable(GroovyShell.java:263)
	at groovy.lang.GroovyShell.run(GroovyShell.java:518)
	at groovy.lang.GroovyShell.run(GroovyShell.java:507)
	at groovy.ui.GroovyMain.processOnce(GroovyMain.java:653)
	at groovy.ui.GroovyMain.run(GroovyMain.java:384)
	at groovy.ui.GroovyMain.process(GroovyMain.java:370)
	at groovy.ui.GroovyMain.processArgs(GroovyMain.java:129)
	at groovy.ui.GroovyMain.main(GroovyMain.java:109)
	at sun.reflect.NativeMethodAccessorImpl.invoke0(Native Method)
	at sun.reflect.NativeMethodAccessorImpl.invoke(NativeMethodAccessorImpl.java:62)
	at sun.reflect.DelegatingMethodAccessorImpl.invoke(DelegatingMethodAccessorImpl.java:43)
	at java.lang.reflect.Method.invoke(Method.java:498)
	at org.codehaus.groovy.tools.GroovyStarter.rootLoader(GroovyStarter.java:109)
	at org.codehaus.groovy.tools.GroovyStarter.main(GroovyStarter.java:131)
)"/>
         <system-out><![CDATA[2018-10-03 14:48:48 - [TEST_CASE][FAILED] - Test Cases/TOYOTA/Main_Toyota_TestCase - AllSprints: Test Cases/TOYOTA/Main_Toyota_TestCase - AllSprints FAILED because (of) (Stack trace: com.kms.katalon.core.exception.StepFailedException: Unable to verify response status code (Root cause: Expected status code is '404' but actual status code is '400')
	at com.kms.katalon.core.keyword.internal.KeywordMain.stepFailed(KeywordMain.groovy:36)
	at com.kms.katalon.core.keyword.internal.KeywordMain.stepFailed(KeywordMain.groovy)
	at com.kms.katalon.core.keyword.internal.KeywordMain.runKeyword(KeywordMain.groovy:56)
	at com.kms.katalon.core.webservice.keyword.builtin.VerifyResponseStatusCodeKeyword.verifyResponseStatusCode(VerifyResponseStatusCodeKeyword.groovy:37)
	at com.kms.katalon.core.webservice.keyword.builtin.VerifyResponseStatusCodeKeyword.execute(VerifyResponseStatusCodeKeyword.groovy:32)
	at com.kms.katalon.core.keyword.internal.KeywordExecutor.executeKeywordForPlatform(KeywordExecutor.groovy:53)
	at com.kms.katalon.core.webservice.keyword.WSBuiltInKeywords.verifyResponseStatusCode(WSBuiltInKeywords.groovy:212)
	at com.kms.katalon.core.webservice.keyword.WSBuiltInKeywords$verifyResponseStatusCode$0.call(Unknown Source)
	at org.codehaus.groovy.runtime.callsite.CallSiteArray.defaultCall(CallSiteArray.java:48)
	at org.codehaus.groovy.runtime.callsite.AbstractCallSite.call(AbstractCallSite.java:113)
	at org.codehaus.groovy.runtime.callsite.AbstractCallSite.call(AbstractCallSite.java:133)
	at Script1538241040522.VerifyResponse(Script1538241040522.groovy:39)
	at Script1538241040522$VerifyResponse.callCurrent(Unknown Source)
	at org.codehaus.groovy.runtime.callsite.CallSiteArray.defaultCallCurrent(CallSiteArray.java:52)
	at org.codehaus.groovy.runtime.callsite.AbstractCallSite.callCurrent(AbstractCallSite.java:154)
	at org.codehaus.groovy.runtime.callsite.AbstractCallSite.callCurrent(AbstractCallSite.java:182)
	at Script1538241040522.run(Script1538241040522.groovy:75)
	at com.kms.katalon.core.main.ScriptEngine.run(ScriptEngine.java:183)
	at com.kms.katalon.core.main.ScriptEngine.runScriptAsRawText(ScriptEngine.java:108)
	at com.kms.katalon.core.main.TestCaseExecutor.runScript(TestCaseExecutor.java:294)
	at com.kms.katalon.core.main.TestCaseExecutor.doExecute(TestCaseExecutor.java:285)
	at com.kms.katalon.core.main.TestCaseExecutor.processExecutionPhase(TestCaseExecutor.java:264)
	at com.kms.katalon.core.main.TestCaseExecutor.accessMainPhase(TestCaseExecutor.java:256)
	at com.kms.katalon.core.main.TestCaseExecutor.execute(TestCaseExecutor.java:200)
	at com.kms.katalon.core.main.TestCaseMain.runTestCase(TestCaseMain.java:99)
	at com.kms.katalon.core.keyword.builtin.CallTestCaseKeyword$_callTestCase_closure1.doCall(CallTestCaseKeyword.groovy:60)
	at com.kms.katalon.core.keyword.builtin.CallTestCaseKeyword$_callTestCase_closure1.call(CallTestCaseKeyword.groovy)
	at com.kms.katalon.core.keyword.internal.KeywordMain.runKeyword(KeywordMain.groovy:54)
	at com.kms.katalon.core.keyword.builtin.CallTestCaseKeyword.callTestCase(CallTestCaseKeyword.groovy:81)
	at com.kms.katalon.core.keyword.builtin.CallTestCaseKeyword.execute(CallTestCaseKeyword.groovy:45)
	at com.kms.katalon.core.keyword.internal.KeywordExecutor.executeKeywordForPlatform(KeywordExecutor.groovy:53)
	at com.kms.katalon.core.keyword.BuiltinKeywords.callTestCase(BuiltinKeywords.groovy:334)
	at sun.reflect.NativeMethodAccessorImpl.invoke0(Native Method)
	at sun.reflect.NativeMethodAccessorImpl.invoke(NativeMethodAccessorImpl.java:62)
	at sun.reflect.DelegatingMethodAccessorImpl.invoke(DelegatingMethodAccessorImpl.java:43)
	at java.lang.reflect.Method.invoke(Method.java:498)
	at org.codehaus.groovy.reflection.CachedMethod.invoke(CachedMethod.java:93)
	at groovy.lang.MetaMethod.doMethodInvoke(MetaMethod.java:325)
	at groovy.lang.MetaClassImpl.invokeStaticMethod(MetaClassImpl.java:1469)
	at org.codehaus.groovy.runtime.callsite.StaticMetaClassSite.call(StaticMetaClassSite.java:53)
	at org.codehaus.groovy.runtime.callsite.CallSiteArray.defaultCall(CallSiteArray.java:48)
	at org.codehaus.groovy.runtime.callsite.AbstractCallSite.call(AbstractCallSite.java:113)
	at org.codehaus.groovy.runtime.callsite.AbstractCallSite.call(AbstractCallSite.java:141)
	at Script1538228039858.run(Script1538228039858.groovy:110)
	at com.kms.katalon.core.main.ScriptEngine.run(ScriptEngine.java:183)
	at com.kms.katalon.core.main.ScriptEngine.runScriptAsRawText(ScriptEngine.java:108)
	at com.kms.katalon.core.main.TestCaseExecutor.runScript(TestCaseExecutor.java:294)
	at com.kms.katalon.core.main.TestCaseExecutor.doExecute(TestCaseExecutor.java:285)
	at com.kms.katalon.core.main.TestCaseExecutor.processExecutionPhase(TestCaseExecutor.java:264)
	at com.kms.katalon.core.main.TestCaseExecutor.accessMainPhase(TestCaseExecutor.java:256)
	at com.kms.katalon.core.main.TestCaseExecutor.execute(TestCaseExecutor.java:200)
	at com.kms.katalon.core.main.TestSuiteExecutor.accessTestCaseMainPhase(TestSuiteExecutor.java:129)
	at com.kms.katalon.core.main.TestSuiteExecutor.accessTestSuiteMainPhase(TestSuiteExecutor.java:112)
	at com.kms.katalon.core.main.TestSuiteExecutor.execute(TestSuiteExecutor.java:81)
	at com.kms.katalon.core.main.TestCaseMain.startTestSuite(TestCaseMain.java:142)
	at com.kms.katalon.core.main.TestCaseMain$startTestSuite$0.call(Unknown Source)
	at org.codehaus.groovy.runtime.callsite.CallSiteArray.defaultCall(CallSiteArray.java:48)
	at org.codehaus.groovy.runtime.callsite.AbstractCallSite.call(AbstractCallSite.java:113)
	at org.codehaus.groovy.runtime.callsite.AbstractCallSite.call(AbstractCallSite.java:141)
	at TempTestSuite1538552927008.run(TempTestSuite1538552927008.groovy:36)
	at groovy.lang.GroovyShell.runScriptOrMainOrTestOrRunnable(GroovyShell.java:263)
	at groovy.lang.GroovyShell.run(GroovyShell.java:518)
	at groovy.lang.GroovyShell.run(GroovyShell.java:507)
	at groovy.ui.GroovyMain.processOnce(GroovyMain.java:653)
	at groovy.ui.GroovyMain.run(GroovyMain.java:384)
	at groovy.ui.GroovyMain.process(GroovyMain.java:370)
	at groovy.ui.GroovyMain.processArgs(GroovyMain.java:129)
	at groovy.ui.GroovyMain.main(GroovyMain.java:109)
	at sun.reflect.NativeMethodAccessorImpl.invoke0(Native Method)
	at sun.reflect.NativeMethodAccessorImpl.invoke(NativeMethodAccessorImpl.java:62)
	at sun.reflect.DelegatingMethodAccessorImpl.invoke(DelegatingMethodAccessorImpl.java:43)
	at java.lang.reflect.Method.invoke(Method.java:498)
	at org.codehaus.groovy.tools.GroovyStarter.rootLoader(GroovyStarter.java:109)
	at org.codehaus.groovy.tools.GroovyStarter.main(GroovyStarter.java:131)
)

2018-10-03 14:48:48 - [TEST_STEP][PASSED] - callTestCase: Call Test Case 'Test Cases/TOYOTA/Library_TestCase/Setup_Method_And_Variables - V1' successfully

2018-10-03 14:48:48 - [TEST_CASE][PASSED] - Test Cases/TOYOTA/Library_TestCase/Setup_Method_And_Variables - V1: Test Cases/TOYOTA/Library_TestCase/Setup_Method_And_Variables - V1

2018-10-03 14:48:48 - [TEST_STEP][PASSED] - Statement - If (!(Setup_Interval == "")): null

2018-10-03 14:48:48 - [TEST_STEP][PASSED] - Statement - If (!(Setup_WorkshopStart == "")): null

2018-10-03 14:48:48 - [TEST_STEP][PASSED] - Statement - If (!(Setup_WorkshopEnd == "")): null

2018-10-03 14:48:48 - [TEST_STEP][PASSED] - Statement - If (!(Setup_Dealer_Code == "")): null

2018-10-03 14:48:48 - [TEST_STEP][PASSED] - Statement - If (!(Setup_Location_Code == "")): null

2018-10-03 14:48:48 - [TEST_STEP][PASSED] - Statement - If (!(Setup_VIN == "")): null

2018-10-03 14:48:48 - [TEST_STEP][PASSED] - Statement - If (!(Setup_REGNumber == "")): null

2018-10-03 14:48:48 - [TEST_STEP][PASSED] - Statement - If (!(Setup_FirstName == "")): null

2018-10-03 14:48:48 - [TEST_STEP][PASSED] - Statement - If (!(Setup_LastName == "")): null

2018-10-03 14:48:48 - [TEST_STEP][PASSED] - Statement - If (!(Setup_TotalPrice == "")): null

2018-10-03 14:48:48 - [TEST_STEP][PASSED] - Statement - If (!(Setup_TotalDuration == "")): null

2018-10-03 14:48:48 - [TEST_STEP][PASSED] - Statement - If (!(Setup_StartDropDate == "")): null

2018-10-03 14:48:48 - [TEST_STEP][PASSED] - Statement - If (!(Setup_EndDropDate == "")): null

2018-10-03 14:48:48 - [TEST_STEP][PASSED] - Statement - If (!(Setup_StartSearchDate == "")): null

2018-10-03 14:48:48 - [TEST_STEP][PASSED] - Statement - If (!(Setup_EndSearchDate == "")): null

2018-10-03 14:48:48 - [TEST_STEP][PASSED] - Statement - If (!(Setup_Duration == "")): null

2018-10-03 14:48:48 - [TEST_STEP][PASSED] - Statement - If (!(Setup_ServiceDate == "")): null

2018-10-03 14:48:48 - [TEST_STEP][PASSED] - Statement - If (!(Setup_StartDropDate == "")): null

2018-10-03 14:48:48 - [TEST_STEP][PASSED] - Statement - If (!(Setup_EndDropDate == "")): null

2018-10-03 14:48:48 - [TEST_STEP][PASSED] - Statement - If (!(Setup_StartSearchDate == "")): null

2018-10-03 14:48:48 - [TEST_STEP][PASSED] - Statement - If (!(Setup_EndSearchDate == "")): null

2018-10-03 14:48:48 - [TEST_STEP][PASSED] - Statement - If (!(Setup_BookingId == "")): null

2018-10-03 14:48:48 - [TEST_STEP][PASSED] - Statement - If (!(Setup_ServiceType == "")): null

2018-10-03 14:48:48 - [TEST_STEP][PASSED] - Statement - If (!(Setup_DropOffTime == "")): null

2018-10-03 14:48:48 - [TEST_STEP][PASSED] - Statement - If (!(Setup_PickUpTime == "")): null

2018-10-03 14:48:48 - [TEST_STEP][PASSED] - Statement - SetDate = { java.util.Date current_time, int number_month, int number_day, int number_hour, java.lang.String format_date -> ... }: null

2018-10-03 14:48:48 - [TEST_STEP][PASSED] - Statement - RandomNumber = { int number -> ... }: null

2018-10-03 14:48:48 - [TEST_STEP][PASSED] - Statement - today = new java.util.Date(): null

2018-10-03 14:48:48 - [TEST_STEP][PASSED] - Statement - current_date = today.format("YYYY-MM-dd"): null

2018-10-03 14:48:48 - [TEST_STEP][PASSED] - Statement - Glb_Current_Date = current_date: null

2018-10-03 14:48:48 - [TEST_STEP][PASSED] - Statement - Glb_Current_Hour = SetDate.call(today, 0, 0, 3, "HH:mm"): null

2018-10-03 14:48:48 - [TEST_STEP][PASSED] - Statement - If (Glb_ServiceDate.toString().toLowerCase() == "cr"): null

2018-10-03 14:48:48 - [TEST_STEP][PASSED] - Statement - If (Glb_StartDate.toString().toLowerCase() == "cr"): null

2018-10-03 14:48:48 - [TEST_STEP][PASSED] - Statement - If (Glb_EndDate.toString().toLowerCase() == "cr"): null

2018-10-03 14:48:48 - [TEST_STEP][PASSED] - Statement - If (Glb_StartSearchDate.toString().toLowerCase() == "cr"): null

2018-10-03 14:48:48 - [TEST_STEP][PASSED] - Statement - If (Glb_EndSearchDate.toString().toLowerCase() == "cr"): null

2018-10-03 14:48:48 - [TEST_STEP][PASSED] - Statement - Glb_ContactId = "1901" + RandomNumber.call(999999): null

2018-10-03 14:48:48 - [MESSAGE][PASSED] - Call Test Case 'Test Cases/TOYOTA/Library_TestCase/Setup_Method_And_Variables - V1' successfully

2018-10-03 14:48:48 - [TEST_STEP][PASSED] - Statement - If (var_Status_OpCode == "true"): null

2018-10-03 14:48:48 - [TEST_STEP][PASSED] - Statement - If (var_Status_GetOffTime == "true"): null

2018-10-03 14:48:48 - [TEST_STEP][PASSED] - Statement - If (var_Status_PickupTime == "true"): null

2018-10-03 14:48:48 - [TEST_STEP][PASSED] - Statement - If (var_Status_ReservedTimeslot == "true"): Call Test Case 'Test Cases/TOYOTA/Library_TestCase/Toyota_ReserveTimeslots_JSON - V1' successfully

2018-10-03 14:48:48 - [TEST_STEP][PASSED] - callTestCase: Call Test Case 'Test Cases/TOYOTA/Library_TestCase/Toyota_ReserveTimeslots_JSON - V1' successfully

2018-10-03 14:48:48 - [TEST_CASE][PASSED] - Test Cases/TOYOTA/Library_TestCase/Toyota_ReserveTimeslots_JSON - V1: Test Cases/TOYOTA/Library_TestCase/Toyota_ReserveTimeslots_JSON - V1

2018-10-03 14:48:49 - [TEST_STEP][PASSED] - Statement - ConvertString_toDate = { java.lang.String Date_Str, java.lang.String format -> ... }: null

2018-10-03 14:48:49 - [TEST_STEP][PASSED] - Statement - ConvertObjectToDate = { java.lang.Object global -> ... }: null

2018-10-03 14:48:49 - [TEST_STEP][PASSED] - Statement - ReserveTimeslot = com.kms.katalon.core.testobject.ObjectRepository.findTestObject(Toyota/ReserveTimeslots_JSON, [Service_Date:internal.GlobalVariable.Glb_ServiceDate, Duration:internal.GlobalVariable.Glb_Duration_Time, Drop_Off_Time:internal.GlobalVariable.Glb_DropOffTime, ... ]): Finding Test Object with id 'Object Repository/Toyota/ReserveTimeslots_JSON'

2018-10-03 14:48:49 - [TEST_STEP][PASSED] - Statement - ReserveTimeslot.getHttpHeaderProperties().add(new com.kms.katalon.core.testobject.TestObjectProperty(Authorization, com.kms.katalon.core.testobject.ConditionType.EQUALS, (Basic  + internal.GlobalVariable.Glb_Authorization_Token))): null

2018-10-03 14:48:49 - [TEST_STEP][PASSED] - Statement - res_ReserveTimeslot = com.kms.katalon.core.webservice.keyword.WSBuiltInKeywords.sendRequest(ReserveTimeslot): Send request successfully

2018-10-03 14:48:49 - [MESSAGE][PASSED] - Send request successfully

2018-10-03 14:48:49 - [TEST_STEP][PASSED] - Statement - Duration = Glb_Duration_Time: null

2018-10-03 14:48:49 - [TEST_STEP][PASSED] - Statement - Service_Date = java.util.Date.parse("yyyy-MM-dd", Glb_ServiceDate): null

2018-10-03 14:48:49 - [TEST_STEP][PASSED] - Statement - println(Glb_ServiceDate): null

2018-10-03 14:48:49 - [TEST_STEP][PASSED] - Statement - println(Service_Date): null

2018-10-03 14:48:49 - [TEST_STEP][PASSED] - Statement - current = java.util.Date.parse("yyyy-MM-dd", Glb_Current_Date): null

2018-10-03 14:48:49 - [TEST_STEP][PASSED] - Statement - current_hour = ConvertObjectToDate.call(Glb_Current_Hour): null

2018-10-03 14:48:49 - [TEST_STEP][PASSED] - Statement - DropOffTime = ConvertObjectToDate.call(Glb_DropOffTime): null

2018-10-03 14:48:49 - [TEST_STEP][PASSED] - Statement - PickUpTime = ConvertObjectToDate.call(Glb_PickUpTime): null

2018-10-03 14:48:49 - [TEST_STEP][PASSED] - Statement - Start_WS_Hr_Obj = "0" + Glb_WorkshopStart + ":00": null

2018-10-03 14:48:49 - [TEST_STEP][PASSED] - Statement - Start_WS_Hr = ConvertObjectToDate.call(Start_WS_Hr_Obj): null

2018-10-03 14:48:49 - [TEST_STEP][PASSED] - Statement - End_WS_Hr_Obj = Glb_WorkshopEnd + ":00": null

2018-10-03 14:48:49 - [TEST_STEP][PASSED] - Statement - End_WS_Hr = ConvertObjectToDate.call(End_WS_Hr_Obj): null

2018-10-03 14:48:49 - [TEST_STEP][PASSED] - Statement - duration_hours = <not implemented yet for class: org.codehaus.groovy.ast.expr.EmptyExpression>: null

2018-10-03 14:48:49 - [TEST_STEP][PASSED] - Statement - use(groovy.time.TimeCategory, { -> ... }): null

2018-10-03 14:48:49 - [TEST_STEP][PASSED] - Statement - If (!(Glb_Dealer_Code == "765A")): null

2018-10-03 14:48:49 - [TEST_STEP][PASSED] - Statement - Else If (Duration <= 0): null

2018-10-03 14:48:49 - [TEST_STEP][PASSED] - Statement - Else If (!(Glb_ServiceBay_Type == "PERIODIC" || Glb_ServiceBay_Type == "EXPRESS" || Glb_ServiceBay_Type == "REPAIR" || Glb_ServiceBay_Type == "DIAGNOSTIC")): null

2018-10-03 14:48:49 - [TEST_STEP][PASSED] - Statement - Else If (Glb_Location_Code == "2" || Glb_Location_Code == "3" || Glb_Location_Code == "5"): null

2018-10-03 14:48:49 - [TEST_STEP][PASSED] - Statement - Else If (!(Glb_Location_Code == "1" || Glb_Location_Code == "4" || Glb_Location_Code == "360")): null

2018-10-03 14:48:49 - [TEST_STEP][PASSED] - Statement - Else If (Service_Date.before(current)): null

2018-10-03 14:48:49 - [TEST_STEP][PASSED] - Statement - Else If (Duration >= 10): null

2018-10-03 14:48:49 - [TEST_STEP][PASSED] - Statement - Else If (Service_Date.format("E") == "Sat" || Service_Date.format("E") == "Sun"): null

2018-10-03 14:48:49 - [TEST_STEP][PASSED] - Statement - Else If (DropOffTime.before(Start_WS_Hr) || DropOffTime.after(End_WS_Hr) || duration_hours < Duration): null

2018-10-03 14:48:49 - [TEST_STEP][PASSED] - Statement - Else: null

2018-10-03 14:48:49 - [TEST_STEP][PASSED] - Statement - VerifyResponse(res_ReserveTimeslot, 200, ""): null

2018-10-03 14:48:49 - [TEST_STEP][PASSED] - verifyResponseStatusCode: Verify response status code successfully

2018-10-03 14:48:49 - [MESSAGE][PASSED] - Verify response status code successfully

2018-10-03 14:48:49 - [TEST_STEP][PASSED] - Statement - res_Text = new groovy.json.JsonSlurper().parseText(response.getResponseText()): null

2018-10-03 14:48:49 - [TEST_STEP][PASSED] - Statement - If (!(ExpectedMessage == "")): Call Test Case 'Test Cases/TOYOTA/Library_TestCase/Toyota_GetDropOffTimes_JSON - V3' successfully

2018-10-03 14:48:49 - [TEST_STEP][PASSED] - verifyElementPropertyValue: Verify element property value successfully

2018-10-03 14:48:49 - [MESSAGE][PASSED] - Verify element property value successfully

2018-10-03 14:48:49 - [TEST_STEP][PASSED] - verifyElementPropertyValue: Verify element property value successfully

2018-10-03 14:48:49 - [MESSAGE][PASSED] - Verify element property value successfully

2018-10-03 14:48:49 - [TEST_STEP][PASSED] - Statement - res_Text = new groovy.json.JsonSlurper().parseText(res_ReserveTimeslot.getResponseText()): null

2018-10-03 14:48:49 - [TEST_STEP][PASSED] - Statement - Glb_Reserve_Token = XReserveToken: null

2018-10-03 14:48:49 - [TEST_STEP][PASSED] - Statement - println(Glb_Reserve_Token): null

2018-10-03 14:48:49 - [TEST_STEP][PASSED] - callTestCase: Call Test Case 'Test Cases/TOYOTA/Library_TestCase/Toyota_GetDropOffTimes_JSON - V3' successfully

2018-10-03 14:48:49 - [TEST_CASE][PASSED] - Test Cases/TOYOTA/Library_TestCase/Toyota_GetDropOffTimes_JSON - V3: Test Cases/TOYOTA/Library_TestCase/Toyota_GetDropOffTimes_JSON - V3

2018-10-03 14:48:49 - [TEST_STEP][PASSED] - Statement - current_hour = java.util.Date.parse("HH:mm", Glb_Current_Hour): null

2018-10-03 14:48:49 - [TEST_STEP][PASSED] - Statement - current = java.util.Date.parse("yyyy-MM-dd", Glb_Current_Date): null

2018-10-03 14:48:49 - [TEST_STEP][PASSED] - Statement - Start_Date_Str = java.util.Date.parse("yyyy-MM-dd", Glb_StartDate): null

2018-10-03 14:48:49 - [TEST_STEP][PASSED] - Statement - Start_Date = Start_Date_Str.format("yyyy-MM-dd"): null

2018-10-03 14:48:49 - [TEST_STEP][PASSED] - Statement - End_Date_Str = java.util.Date.parse("yyyy-MM-dd", Glb_EndDate): null

2018-10-03 14:48:49 - [TEST_STEP][PASSED] - Statement - Start = Glb_WorkshopStart: null

2018-10-03 14:48:49 - [TEST_STEP][PASSED] - Statement - End = Glb_WorkshopEnd: null

2018-10-03 14:48:49 - [TEST_STEP][PASSED] - Statement - Interval = Glb_Interval: null

2018-10-03 14:48:49 - [TEST_STEP][PASSED] - Statement - Duration = Glb_Duration_Time: null

2018-10-03 14:48:49 - [TEST_STEP][PASSED] - Statement - GetServiceOperation = com.kms.katalon.core.testobject.ObjectRepository.findTestObject(Toyota/GetDropOffTimes_JSON, [Start_Date:internal.GlobalVariable.Glb_StartDate, End_Date:internal.GlobalVariable.Glb_EndDate, ServiceBay_Type:internal.GlobalVariable.Glb_ServiceBay_Type, ... ]): Finding Test Object with id 'Object Repository/Toyota/GetDropOffTimes_JSON'

2018-10-03 14:48:49 - [TEST_STEP][PASSED] - Statement - GetServiceOperation.getHttpHeaderProperties().add(new com.kms.katalon.core.testobject.TestObjectProperty(Authorization, com.kms.katalon.core.testobject.ConditionType.EQUALS, (Basic  + internal.GlobalVariable.Glb_Authorization_Token))): null

2018-10-03 14:48:49 - [TEST_STEP][PASSED] - Statement - res_GetServiceOperation = com.kms.katalon.core.webservice.keyword.WSBuiltInKeywords.sendRequest(GetServiceOperation): Send request successfully

2018-10-03 14:48:49 - [MESSAGE][PASSED] - Send request successfully

2018-10-03 14:48:49 - [TEST_STEP][PASSED] - Statement - If (!(Glb_Dealer_Code == "765A")): null

2018-10-03 14:48:49 - [TEST_STEP][PASSED] - verifyResponseStatusCode: Verify response status code successfully

2018-10-03 14:48:49 - [MESSAGE][PASSED] - Verify response status code successfully

2018-10-03 14:48:49 - [TEST_STEP][PASSED] - Statement - res_Text = new groovy.json.JsonSlurper().parseText(response.getResponseText()): null

2018-10-03 14:48:49 - [TEST_STEP][PASSED] - Statement - If (!(ExpectedMessage == "")): null

2018-10-03 14:48:50 - [MESSAGE][PASSED] - Call Test Case 'Test Cases/TOYOTA/Library_TestCase/Toyota_GetDropOffTimes_JSON - V3' successfully

2018-10-03 14:48:50 - [MESSAGE][PASSED] - Call Test Case 'Test Cases/TOYOTA/Library_TestCase/Toyota_ReserveTimeslots_JSON - V1' successfully

2018-10-03 14:48:50 - [TEST_STEP][PASSED] - Statement - If (var_Status_GetTransport == "true"): null

2018-10-03 14:48:50 - [TEST_STEP][PASSED] - Statement - If (var_Status_MakeBooking == "true"): Call Test Case 'Test Cases/TOYOTA/Library_TestCase/Toyota_MakeServiceBooking_JSON - V1' successfully

2018-10-03 14:48:50 - [TEST_STEP][PASSED] - callTestCase: Call Test Case 'Test Cases/TOYOTA/Library_TestCase/Toyota_MakeServiceBooking_JSON - V1' successfully

2018-10-03 14:48:50 - [TEST_CASE][PASSED] - Test Cases/TOYOTA/Library_TestCase/Toyota_MakeServiceBooking_JSON - V1: Test Cases/TOYOTA/Library_TestCase/Toyota_MakeServiceBooking_JSON - V1

2018-10-03 14:48:50 - [TEST_STEP][PASSED] - Statement - ConvertString_toDate = { java.lang.String Date_Str, java.lang.String format -> ... }: null

2018-10-03 14:48:50 - [TEST_STEP][PASSED] - Statement - ConvertObjectToDate = { java.lang.Object global -> ... }: null

2018-10-03 14:48:50 - [TEST_STEP][PASSED] - Statement - DMSOperationCode = <not implemented yet for class: org.codehaus.groovy.ast.expr.EmptyExpression>: null

2018-10-03 14:48:50 - [TEST_STEP][PASSED] - Statement - If (Glb_ServiceType == "OSB_SERVICE_TYPE_LOGBOOK"): null

2018-10-03 14:48:50 - [TEST_STEP][PASSED] - Statement - Else: null

2018-10-03 14:48:50 - [TEST_STEP][PASSED] - Statement - DMSOperationCode = "OSB_SERVICE_TYPE_ADDITIONAL": null

2018-10-03 14:48:50 - [TEST_STEP][PASSED] - Statement - MakeServiceBooking = com.kms.katalon.core.testobject.ObjectRepository.findTestObject(Toyota/MakeServiceBooking_JSON, [VIN:internal.GlobalVariable.Glb_VIN, REGNumber:internal.GlobalVariable.Glb_REGNumber, Service_Date:internal.GlobalVariable.Glb_ServiceDate, ... ]): Finding Test Object with id 'Object Repository/Toyota/MakeServiceBooking_JSON'

2018-10-03 14:48:50 - [TEST_STEP][PASSED] - Statement - MakeServiceBooking.getHttpHeaderProperties().add(new com.kms.katalon.core.testobject.TestObjectProperty(Authorization, com.kms.katalon.core.testobject.ConditionType.EQUALS, (Basic  + internal.GlobalVariable.Glb_Authorization_Token))): null

2018-10-03 14:48:50 - [TEST_STEP][PASSED] - Statement - res_MakeServiceBooking = com.kms.katalon.core.webservice.keyword.WSBuiltInKeywords.sendRequest(MakeServiceBooking): Send request successfully

2018-10-03 14:48:50 - [MESSAGE][PASSED] - Send request successfully

2018-10-03 14:48:50 - [TEST_STEP][PASSED] - Statement - TotalDuration = Glb_TotalDuration: null

2018-10-03 14:48:50 - [TEST_STEP][PASSED] - Statement - Service_Date = java.util.Date.parse("yyyy-MM-dd", Glb_ServiceDate): null

2018-10-03 14:48:50 - [TEST_STEP][PASSED] - Statement - current = java.util.Date.parse("yyyy-MM-dd", Glb_Current_Date): null

2018-10-03 14:48:50 - [TEST_STEP][PASSED] - Statement - DropOffTime = ConvertObjectToDate.call(Glb_DropOffTime): null

2018-10-03 14:48:50 - [TEST_STEP][PASSED] - Statement - PickUpTime = ConvertObjectToDate.call(Glb_PickUpTime): null

2018-10-03 14:48:50 - [TEST_STEP][PASSED] - Statement - Start_WS_Hr_Obj = "0" + Glb_WorkshopStart + ":00": null

2018-10-03 14:48:50 - [TEST_STEP][PASSED] - Statement - Start_WS_Hr = ConvertObjectToDate.call(Start_WS_Hr_Obj): null

2018-10-03 14:48:50 - [TEST_STEP][PASSED] - Statement - End_WS_Hr_Obj = Glb_WorkshopEnd + ":00": null

2018-10-03 14:48:50 - [TEST_STEP][PASSED] - Statement - End_WS_Hr = ConvertObjectToDate.call(End_WS_Hr_Obj): null

2018-10-03 14:48:50 - [TEST_STEP][PASSED] - Statement - duration_hours = <not implemented yet for class: org.codehaus.groovy.ast.expr.EmptyExpression>: null

2018-10-03 14:48:50 - [TEST_STEP][PASSED] - Statement - use(groovy.time.TimeCategory, { -> ... }): null

2018-10-03 14:48:50 - [TEST_STEP][PASSED] - Statement - println(Glb_BookingStatus): null

2018-10-03 14:48:50 - [TEST_STEP][PASSED] - Statement - If (!(Glb_Dealer_Code == "765A")): null

2018-10-03 14:48:50 - [TEST_STEP][PASSED] - Statement - Else If (DropOffTime.after(PickUpTime)): null

2018-10-03 14:48:50 - [TEST_STEP][PASSED] - Statement - Else If (!(Glb_TotalDuration == "1")): null

2018-10-03 14:48:50 - [TEST_STEP][PASSED] - Statement - Else If (!(Glb_TotalPrice == "110")): null

2018-10-03 14:48:50 - [TEST_STEP][PASSED] - Statement - Else If (duration_hours < TotalDuration): null

2018-10-03 14:48:50 - [TEST_STEP][PASSED] - Statement - Else If (Glb_Location_Code == "2" || Glb_Location_Code == "3" || Glb_Location_Code == "5"): null

2018-10-03 14:48:50 - [TEST_STEP][PASSED] - Statement - Else If (!(Glb_Location_Code == "1" || Glb_Location_Code == "4" || Glb_Location_Code == "360")): null

2018-10-03 14:48:50 - [TEST_STEP][PASSED] - Statement - Else If (Service_Date.before(current)): null

2018-10-03 14:48:50 - [TEST_STEP][PASSED] - Statement - Else If (DropOffTime.before(Start_WS_Hr) || Glb_BookingStatus == "current"): null

2018-10-03 14:48:50 - [TEST_STEP][PASSED] - Statement - Else If (PickUpTime.after(End_WS_Hr)): null

2018-10-03 14:48:50 - [TEST_STEP][PASSED] - Statement - Else If (!(Service_Date.format("E") == "Sat" || Service_Date.format("E") == "Sun")): null

2018-10-03 14:48:50 - [TEST_STEP][PASSED] - Statement - VerifyResponse(res_MakeServiceBooking, 200, ""): null

2018-10-03 14:48:50 - [TEST_STEP][PASSED] - verifyResponseStatusCode: Verify response status code successfully

2018-10-03 14:48:50 - [MESSAGE][PASSED] - Verify response status code successfully

2018-10-03 14:48:50 - [TEST_STEP][PASSED] - Statement - res_Text = new groovy.json.JsonSlurper().parseText(response.getResponseText()): null

2018-10-03 14:48:50 - [TEST_STEP][PASSED] - Statement - If (!(ExpectedMessage == "")): null

2018-10-03 14:48:50 - [TEST_STEP][PASSED] - Statement - Glb_BookingStatus = "current": null

2018-10-03 14:48:50 - [TEST_STEP][PASSED] - Statement - res_Text = new groovy.json.JsonSlurper().parseText(res_MakeServiceBooking.getResponseText()): null

2018-10-03 14:48:50 - [TEST_STEP][PASSED] - Statement - Glb_Booking_ID = BookingID: null

2018-10-03 14:48:50 - [TEST_STEP][PASSED] - Statement - println(Glb_Booking_ID): null

2018-10-03 14:48:50 - [MESSAGE][PASSED] - Call Test Case 'Test Cases/TOYOTA/Library_TestCase/Toyota_MakeServiceBooking_JSON - V1' successfully

2018-10-03 14:48:50 - [TEST_STEP][PASSED] - callTestCase: Call Test Case 'Test Cases/TOYOTA/Library_TestCase/Toyota_MakeServiceBooking_JSON - V1' successfully

2018-10-03 14:48:50 - [TEST_CASE][PASSED] - Test Cases/TOYOTA/Library_TestCase/Toyota_MakeServiceBooking_JSON - V1: Test Cases/TOYOTA/Library_TestCase/Toyota_MakeServiceBooking_JSON - V1

2018-10-03 14:48:50 - [TEST_STEP][PASSED] - Statement - ConvertString_toDate = { java.lang.String Date_Str, java.lang.String format -> ... }: null

2018-10-03 14:48:50 - [TEST_STEP][PASSED] - Statement - ConvertObjectToDate = { java.lang.Object global -> ... }: null

2018-10-03 14:48:50 - [TEST_STEP][PASSED] - Statement - DMSOperationCode = <not implemented yet for class: org.codehaus.groovy.ast.expr.EmptyExpression>: null

2018-10-03 14:48:50 - [TEST_STEP][PASSED] - Statement - If (Glb_ServiceType == "OSB_SERVICE_TYPE_LOGBOOK"): null

2018-10-03 14:48:50 - [TEST_STEP][PASSED] - Statement - Else: null

2018-10-03 14:48:50 - [TEST_STEP][PASSED] - Statement - DMSOperationCode = "OSB_SERVICE_TYPE_ADDITIONAL": null

2018-10-03 14:48:50 - [TEST_STEP][PASSED] - Statement - MakeServiceBooking = com.kms.katalon.core.testobject.ObjectRepository.findTestObject(Toyota/MakeServiceBooking_JSON, [VIN:internal.GlobalVariable.Glb_VIN, REGNumber:internal.GlobalVariable.Glb_REGNumber, Service_Date:internal.GlobalVariable.Glb_ServiceDate, ... ]): Finding Test Object with id 'Object Repository/Toyota/MakeServiceBooking_JSON'

2018-10-03 14:48:50 - [TEST_STEP][PASSED] - Statement - MakeServiceBooking.getHttpHeaderProperties().add(new com.kms.katalon.core.testobject.TestObjectProperty(Authorization, com.kms.katalon.core.testobject.ConditionType.EQUALS, (Basic  + internal.GlobalVariable.Glb_Authorization_Token))): null

2018-10-03 14:48:50 - [TEST_STEP][PASSED] - Statement - res_MakeServiceBooking = com.kms.katalon.core.webservice.keyword.WSBuiltInKeywords.sendRequest(MakeServiceBooking): Send request successfully

2018-10-03 14:48:50 - [MESSAGE][PASSED] - Send request successfully

2018-10-03 14:48:50 - [TEST_STEP][PASSED] - Statement - TotalDuration = Glb_TotalDuration: null

2018-10-03 14:48:50 - [TEST_STEP][PASSED] - Statement - Service_Date = java.util.Date.parse("yyyy-MM-dd", Glb_ServiceDate): null

2018-10-03 14:48:50 - [TEST_STEP][PASSED] - Statement - current = java.util.Date.parse("yyyy-MM-dd", Glb_Current_Date): null

2018-10-03 14:48:50 - [TEST_STEP][PASSED] - Statement - DropOffTime = ConvertObjectToDate.call(Glb_DropOffTime): null

2018-10-03 14:48:50 - [TEST_STEP][PASSED] - Statement - PickUpTime = ConvertObjectToDate.call(Glb_PickUpTime): null

2018-10-03 14:48:50 - [TEST_STEP][PASSED] - Statement - Start_WS_Hr_Obj = "0" + Glb_WorkshopStart + ":00": null

2018-10-03 14:48:50 - [TEST_STEP][PASSED] - Statement - Start_WS_Hr = ConvertObjectToDate.call(Start_WS_Hr_Obj): null

2018-10-03 14:48:50 - [TEST_STEP][PASSED] - Statement - End_WS_Hr_Obj = Glb_WorkshopEnd + ":00": null

2018-10-03 14:48:50 - [TEST_STEP][PASSED] - Statement - End_WS_Hr = ConvertObjectToDate.call(End_WS_Hr_Obj): null

2018-10-03 14:48:50 - [TEST_STEP][PASSED] - Statement - duration_hours = <not implemented yet for class: org.codehaus.groovy.ast.expr.EmptyExpression>: null

2018-10-03 14:48:50 - [TEST_STEP][PASSED] - Statement - use(groovy.time.TimeCategory, { -> ... }): null

2018-10-03 14:48:50 - [TEST_STEP][PASSED] - Statement - println(Glb_BookingStatus): null

2018-10-03 14:48:50 - [TEST_STEP][PASSED] - Statement - If (!(Glb_Dealer_Code == "765A")): null

2018-10-03 14:48:50 - [TEST_STEP][PASSED] - verifyResponseStatusCode: Verify response status code successfully

2018-10-03 14:48:50 - [MESSAGE][PASSED] - Verify response status code successfully

2018-10-03 14:48:50 - [TEST_STEP][PASSED] - Statement - res_Text = new groovy.json.JsonSlurper().parseText(response.getResponseText()): null

2018-10-03 14:48:50 - [TEST_STEP][PASSED] - Statement - If (!(ExpectedMessage == "")): null

2018-10-03 14:48:50 - [MESSAGE][PASSED] - Call Test Case 'Test Cases/TOYOTA/Library_TestCase/Toyota_MakeServiceBooking_JSON - V1' successfully

2018-10-03 14:48:50 - [TEST_STEP][PASSED] - Statement - If (var_Status_SearchBooking == "true"): null

2018-10-03 14:48:50 - [TEST_STEP][PASSED] - Statement - If (var_Status_GetBookingDetail == "true"): null

2018-10-03 14:48:50 - [TEST_STEP][PASSED] - Statement - If (var_Status_ChangeBooking == "true"): null

2018-10-03 14:48:50 - [TEST_STEP][FAILED] - Statement - If (var_Status_CancelBooking == "true"): Unable to call Test Case with id 'Test Cases/TOYOTA/Library_TestCase/Toyota_CancelBooking_JSON - V1' (Root cause: Call Test Case 'Test Cases/TOYOTA/Library_TestCase/Toyota_CancelBooking_JSON - V1' failed)

2018-10-03 14:48:50 - [TEST_STEP][PASSED] - callTestCase: Call Test Case 'Test Cases/TOYOTA/Library_TestCase/Toyota_CancelBooking_JSON - V1' successfully

2018-10-03 14:48:50 - [TEST_CASE][PASSED] - Test Cases/TOYOTA/Library_TestCase/Toyota_CancelBooking_JSON - V1: Test Cases/TOYOTA/Library_TestCase/Toyota_CancelBooking_JSON - V1

2018-10-03 14:48:51 - [TEST_STEP][PASSED] - Statement - CancelBooking = com.kms.katalon.core.testobject.ObjectRepository.findTestObject(Toyota/CancelBooking_JSON, [Dealer_Code:internal.GlobalVariable.Glb_Dealer_Code, Location_Code:internal.GlobalVariable.Glb_Location_Code, BookingID:internal.GlobalVariable.Glb_Booking_ID]): Finding Test Object with id 'Object Repository/Toyota/CancelBooking_JSON'

2018-10-03 14:48:51 - [TEST_STEP][PASSED] - Statement - CancelBooking.getHttpHeaderProperties().add(new com.kms.katalon.core.testobject.TestObjectProperty(Authorization, com.kms.katalon.core.testobject.ConditionType.EQUALS, (Basic  + internal.GlobalVariable.Glb_Authorization_Token))): null

2018-10-03 14:48:51 - [TEST_STEP][PASSED] - Statement - res_CancelBooking = com.kms.katalon.core.webservice.keyword.WSBuiltInKeywords.sendRequest(CancelBooking): Send request successfully

2018-10-03 14:48:51 - [MESSAGE][PASSED] - Send request successfully

2018-10-03 14:48:51 - [TEST_STEP][PASSED] - Statement - If (!(Glb_Dealer_Code == "765A")): null

2018-10-03 14:48:51 - [TEST_STEP][PASSED] - Statement - Else If (Glb_Location_Code == "2" || Glb_Location_Code == "3" || Glb_Location_Code == "5"): null

2018-10-03 14:48:51 - [TEST_STEP][PASSED] - Statement - Else If (!(Glb_Location_Code == "1" || Glb_Location_Code == "4" || Glb_Location_Code == "360")): null

2018-10-03 14:48:51 - [TEST_STEP][PASSED] - Statement - Else If (Glb_Booking_ID == "1901" || Glb_BookingStatus == "cancel" || Glb_Booking_ID == "wrong"): null

2018-10-03 14:48:51 - [TEST_STEP][PASSED] - Statement - Else: Call Test Case 'Test Cases/TOYOTA/Library_TestCase/Toyota_GetDropOffTimes_JSON - V3' successfully

2018-10-03 14:48:51 - [TEST_STEP][PASSED] - verifyResponseStatusCode: Verify response status code successfully

2018-10-03 14:48:51 - [MESSAGE][PASSED] - Verify response status code successfully

2018-10-03 14:48:51 - [TEST_STEP][PASSED] - Statement - Glb_BookingStatus = "cancel": null

2018-10-03 14:48:51 - [TEST_STEP][PASSED] - Statement - println(Glb_BookingStatus): null

2018-10-03 14:48:51 - [TEST_STEP][PASSED] - Statement - Glb_StartDate = Glb_ServiceDate: null

2018-10-03 14:48:51 - [TEST_STEP][PASSED] - Statement - Glb_EndDate = Glb_ServiceDate: null

2018-10-03 14:48:51 - [TEST_STEP][PASSED] - callTestCase: Call Test Case 'Test Cases/TOYOTA/Library_TestCase/Toyota_GetDropOffTimes_JSON - V3' successfully

2018-10-03 14:48:51 - [TEST_CASE][PASSED] - Test Cases/TOYOTA/Library_TestCase/Toyota_GetDropOffTimes_JSON - V3: Test Cases/TOYOTA/Library_TestCase/Toyota_GetDropOffTimes_JSON - V3

2018-10-03 14:48:51 - [TEST_STEP][PASSED] - Statement - current_hour = java.util.Date.parse("HH:mm", Glb_Current_Hour): null

2018-10-03 14:48:51 - [TEST_STEP][PASSED] - Statement - current = java.util.Date.parse("yyyy-MM-dd", Glb_Current_Date): null

2018-10-03 14:48:51 - [TEST_STEP][PASSED] - Statement - Start_Date_Str = java.util.Date.parse("yyyy-MM-dd", Glb_StartDate): null

2018-10-03 14:48:51 - [TEST_STEP][PASSED] - Statement - Start_Date = Start_Date_Str.format("yyyy-MM-dd"): null

2018-10-03 14:48:51 - [TEST_STEP][PASSED] - Statement - End_Date_Str = java.util.Date.parse("yyyy-MM-dd", Glb_EndDate): null

2018-10-03 14:48:51 - [TEST_STEP][PASSED] - Statement - Start = Glb_WorkshopStart: null

2018-10-03 14:48:51 - [TEST_STEP][PASSED] - Statement - End = Glb_WorkshopEnd: null

2018-10-03 14:48:51 - [TEST_STEP][PASSED] - Statement - Interval = Glb_Interval: null

2018-10-03 14:48:51 - [TEST_STEP][PASSED] - Statement - Duration = Glb_Duration_Time: null

2018-10-03 14:48:51 - [TEST_STEP][PASSED] - Statement - GetServiceOperation = com.kms.katalon.core.testobject.ObjectRepository.findTestObject(Toyota/GetDropOffTimes_JSON, [Start_Date:internal.GlobalVariable.Glb_StartDate, End_Date:internal.GlobalVariable.Glb_EndDate, ServiceBay_Type:internal.GlobalVariable.Glb_ServiceBay_Type, ... ]): Finding Test Object with id 'Object Repository/Toyota/GetDropOffTimes_JSON'

2018-10-03 14:48:51 - [TEST_STEP][PASSED] - Statement - GetServiceOperation.getHttpHeaderProperties().add(new com.kms.katalon.core.testobject.TestObjectProperty(Authorization, com.kms.katalon.core.testobject.ConditionType.EQUALS, (Basic  + internal.GlobalVariable.Glb_Authorization_Token))): null

2018-10-03 14:48:51 - [TEST_STEP][PASSED] - Statement - res_GetServiceOperation = com.kms.katalon.core.webservice.keyword.WSBuiltInKeywords.sendRequest(GetServiceOperation): Send request successfully

2018-10-03 14:48:51 - [MESSAGE][PASSED] - Send request successfully

2018-10-03 14:48:51 - [TEST_STEP][PASSED] - Statement - If (!(Glb_Dealer_Code == "765A")): null

2018-10-03 14:48:51 - [TEST_STEP][PASSED] - Statement - Else If (Start_Date_Str.after(End_Date_Str)): null

2018-10-03 14:48:51 - [TEST_STEP][PASSED] - Statement - Else If (Duration <= 0): null

2018-10-03 14:48:51 - [TEST_STEP][PASSED] - Statement - Else If (!(Glb_ServiceBay_Type == "PERIODIC" || Glb_ServiceBay_Type == "EXPRESS" || Glb_ServiceBay_Type == "REPAIR" || Glb_ServiceBay_Type == "DIAGNOSTIC")): null

2018-10-03 14:48:51 - [TEST_STEP][PASSED] - Statement - Else If (Glb_Location_Code == "2" || Glb_Location_Code == "3" || Glb_Location_Code == "5"): null

2018-10-03 14:48:51 - [TEST_STEP][PASSED] - Statement - Else If (!(Glb_Location_Code == "1" || Glb_Location_Code == "4" || Glb_Location_Code == "360")): null

2018-10-03 14:48:51 - [TEST_STEP][PASSED] - Statement - Else If (Start_Date_Str.before(current)): null

2018-10-03 14:48:51 - [TEST_STEP][PASSED] - Statement - Else If (Duration >= 10): null

2018-10-03 14:48:51 - [TEST_STEP][PASSED] - Statement - Else: null

2018-10-03 14:48:51 - [TEST_STEP][PASSED] - Statement - VerifyResponse(res_GetServiceOperation, 200, ""): null

2018-10-03 14:48:51 - [TEST_STEP][PASSED] - verifyResponseStatusCode: Verify response status code successfully

2018-10-03 14:48:51 - [MESSAGE][PASSED] - Verify response status code successfully

2018-10-03 14:48:51 - [TEST_STEP][PASSED] - Statement - res_Text = new groovy.json.JsonSlurper().parseText(response.getResponseText()): null

2018-10-03 14:48:51 - [TEST_STEP][PASSED] - Statement - If (!(ExpectedMessage == "")): null

2018-10-03 14:48:51 - [TEST_STEP][PASSED] - Statement - duration_days = <not implemented yet for class: org.codehaus.groovy.ast.expr.EmptyExpression>: null

2018-10-03 14:48:51 - [TEST_STEP][PASSED] - Statement - use(groovy.time.TimeCategory, { -> ... }): null

2018-10-03 14:48:51 - [TEST_STEP][PASSED] - Statement - For ([i = 0, i < duration_days + 1, (i++)]): null

2018-10-03 14:48:51 - [TEST_STEP][PASSED] - Statement - If (!(Start_Date_Str.format("E") == "Sat" || Start_Date_Str.format("E") == "Sun")): null

2018-10-03 14:48:51 - [TEST_STEP][PASSED] - verifyElementPropertyValue: Verify element property value successfully

2018-10-03 14:48:51 - [MESSAGE][PASSED] - Verify element property value successfully

2018-10-03 14:48:51 - [TEST_STEP][PASSED] - Statement - IsCurrentDate = "false": null

2018-10-03 14:48:51 - [TEST_STEP][PASSED] - Statement - If (Start_Date_Str.equals(current)): null

2018-10-03 14:48:51 - [TEST_STEP][PASSED] - Statement - today = new java.util.Date(): null

2018-10-03 14:48:51 - [TEST_STEP][PASSED] - Statement - use(groovy.time.TimeCategory, { -> ... }): null

2018-10-03 14:48:51 - [TEST_STEP][PASSED] - Statement - realtime_ws = new java.util.Date(): null

2018-10-03 14:48:51 - [TEST_STEP][PASSED] - Statement - realtime_ws.set(["hourOfDay":Start, "minute":0]): null

2018-10-03 14:48:51 - [TEST_STEP][PASSED] - Statement - println(realtime_ws.format("HH:mm")): null

2018-10-03 14:48:51 - [TEST_STEP][PASSED] - Statement - time_close_ws = new java.util.Date(): null

2018-10-03 14:48:51 - [TEST_STEP][PASSED] - Statement - time_close_ws.set(["hourOfDay":End - Duration, "minute":0]): null

2018-10-03 14:48:51 - [TEST_STEP][PASSED] - Statement - times = []: null

2018-10-03 14:48:51 - [TEST_STEP][PASSED] - Statement - count = 0: null

2018-10-03 14:48:51 - [TEST_STEP][PASSED] - Statement - While (!(realtime_ws.after(time_close_ws))): null

2018-10-03 14:48:51 - [TEST_STEP][PASSED] - Statement - If (IsCurrentDate == "true"): null

2018-10-03 14:48:51 - [TEST_STEP][PASSED] - Statement - Else: null

2018-10-03 14:48:51 - [TEST_STEP][PASSED] - Statement - times[count] = realtime_ws.format("HH:mm"): null

2018-10-03 14:48:51 - [TEST_STEP][PASSED] - Statement - count = count + 1: null

2018-10-03 14:48:51 - [TEST_STEP][PASSED] - Statement - use(groovy.time.TimeCategory, { -> ... }): null

2018-10-03 14:48:51 - [TEST_STEP][PASSED] - Statement - If (IsCurrentDate == "true"): null

2018-10-03 14:48:51 - [TEST_STEP][PASSED] - Statement - Else: null

2018-10-03 14:48:51 - [TEST_STEP][PASSED] - Statement - times[count] = realtime_ws.format("HH:mm"): null

2018-10-03 14:48:51 - [TEST_STEP][PASSED] - Statement - count = count + 1: null

2018-10-03 14:48:51 - [TEST_STEP][PASSED] - Statement - use(groovy.time.TimeCategory, { -> ... }): null

2018-10-03 14:48:51 - [TEST_STEP][PASSED] - Statement - If (IsCurrentDate == "true"): null

2018-10-03 14:48:51 - [TEST_STEP][PASSED] - Statement - Else: null

2018-10-03 14:48:51 - [TEST_STEP][PASSED] - Statement - times[count] = realtime_ws.format("HH:mm"): null

2018-10-03 14:48:51 - [TEST_STEP][PASSED] - Statement - count = count + 1: null

2018-10-03 14:48:51 - [TEST_STEP][PASSED] - Statement - use(groovy.time.TimeCategory, { -> ... }): null

2018-10-03 14:48:51 - [TEST_STEP][PASSED] - Statement - If (IsCurrentDate == "true"): null

2018-10-03 14:48:51 - [TEST_STEP][PASSED] - Statement - Else: null

2018-10-03 14:48:51 - [TEST_STEP][PASSED] - Statement - times[count] = realtime_ws.format("HH:mm"): null

2018-10-03 14:48:51 - [TEST_STEP][PASSED] - Statement - count = count + 1: null

2018-10-03 14:48:51 - [TEST_STEP][PASSED] - Statement - use(groovy.time.TimeCategory, { -> ... }): null

2018-10-03 14:48:51 - [TEST_STEP][PASSED] - Statement - If (IsCurrentDate == "true"): null

2018-10-03 14:48:51 - [TEST_STEP][PASSED] - Statement - Else: null

2018-10-03 14:48:51 - [TEST_STEP][PASSED] - Statement - times[count] = realtime_ws.format("HH:mm"): null

2018-10-03 14:48:51 - [TEST_STEP][PASSED] - Statement - count = count + 1: null

2018-10-03 14:48:51 - [TEST_STEP][PASSED] - Statement - use(groovy.time.TimeCategory, { -> ... }): null

2018-10-03 14:48:51 - [TEST_STEP][PASSED] - Statement - If (IsCurrentDate == "true"): null

2018-10-03 14:48:51 - [TEST_STEP][PASSED] - Statement - Else: null

2018-10-03 14:48:51 - [TEST_STEP][PASSED] - Statement - times[count] = realtime_ws.format("HH:mm"): null

2018-10-03 14:48:51 - [TEST_STEP][PASSED] - Statement - count = count + 1: null

2018-10-03 14:48:51 - [TEST_STEP][PASSED] - Statement - use(groovy.time.TimeCategory, { -> ... }): null

2018-10-03 14:48:51 - [TEST_STEP][PASSED] - Statement - If (IsCurrentDate == "true"): null

2018-10-03 14:48:51 - [TEST_STEP][PASSED] - Statement - Else: null

2018-10-03 14:48:51 - [TEST_STEP][PASSED] - Statement - times[count] = realtime_ws.format("HH:mm"): null

2018-10-03 14:48:51 - [TEST_STEP][PASSED] - Statement - count = count + 1: null

2018-10-03 14:48:51 - [TEST_STEP][PASSED] - Statement - use(groovy.time.TimeCategory, { -> ... }): null

2018-10-03 14:48:51 - [TEST_STEP][PASSED] - Statement - If (IsCurrentDate == "true"): null

2018-10-03 14:48:51 - [TEST_STEP][PASSED] - Statement - Else: null

2018-10-03 14:48:51 - [TEST_STEP][PASSED] - Statement - times[count] = realtime_ws.format("HH:mm"): null

2018-10-03 14:48:51 - [TEST_STEP][PASSED] - Statement - count = count + 1: null

2018-10-03 14:48:51 - [TEST_STEP][PASSED] - Statement - use(groovy.time.TimeCategory, { -> ... }): null

2018-10-03 14:48:51 - [TEST_STEP][PASSED] - Statement - If (IsCurrentDate == "true"): null

2018-10-03 14:48:51 - [TEST_STEP][PASSED] - Statement - Else: null

2018-10-03 14:48:51 - [TEST_STEP][PASSED] - Statement - times[count] = realtime_ws.format("HH:mm"): null

2018-10-03 14:48:51 - [TEST_STEP][PASSED] - Statement - count = count + 1: null

2018-10-03 14:48:51 - [TEST_STEP][PASSED] - Statement - use(groovy.time.TimeCategory, { -> ... }): null

2018-10-03 14:48:51 - [TEST_STEP][PASSED] - Statement - If (IsCurrentDate == "true"): null

2018-10-03 14:48:51 - [TEST_STEP][PASSED] - Statement - Else: null

2018-10-03 14:48:51 - [TEST_STEP][PASSED] - Statement - times[count] = realtime_ws.format("HH:mm"): null

2018-10-03 14:48:51 - [TEST_STEP][PASSED] - Statement - count = count + 1: null

2018-10-03 14:48:51 - [TEST_STEP][PASSED] - Statement - use(groovy.time.TimeCategory, { -> ... }): null

2018-10-03 14:48:51 - [TEST_STEP][PASSED] - Statement - If (IsCurrentDate == "true"): null

2018-10-03 14:48:51 - [TEST_STEP][PASSED] - Statement - Else: null

2018-10-03 14:48:51 - [TEST_STEP][PASSED] - Statement - times[count] = realtime_ws.format("HH:mm"): null

2018-10-03 14:48:51 - [TEST_STEP][PASSED] - Statement - count = count + 1: null

2018-10-03 14:48:51 - [TEST_STEP][PASSED] - Statement - use(groovy.time.TimeCategory, { -> ... }): null

2018-10-03 14:48:51 - [TEST_STEP][PASSED] - Statement - If (IsCurrentDate == "true"): null

2018-10-03 14:48:51 - [TEST_STEP][PASSED] - Statement - Else: null

2018-10-03 14:48:51 - [TEST_STEP][PASSED] - Statement - times[count] = realtime_ws.format("HH:mm"): null

2018-10-03 14:48:51 - [TEST_STEP][PASSED] - Statement - count = count + 1: null

2018-10-03 14:48:51 - [TEST_STEP][PASSED] - Statement - use(groovy.time.TimeCategory, { -> ... }): null

2018-10-03 14:48:51 - [TEST_STEP][PASSED] - Statement - If (IsCurrentDate == "true"): null

2018-10-03 14:48:51 - [TEST_STEP][PASSED] - Statement - Else: null

2018-10-03 14:48:51 - [TEST_STEP][PASSED] - Statement - times[count] = realtime_ws.format("HH:mm"): null

2018-10-03 14:48:51 - [TEST_STEP][PASSED] - Statement - count = count + 1: null

2018-10-03 14:48:51 - [TEST_STEP][PASSED] - Statement - use(groovy.time.TimeCategory, { -> ... }): null

2018-10-03 14:48:51 - [TEST_STEP][PASSED] - Statement - If (IsCurrentDate == "true"): null

2018-10-03 14:48:51 - [TEST_STEP][PASSED] - Statement - Else: null

2018-10-03 14:48:51 - [TEST_STEP][PASSED] - Statement - times[count] = realtime_ws.format("HH:mm"): null

2018-10-03 14:48:51 - [TEST_STEP][PASSED] - Statement - count = count + 1: null

2018-10-03 14:48:51 - [TEST_STEP][PASSED] - Statement - use(groovy.time.TimeCategory, { -> ... }): null

2018-10-03 14:48:51 - [TEST_STEP][PASSED] - Statement - If (IsCurrentDate == "true"): null

2018-10-03 14:48:51 - [TEST_STEP][PASSED] - Statement - Else: null

2018-10-03 14:48:51 - [TEST_STEP][PASSED] - Statement - times[count] = realtime_ws.format("HH:mm"): null

2018-10-03 14:48:51 - [TEST_STEP][PASSED] - Statement - count = count + 1: null

2018-10-03 14:48:51 - [TEST_STEP][PASSED] - Statement - use(groovy.time.TimeCategory, { -> ... }): null

2018-10-03 14:48:51 - [TEST_STEP][PASSED] - Statement - If (IsCurrentDate == "true"): null

2018-10-03 14:48:51 - [TEST_STEP][PASSED] - Statement - Else: null

2018-10-03 14:48:51 - [TEST_STEP][PASSED] - Statement - times[count] = realtime_ws.format("HH:mm"): null

2018-10-03 14:48:51 - [TEST_STEP][PASSED] - Statement - count = count + 1: null

2018-10-03 14:48:51 - [TEST_STEP][PASSED] - Statement - use(groovy.time.TimeCategory, { -> ... }): null

2018-10-03 14:48:51 - [TEST_STEP][PASSED] - Statement - If (IsCurrentDate == "true"): null

2018-10-03 14:48:51 - [TEST_STEP][PASSED] - Statement - Else: null

2018-10-03 14:48:51 - [TEST_STEP][PASSED] - Statement - times[count] = realtime_ws.format("HH:mm"): null

2018-10-03 14:48:51 - [TEST_STEP][PASSED] - Statement - count = count + 1: null

2018-10-03 14:48:51 - [TEST_STEP][PASSED] - Statement - use(groovy.time.TimeCategory, { -> ... }): null

2018-10-03 14:48:51 - [TEST_STEP][PASSED] - Statement - If (IsCurrentDate == "true"): null

2018-10-03 14:48:51 - [TEST_STEP][PASSED] - Statement - Else: null

2018-10-03 14:48:51 - [TEST_STEP][PASSED] - Statement - times[count] = realtime_ws.format("HH:mm"): null

2018-10-03 14:48:51 - [TEST_STEP][PASSED] - Statement - count = count + 1: null

2018-10-03 14:48:51 - [TEST_STEP][PASSED] - Statement - use(groovy.time.TimeCategory, { -> ... }): null

2018-10-03 14:48:51 - [TEST_STEP][PASSED] - Statement - If (IsCurrentDate == "true"): null

2018-10-03 14:48:51 - [TEST_STEP][PASSED] - Statement - Else: null

2018-10-03 14:48:51 - [TEST_STEP][PASSED] - Statement - times[count] = realtime_ws.format("HH:mm"): null

2018-10-03 14:48:51 - [TEST_STEP][PASSED] - Statement - count = count + 1: null

2018-10-03 14:48:51 - [TEST_STEP][PASSED] - Statement - use(groovy.time.TimeCategory, { -> ... }): null

2018-10-03 14:48:51 - [TEST_STEP][PASSED] - Statement - If (IsCurrentDate == "true"): null

2018-10-03 14:48:51 - [TEST_STEP][PASSED] - Statement - Else: null

2018-10-03 14:48:51 - [TEST_STEP][PASSED] - Statement - times[count] = realtime_ws.format("HH:mm"): null

2018-10-03 14:48:51 - [TEST_STEP][PASSED] - Statement - count = count + 1: null

2018-10-03 14:48:51 - [TEST_STEP][PASSED] - Statement - use(groovy.time.TimeCategory, { -> ... }): null

2018-10-03 14:48:51 - [TEST_STEP][PASSED] - Statement - If (IsCurrentDate == "true"): null

2018-10-03 14:48:51 - [TEST_STEP][PASSED] - Statement - Else: null

2018-10-03 14:48:51 - [TEST_STEP][PASSED] - Statement - times[count] = realtime_ws.format("HH:mm"): null

2018-10-03 14:48:51 - [TEST_STEP][PASSED] - Statement - count = count + 1: null

2018-10-03 14:48:51 - [TEST_STEP][PASSED] - Statement - use(groovy.time.TimeCategory, { -> ... }): null

2018-10-03 14:48:51 - [TEST_STEP][PASSED] - Statement - If (IsCurrentDate == "true"): null

2018-10-03 14:48:51 - [TEST_STEP][PASSED] - Statement - Else: null

2018-10-03 14:48:51 - [TEST_STEP][PASSED] - Statement - times[count] = realtime_ws.format("HH:mm"): null

2018-10-03 14:48:51 - [TEST_STEP][PASSED] - Statement - count = count + 1: null

2018-10-03 14:48:51 - [TEST_STEP][PASSED] - Statement - use(groovy.time.TimeCategory, { -> ... }): null

2018-10-03 14:48:51 - [TEST_STEP][PASSED] - Statement - If (IsCurrentDate == "true"): null

2018-10-03 14:48:51 - [TEST_STEP][PASSED] - Statement - Else: null

2018-10-03 14:48:51 - [TEST_STEP][PASSED] - Statement - times[count] = realtime_ws.format("HH:mm"): null

2018-10-03 14:48:51 - [TEST_STEP][PASSED] - Statement - count = count + 1: null

2018-10-03 14:48:51 - [TEST_STEP][PASSED] - Statement - use(groovy.time.TimeCategory, { -> ... }): null

2018-10-03 14:48:51 - [TEST_STEP][PASSED] - Statement - If (IsCurrentDate == "true"): null

2018-10-03 14:48:51 - [TEST_STEP][PASSED] - Statement - Else: null

2018-10-03 14:48:51 - [TEST_STEP][PASSED] - Statement - times[count] = realtime_ws.format("HH:mm"): null

2018-10-03 14:48:51 - [TEST_STEP][PASSED] - Statement - count = count + 1: null

2018-10-03 14:48:51 - [TEST_STEP][PASSED] - Statement - use(groovy.time.TimeCategory, { -> ... }): null

2018-10-03 14:48:51 - [TEST_STEP][PASSED] - Statement - If (IsCurrentDate == "true"): null

2018-10-03 14:48:51 - [TEST_STEP][PASSED] - Statement - Else: null

2018-10-03 14:48:51 - [TEST_STEP][PASSED] - Statement - times[count] = realtime_ws.format("HH:mm"): null

2018-10-03 14:48:51 - [TEST_STEP][PASSED] - Statement - count = count + 1: null

2018-10-03 14:48:51 - [TEST_STEP][PASSED] - Statement - use(groovy.time.TimeCategory, { -> ... }): null

2018-10-03 14:48:51 - [TEST_STEP][PASSED] - Statement - If (IsCurrentDate == "true"): null

2018-10-03 14:48:51 - [TEST_STEP][PASSED] - Statement - Else: null

2018-10-03 14:48:51 - [TEST_STEP][PASSED] - Statement - times[count] = realtime_ws.format("HH:mm"): null

2018-10-03 14:48:51 - [TEST_STEP][PASSED] - Statement - count = count + 1: null

2018-10-03 14:48:51 - [TEST_STEP][PASSED] - Statement - use(groovy.time.TimeCategory, { -> ... }): null

2018-10-03 14:48:51 - [TEST_STEP][PASSED] - Statement - If (IsCurrentDate == "true"): null

2018-10-03 14:48:51 - [TEST_STEP][PASSED] - Statement - Else: null

2018-10-03 14:48:51 - [TEST_STEP][PASSED] - Statement - times[count] = realtime_ws.format("HH:mm"): null

2018-10-03 14:48:51 - [TEST_STEP][PASSED] - Statement - count = count + 1: null

2018-10-03 14:48:51 - [TEST_STEP][PASSED] - Statement - use(groovy.time.TimeCategory, { -> ... }): null

2018-10-03 14:48:51 - [TEST_STEP][PASSED] - Statement - If (IsCurrentDate == "true"): null

2018-10-03 14:48:51 - [TEST_STEP][PASSED] - Statement - Else: null

2018-10-03 14:48:51 - [TEST_STEP][PASSED] - Statement - times[count] = realtime_ws.format("HH:mm"): null

2018-10-03 14:48:51 - [TEST_STEP][PASSED] - Statement - count = count + 1: null

2018-10-03 14:48:51 - [TEST_STEP][PASSED] - Statement - use(groovy.time.TimeCategory, { -> ... }): null

2018-10-03 14:48:51 - [TEST_STEP][PASSED] - Statement - If (IsCurrentDate == "true"): null

2018-10-03 14:48:51 - [TEST_STEP][PASSED] - Statement - Else: null

2018-10-03 14:48:51 - [TEST_STEP][PASSED] - Statement - times[count] = realtime_ws.format("HH:mm"): null

2018-10-03 14:48:51 - [TEST_STEP][PASSED] - Statement - count = count + 1: null

2018-10-03 14:48:51 - [TEST_STEP][PASSED] - Statement - use(groovy.time.TimeCategory, { -> ... }): null

2018-10-03 14:48:51 - [TEST_STEP][PASSED] - Statement - If (IsCurrentDate == "true"): null

2018-10-03 14:48:51 - [TEST_STEP][PASSED] - Statement - Else: null

2018-10-03 14:48:51 - [TEST_STEP][PASSED] - Statement - times[count] = realtime_ws.format("HH:mm"): null

2018-10-03 14:48:51 - [TEST_STEP][PASSED] - Statement - count = count + 1: null

2018-10-03 14:48:51 - [TEST_STEP][PASSED] - Statement - use(groovy.time.TimeCategory, { -> ... }): null

2018-10-03 14:48:51 - [TEST_STEP][PASSED] - Statement - If (IsCurrentDate == "true"): null

2018-10-03 14:48:51 - [TEST_STEP][PASSED] - Statement - Else: null

2018-10-03 14:48:51 - [TEST_STEP][PASSED] - Statement - times[count] = realtime_ws.format("HH:mm"): null

2018-10-03 14:48:51 - [TEST_STEP][PASSED] - Statement - count = count + 1: null

2018-10-03 14:48:51 - [TEST_STEP][PASSED] - Statement - use(groovy.time.TimeCategory, { -> ... }): null

2018-10-03 14:48:51 - [TEST_STEP][PASSED] - Statement - If (IsCurrentDate == "true"): null

2018-10-03 14:48:51 - [TEST_STEP][PASSED] - Statement - Else: null

2018-10-03 14:48:51 - [TEST_STEP][PASSED] - Statement - times[count] = realtime_ws.format("HH:mm"): null

2018-10-03 14:48:51 - [TEST_STEP][PASSED] - Statement - count = count + 1: null

2018-10-03 14:48:51 - [TEST_STEP][PASSED] - Statement - use(groovy.time.TimeCategory, { -> ... }): null

2018-10-03 14:48:51 - [TEST_STEP][PASSED] - Statement - If (IsCurrentDate == "true"): null

2018-10-03 14:48:51 - [TEST_STEP][PASSED] - Statement - Else: null

2018-10-03 14:48:51 - [TEST_STEP][PASSED] - Statement - times[count] = realtime_ws.format("HH:mm"): null

2018-10-03 14:48:51 - [TEST_STEP][PASSED] - Statement - count = count + 1: null

2018-10-03 14:48:51 - [TEST_STEP][PASSED] - Statement - use(groovy.time.TimeCategory, { -> ... }): null

2018-10-03 14:48:51 - [TEST_STEP][PASSED] - Statement - If (!(Reserve_Timeslot == "")): null

2018-10-03 14:48:51 - [TEST_STEP][PASSED] - Statement - println(times): null

2018-10-03 14:48:51 - [TEST_STEP][PASSED] - Statement - res_Text = new groovy.json.JsonSlurper().parseText(res_GetServiceOperation.getResponseText()): null

2018-10-03 14:48:51 - [TEST_STEP][PASSED] - Statement - timeslotJSON = 0: null

2018-10-03 14:48:51 - [TEST_STEP][PASSED] - Statement - Times.each({ -> ... }): null

2018-10-03 14:48:51 - [TEST_STEP][PASSED] - Statement - assert timeslotJSON == count: null

2018-10-03 14:48:51 - [TEST_STEP][PASSED] - Statement - For ([j = 0, j < count, (j++)]): Verify element property value successfully

2018-10-03 14:48:51 - [MESSAGE][PASSED] - Verify element property value successfully

2018-10-03 14:48:51 - [MESSAGE][PASSED] - Verify element property value successfully

2018-10-03 14:48:51 - [MESSAGE][PASSED] - Verify element property value successfully

2018-10-03 14:48:51 - [MESSAGE][PASSED] - Verify element property value successfully

2018-10-03 14:48:51 - [MESSAGE][PASSED] - Verify element property value successfully

2018-10-03 14:48:51 - [MESSAGE][PASSED] - Verify element property value successfully

2018-10-03 14:48:51 - [MESSAGE][PASSED] - Verify element property value successfully

2018-10-03 14:48:51 - [MESSAGE][PASSED] - Verify element property value successfully

2018-10-03 14:48:51 - [MESSAGE][PASSED] - Verify element property value successfully

2018-10-03 14:48:51 - [MESSAGE][PASSED] - Verify element property value successfully

2018-10-03 14:48:51 - [MESSAGE][PASSED] - Verify element property value successfully

2018-10-03 14:48:51 - [MESSAGE][PASSED] - Verify element property value successfully

2018-10-03 14:48:51 - [MESSAGE][PASSED] - Verify element property value successfully

2018-10-03 14:48:51 - [MESSAGE][PASSED] - Verify element property value successfully

2018-10-03 14:48:51 - [MESSAGE][PASSED] - Verify element property value successfully

2018-10-03 14:48:51 - [MESSAGE][PASSED] - Verify element property value successfully

2018-10-03 14:48:51 - [MESSAGE][PASSED] - Verify element property value successfully

2018-10-03 14:48:51 - [MESSAGE][PASSED] - Verify element property value successfully

2018-10-03 14:48:51 - [MESSAGE][PASSED] - Verify element property value successfully

2018-10-03 14:48:51 - [MESSAGE][PASSED] - Verify element property value successfully

2018-10-03 14:48:51 - [MESSAGE][PASSED] - Verify element property value successfully

2018-10-03 14:48:51 - [MESSAGE][PASSED] - Verify element property value successfully

2018-10-03 14:48:51 - [MESSAGE][PASSED] - Verify element property value successfully

2018-10-03 14:48:51 - [MESSAGE][PASSED] - Verify element property value successfully

2018-10-03 14:48:51 - [MESSAGE][PASSED] - Verify element property value successfully

2018-10-03 14:48:51 - [MESSAGE][PASSED] - Verify element property value successfully

2018-10-03 14:48:51 - [MESSAGE][PASSED] - Verify element property value successfully

2018-10-03 14:48:51 - [MESSAGE][PASSED] - Verify element property value successfully

2018-10-03 14:48:51 - [MESSAGE][PASSED] - Verify element property value successfully

2018-10-03 14:48:51 - [MESSAGE][PASSED] - Verify element property value successfully

2018-10-03 14:48:51 - [MESSAGE][PASSED] - Verify element property value successfully

2018-10-03 14:48:51 - [MESSAGE][PASSED] - Verify element property value successfully

2018-10-03 14:48:51 - [MESSAGE][PASSED] - Verify element property value successfully

2018-10-03 14:48:51 - [TEST_STEP][PASSED] - Statement - use(groovy.time.TimeCategory, { -> ... }): null

2018-10-03 14:48:51 - [TEST_STEP][PASSED] - Statement - Start_Date = Start_Date_Str.format("yyyy-MM-dd"): null

2018-10-03 14:48:51 - [TEST_STEP][PASSED] - Statement - IsCurrentDate = "false": null

2018-10-03 14:48:51 - [MESSAGE][PASSED] - Call Test Case 'Test Cases/TOYOTA/Library_TestCase/Toyota_GetDropOffTimes_JSON - V3' successfully

2018-10-03 14:48:51 - [MESSAGE][PASSED] - Call Test Case 'Test Cases/TOYOTA/Library_TestCase/Toyota_CancelBooking_JSON - V1' successfully

2018-10-03 14:48:51 - [TEST_STEP][FAILED] - callTestCase: Unable to call Test Case with id 'Test Cases/TOYOTA/Library_TestCase/Toyota_CancelBooking_JSON - V1' (Root cause: Call Test Case 'Test Cases/TOYOTA/Library_TestCase/Toyota_CancelBooking_JSON - V1' failed)

2018-10-03 14:48:52 - [TEST_CASE][FAILED] - Test Cases/TOYOTA/Library_TestCase/Toyota_CancelBooking_JSON - V1: Test Cases/TOYOTA/Library_TestCase/Toyota_CancelBooking_JSON - V1 FAILED because (of) (Stack trace: com.kms.katalon.core.exception.StepFailedException: Unable to verify response status code (Root cause: Expected status code is '404' but actual status code is '400')
	at com.kms.katalon.core.keyword.internal.KeywordMain.stepFailed(KeywordMain.groovy:36)
	at com.kms.katalon.core.keyword.internal.KeywordMain.stepFailed(KeywordMain.groovy)
	at com.kms.katalon.core.keyword.internal.KeywordMain.runKeyword(KeywordMain.groovy:56)
	at com.kms.katalon.core.webservice.keyword.builtin.VerifyResponseStatusCodeKeyword.verifyResponseStatusCode(VerifyResponseStatusCodeKeyword.groovy:37)
	at com.kms.katalon.core.webservice.keyword.builtin.VerifyResponseStatusCodeKeyword.execute(VerifyResponseStatusCodeKeyword.groovy:32)
	at com.kms.katalon.core.keyword.internal.KeywordExecutor.executeKeywordForPlatform(KeywordExecutor.groovy:53)
	at com.kms.katalon.core.webservice.keyword.WSBuiltInKeywords.verifyResponseStatusCode(WSBuiltInKeywords.groovy:212)
	at com.kms.katalon.core.webservice.keyword.WSBuiltInKeywords$verifyResponseStatusCode$0.call(Unknown Source)
	at org.codehaus.groovy.runtime.callsite.CallSiteArray.defaultCall(CallSiteArray.java:48)
	at org.codehaus.groovy.runtime.callsite.AbstractCallSite.call(AbstractCallSite.java:113)
	at org.codehaus.groovy.runtime.callsite.AbstractCallSite.call(AbstractCallSite.java:133)
	at Script1538241040522.VerifyResponse(Script1538241040522.groovy:39)
	at Script1538241040522$VerifyResponse.callCurrent(Unknown Source)
	at org.codehaus.groovy.runtime.callsite.CallSiteArray.defaultCallCurrent(CallSiteArray.java:52)
	at org.codehaus.groovy.runtime.callsite.AbstractCallSite.callCurrent(AbstractCallSite.java:154)
	at org.codehaus.groovy.runtime.callsite.AbstractCallSite.callCurrent(AbstractCallSite.java:182)
	at Script1538241040522.run(Script1538241040522.groovy:75)
	at com.kms.katalon.core.main.ScriptEngine.run(ScriptEngine.java:183)
	at com.kms.katalon.core.main.ScriptEngine.runScriptAsRawText(ScriptEngine.java:108)
	at com.kms.katalon.core.main.TestCaseExecutor.runScript(TestCaseExecutor.java:294)
	at com.kms.katalon.core.main.TestCaseExecutor.doExecute(TestCaseExecutor.java:285)
	at com.kms.katalon.core.main.TestCaseExecutor.processExecutionPhase(TestCaseExecutor.java:264)
	at com.kms.katalon.core.main.TestCaseExecutor.accessMainPhase(TestCaseExecutor.java:256)
	at com.kms.katalon.core.main.TestCaseExecutor.execute(TestCaseExecutor.java:200)
	at com.kms.katalon.core.main.TestCaseMain.runTestCase(TestCaseMain.java:99)
	at com.kms.katalon.core.keyword.builtin.CallTestCaseKeyword$_callTestCase_closure1.doCall(CallTestCaseKeyword.groovy:60)
	at com.kms.katalon.core.keyword.builtin.CallTestCaseKeyword$_callTestCase_closure1.call(CallTestCaseKeyword.groovy)
	at com.kms.katalon.core.keyword.internal.KeywordMain.runKeyword(KeywordMain.groovy:54)
	at com.kms.katalon.core.keyword.builtin.CallTestCaseKeyword.callTestCase(CallTestCaseKeyword.groovy:81)
	at com.kms.katalon.core.keyword.builtin.CallTestCaseKeyword.execute(CallTestCaseKeyword.groovy:45)
	at com.kms.katalon.core.keyword.internal.KeywordExecutor.executeKeywordForPlatform(KeywordExecutor.groovy:53)
	at com.kms.katalon.core.keyword.BuiltinKeywords.callTestCase(BuiltinKeywords.groovy:334)
	at sun.reflect.NativeMethodAccessorImpl.invoke0(Native Method)
	at sun.reflect.NativeMethodAccessorImpl.invoke(NativeMethodAccessorImpl.java:62)
	at sun.reflect.DelegatingMethodAccessorImpl.invoke(DelegatingMethodAccessorImpl.java:43)
	at java.lang.reflect.Method.invoke(Method.java:498)
	at org.codehaus.groovy.reflection.CachedMethod.invoke(CachedMethod.java:93)
	at groovy.lang.MetaMethod.doMethodInvoke(MetaMethod.java:325)
	at groovy.lang.MetaClassImpl.invokeStaticMethod(MetaClassImpl.java:1469)
	at org.codehaus.groovy.runtime.callsite.StaticMetaClassSite.call(StaticMetaClassSite.java:53)
	at org.codehaus.groovy.runtime.callsite.CallSiteArray.defaultCall(CallSiteArray.java:48)
	at org.codehaus.groovy.runtime.callsite.AbstractCallSite.call(AbstractCallSite.java:113)
	at org.codehaus.groovy.runtime.callsite.AbstractCallSite.call(AbstractCallSite.java:141)
	at Script1538228039858.run(Script1538228039858.groovy:110)
	at com.kms.katalon.core.main.ScriptEngine.run(ScriptEngine.java:183)
	at com.kms.katalon.core.main.ScriptEngine.runScriptAsRawText(ScriptEngine.java:108)
	at com.kms.katalon.core.main.TestCaseExecutor.runScript(TestCaseExecutor.java:294)
	at com.kms.katalon.core.main.TestCaseExecutor.doExecute(TestCaseExecutor.java:285)
	at com.kms.katalon.core.main.TestCaseExecutor.processExecutionPhase(TestCaseExecutor.java:264)
	at com.kms.katalon.core.main.TestCaseExecutor.accessMainPhase(TestCaseExecutor.java:256)
	at com.kms.katalon.core.main.TestCaseExecutor.execute(TestCaseExecutor.java:200)
	at com.kms.katalon.core.main.TestSuiteExecutor.accessTestCaseMainPhase(TestSuiteExecutor.java:129)
	at com.kms.katalon.core.main.TestSuiteExecutor.accessTestSuiteMainPhase(TestSuiteExecutor.java:112)
	at com.kms.katalon.core.main.TestSuiteExecutor.execute(TestSuiteExecutor.java:81)
	at com.kms.katalon.core.main.TestCaseMain.startTestSuite(TestCaseMain.java:142)
	at com.kms.katalon.core.main.TestCaseMain$startTestSuite$0.call(Unknown Source)
	at org.codehaus.groovy.runtime.callsite.CallSiteArray.defaultCall(CallSiteArray.java:48)
	at org.codehaus.groovy.runtime.callsite.AbstractCallSite.call(AbstractCallSite.java:113)
	at org.codehaus.groovy.runtime.callsite.AbstractCallSite.call(AbstractCallSite.java:141)
	at TempTestSuite1538552927008.run(TempTestSuite1538552927008.groovy:36)
	at groovy.lang.GroovyShell.runScriptOrMainOrTestOrRunnable(GroovyShell.java:263)
	at groovy.lang.GroovyShell.run(GroovyShell.java:518)
	at groovy.lang.GroovyShell.run(GroovyShell.java:507)
	at groovy.ui.GroovyMain.processOnce(GroovyMain.java:653)
	at groovy.ui.GroovyMain.run(GroovyMain.java:384)
	at groovy.ui.GroovyMain.process(GroovyMain.java:370)
	at groovy.ui.GroovyMain.processArgs(GroovyMain.java:129)
	at groovy.ui.GroovyMain.main(GroovyMain.java:109)
	at sun.reflect.NativeMethodAccessorImpl.invoke0(Native Method)
	at sun.reflect.NativeMethodAccessorImpl.invoke(NativeMethodAccessorImpl.java:62)
	at sun.reflect.DelegatingMethodAccessorImpl.invoke(DelegatingMethodAccessorImpl.java:43)
	at java.lang.reflect.Method.invoke(Method.java:498)
	at org.codehaus.groovy.tools.GroovyStarter.rootLoader(GroovyStarter.java:109)
	at org.codehaus.groovy.tools.GroovyStarter.main(GroovyStarter.java:131)
)

2018-10-03 14:48:52 - [TEST_STEP][PASSED] - Statement - CancelBooking = com.kms.katalon.core.testobject.ObjectRepository.findTestObject(Toyota/CancelBooking_JSON, [Dealer_Code:internal.GlobalVariable.Glb_Dealer_Code, Location_Code:internal.GlobalVariable.Glb_Location_Code, BookingID:internal.GlobalVariable.Glb_Booking_ID]): Finding Test Object with id 'Object Repository/Toyota/CancelBooking_JSON'

2018-10-03 14:48:52 - [TEST_STEP][PASSED] - Statement - CancelBooking.getHttpHeaderProperties().add(new com.kms.katalon.core.testobject.TestObjectProperty(Authorization, com.kms.katalon.core.testobject.ConditionType.EQUALS, (Basic  + internal.GlobalVariable.Glb_Authorization_Token))): null

2018-10-03 14:48:52 - [TEST_STEP][PASSED] - Statement - res_CancelBooking = com.kms.katalon.core.webservice.keyword.WSBuiltInKeywords.sendRequest(CancelBooking): Send request successfully

2018-10-03 14:48:52 - [MESSAGE][PASSED] - Send request successfully

2018-10-03 14:48:52 - [TEST_STEP][PASSED] - Statement - If (!(Glb_Dealer_Code == "765A")): null

2018-10-03 14:48:52 - [TEST_STEP][FAILED] - verifyResponseStatusCode: Unable to verify response status code (Root cause: Expected status code is '404' but actual status code is '400')

2018-10-03 14:48:52 - [MESSAGE][FAILED] - Expected status code is '404' but actual status code is '400'

2018-10-03 14:48:52 - [MESSAGE][FAILED] - Unable to verify response status code (Root cause: Expected status code is '404' but actual status code is '400')

2018-10-03 14:48:52 - [MESSAGE][FAILED] - Unable to call Test Case with id 'Test Cases/TOYOTA/Library_TestCase/Toyota_CancelBooking_JSON - V1' (Root cause: Call Test Case 'Test Cases/TOYOTA/Library_TestCase/Toyota_CancelBooking_JSON - V1' failed)]]></system-out>
         <system-err><![CDATA[2018-10-03 14:48:48 - [TEST_CASE][FAILED] - Test Cases/TOYOTA/Main_Toyota_TestCase - AllSprints: Test Cases/TOYOTA/Main_Toyota_TestCase - AllSprints FAILED because (of) (Stack trace: com.kms.katalon.core.exception.StepFailedException: Unable to verify response status code (Root cause: Expected status code is '404' but actual status code is '400')
	at com.kms.katalon.core.keyword.internal.KeywordMain.stepFailed(KeywordMain.groovy:36)
	at com.kms.katalon.core.keyword.internal.KeywordMain.stepFailed(KeywordMain.groovy)
	at com.kms.katalon.core.keyword.internal.KeywordMain.runKeyword(KeywordMain.groovy:56)
	at com.kms.katalon.core.webservice.keyword.builtin.VerifyResponseStatusCodeKeyword.verifyResponseStatusCode(VerifyResponseStatusCodeKeyword.groovy:37)
	at com.kms.katalon.core.webservice.keyword.builtin.VerifyResponseStatusCodeKeyword.execute(VerifyResponseStatusCodeKeyword.groovy:32)
	at com.kms.katalon.core.keyword.internal.KeywordExecutor.executeKeywordForPlatform(KeywordExecutor.groovy:53)
	at com.kms.katalon.core.webservice.keyword.WSBuiltInKeywords.verifyResponseStatusCode(WSBuiltInKeywords.groovy:212)
	at com.kms.katalon.core.webservice.keyword.WSBuiltInKeywords$verifyResponseStatusCode$0.call(Unknown Source)
	at org.codehaus.groovy.runtime.callsite.CallSiteArray.defaultCall(CallSiteArray.java:48)
	at org.codehaus.groovy.runtime.callsite.AbstractCallSite.call(AbstractCallSite.java:113)
	at org.codehaus.groovy.runtime.callsite.AbstractCallSite.call(AbstractCallSite.java:133)
	at Script1538241040522.VerifyResponse(Script1538241040522.groovy:39)
	at Script1538241040522$VerifyResponse.callCurrent(Unknown Source)
	at org.codehaus.groovy.runtime.callsite.CallSiteArray.defaultCallCurrent(CallSiteArray.java:52)
	at org.codehaus.groovy.runtime.callsite.AbstractCallSite.callCurrent(AbstractCallSite.java:154)
	at org.codehaus.groovy.runtime.callsite.AbstractCallSite.callCurrent(AbstractCallSite.java:182)
	at Script1538241040522.run(Script1538241040522.groovy:75)
	at com.kms.katalon.core.main.ScriptEngine.run(ScriptEngine.java:183)
	at com.kms.katalon.core.main.ScriptEngine.runScriptAsRawText(ScriptEngine.java:108)
	at com.kms.katalon.core.main.TestCaseExecutor.runScript(TestCaseExecutor.java:294)
	at com.kms.katalon.core.main.TestCaseExecutor.doExecute(TestCaseExecutor.java:285)
	at com.kms.katalon.core.main.TestCaseExecutor.processExecutionPhase(TestCaseExecutor.java:264)
	at com.kms.katalon.core.main.TestCaseExecutor.accessMainPhase(TestCaseExecutor.java:256)
	at com.kms.katalon.core.main.TestCaseExecutor.execute(TestCaseExecutor.java:200)
	at com.kms.katalon.core.main.TestCaseMain.runTestCase(TestCaseMain.java:99)
	at com.kms.katalon.core.keyword.builtin.CallTestCaseKeyword$_callTestCase_closure1.doCall(CallTestCaseKeyword.groovy:60)
	at com.kms.katalon.core.keyword.builtin.CallTestCaseKeyword$_callTestCase_closure1.call(CallTestCaseKeyword.groovy)
	at com.kms.katalon.core.keyword.internal.KeywordMain.runKeyword(KeywordMain.groovy:54)
	at com.kms.katalon.core.keyword.builtin.CallTestCaseKeyword.callTestCase(CallTestCaseKeyword.groovy:81)
	at com.kms.katalon.core.keyword.builtin.CallTestCaseKeyword.execute(CallTestCaseKeyword.groovy:45)
	at com.kms.katalon.core.keyword.internal.KeywordExecutor.executeKeywordForPlatform(KeywordExecutor.groovy:53)
	at com.kms.katalon.core.keyword.BuiltinKeywords.callTestCase(BuiltinKeywords.groovy:334)
	at sun.reflect.NativeMethodAccessorImpl.invoke0(Native Method)
	at sun.reflect.NativeMethodAccessorImpl.invoke(NativeMethodAccessorImpl.java:62)
	at sun.reflect.DelegatingMethodAccessorImpl.invoke(DelegatingMethodAccessorImpl.java:43)
	at java.lang.reflect.Method.invoke(Method.java:498)
	at org.codehaus.groovy.reflection.CachedMethod.invoke(CachedMethod.java:93)
	at groovy.lang.MetaMethod.doMethodInvoke(MetaMethod.java:325)
	at groovy.lang.MetaClassImpl.invokeStaticMethod(MetaClassImpl.java:1469)
	at org.codehaus.groovy.runtime.callsite.StaticMetaClassSite.call(StaticMetaClassSite.java:53)
	at org.codehaus.groovy.runtime.callsite.CallSiteArray.defaultCall(CallSiteArray.java:48)
	at org.codehaus.groovy.runtime.callsite.AbstractCallSite.call(AbstractCallSite.java:113)
	at org.codehaus.groovy.runtime.callsite.AbstractCallSite.call(AbstractCallSite.java:141)
	at Script1538228039858.run(Script1538228039858.groovy:110)
	at com.kms.katalon.core.main.ScriptEngine.run(ScriptEngine.java:183)
	at com.kms.katalon.core.main.ScriptEngine.runScriptAsRawText(ScriptEngine.java:108)
	at com.kms.katalon.core.main.TestCaseExecutor.runScript(TestCaseExecutor.java:294)
	at com.kms.katalon.core.main.TestCaseExecutor.doExecute(TestCaseExecutor.java:285)
	at com.kms.katalon.core.main.TestCaseExecutor.processExecutionPhase(TestCaseExecutor.java:264)
	at com.kms.katalon.core.main.TestCaseExecutor.accessMainPhase(TestCaseExecutor.java:256)
	at com.kms.katalon.core.main.TestCaseExecutor.execute(TestCaseExecutor.java:200)
	at com.kms.katalon.core.main.TestSuiteExecutor.accessTestCaseMainPhase(TestSuiteExecutor.java:129)
	at com.kms.katalon.core.main.TestSuiteExecutor.accessTestSuiteMainPhase(TestSuiteExecutor.java:112)
	at com.kms.katalon.core.main.TestSuiteExecutor.execute(TestSuiteExecutor.java:81)
	at com.kms.katalon.core.main.TestCaseMain.startTestSuite(TestCaseMain.java:142)
	at com.kms.katalon.core.main.TestCaseMain$startTestSuite$0.call(Unknown Source)
	at org.codehaus.groovy.runtime.callsite.CallSiteArray.defaultCall(CallSiteArray.java:48)
	at org.codehaus.groovy.runtime.callsite.AbstractCallSite.call(AbstractCallSite.java:113)
	at org.codehaus.groovy.runtime.callsite.AbstractCallSite.call(AbstractCallSite.java:141)
	at TempTestSuite1538552927008.run(TempTestSuite1538552927008.groovy:36)
	at groovy.lang.GroovyShell.runScriptOrMainOrTestOrRunnable(GroovyShell.java:263)
	at groovy.lang.GroovyShell.run(GroovyShell.java:518)
	at groovy.lang.GroovyShell.run(GroovyShell.java:507)
	at groovy.ui.GroovyMain.processOnce(GroovyMain.java:653)
	at groovy.ui.GroovyMain.run(GroovyMain.java:384)
	at groovy.ui.GroovyMain.process(GroovyMain.java:370)
	at groovy.ui.GroovyMain.processArgs(GroovyMain.java:129)
	at groovy.ui.GroovyMain.main(GroovyMain.java:109)
	at sun.reflect.NativeMethodAccessorImpl.invoke0(Native Method)
	at sun.reflect.NativeMethodAccessorImpl.invoke(NativeMethodAccessorImpl.java:62)
	at sun.reflect.DelegatingMethodAccessorImpl.invoke(DelegatingMethodAccessorImpl.java:43)
	at java.lang.reflect.Method.invoke(Method.java:498)
	at org.codehaus.groovy.tools.GroovyStarter.rootLoader(GroovyStarter.java:109)
	at org.codehaus.groovy.tools.GroovyStarter.main(GroovyStarter.java:131)
)]]></system-err>
      </testcase>
      <system-out><![CDATA[2018-10-03 14:48:47 - [TEST_SUITE][FAILED] - Sprint_ReserveTimeslot: Test Cases/TOYOTA/Main_Toyota_TestCase - AllSprints FAILED because (of) (Stack trace: com.kms.katalon.core.exception.StepFailedException: Unable to verify response status code (Root cause: Expected status code is '404' but actual status code is '400')
	at com.kms.katalon.core.keyword.internal.KeywordMain.stepFailed(KeywordMain.groovy:36)
	at com.kms.katalon.core.keyword.internal.KeywordMain.stepFailed(KeywordMain.groovy)
	at com.kms.katalon.core.keyword.internal.KeywordMain.runKeyword(KeywordMain.groovy:56)
	at com.kms.katalon.core.webservice.keyword.builtin.VerifyResponseStatusCodeKeyword.verifyResponseStatusCode(VerifyResponseStatusCodeKeyword.groovy:37)
	at com.kms.katalon.core.webservice.keyword.builtin.VerifyResponseStatusCodeKeyword.execute(VerifyResponseStatusCodeKeyword.groovy:32)
	at com.kms.katalon.core.keyword.internal.KeywordExecutor.executeKeywordForPlatform(KeywordExecutor.groovy:53)
	at com.kms.katalon.core.webservice.keyword.WSBuiltInKeywords.verifyResponseStatusCode(WSBuiltInKeywords.groovy:212)
	at com.kms.katalon.core.webservice.keyword.WSBuiltInKeywords$verifyResponseStatusCode$0.call(Unknown Source)
	at org.codehaus.groovy.runtime.callsite.CallSiteArray.defaultCall(CallSiteArray.java:48)
	at org.codehaus.groovy.runtime.callsite.AbstractCallSite.call(AbstractCallSite.java:113)
	at org.codehaus.groovy.runtime.callsite.AbstractCallSite.call(AbstractCallSite.java:133)
	at Script1538241040522.VerifyResponse(Script1538241040522.groovy:39)
	at Script1538241040522$VerifyResponse.callCurrent(Unknown Source)
	at org.codehaus.groovy.runtime.callsite.CallSiteArray.defaultCallCurrent(CallSiteArray.java:52)
	at org.codehaus.groovy.runtime.callsite.AbstractCallSite.callCurrent(AbstractCallSite.java:154)
	at org.codehaus.groovy.runtime.callsite.AbstractCallSite.callCurrent(AbstractCallSite.java:182)
	at Script1538241040522.run(Script1538241040522.groovy:75)
	at com.kms.katalon.core.main.ScriptEngine.run(ScriptEngine.java:183)
	at com.kms.katalon.core.main.ScriptEngine.runScriptAsRawText(ScriptEngine.java:108)
	at com.kms.katalon.core.main.TestCaseExecutor.runScript(TestCaseExecutor.java:294)
	at com.kms.katalon.core.main.TestCaseExecutor.doExecute(TestCaseExecutor.java:285)
	at com.kms.katalon.core.main.TestCaseExecutor.processExecutionPhase(TestCaseExecutor.java:264)
	at com.kms.katalon.core.main.TestCaseExecutor.accessMainPhase(TestCaseExecutor.java:256)
	at com.kms.katalon.core.main.TestCaseExecutor.execute(TestCaseExecutor.java:200)
	at com.kms.katalon.core.main.TestCaseMain.runTestCase(TestCaseMain.java:99)
	at com.kms.katalon.core.keyword.builtin.CallTestCaseKeyword$_callTestCase_closure1.doCall(CallTestCaseKeyword.groovy:60)
	at com.kms.katalon.core.keyword.builtin.CallTestCaseKeyword$_callTestCase_closure1.call(CallTestCaseKeyword.groovy)
	at com.kms.katalon.core.keyword.internal.KeywordMain.runKeyword(KeywordMain.groovy:54)
	at com.kms.katalon.core.keyword.builtin.CallTestCaseKeyword.callTestCase(CallTestCaseKeyword.groovy:81)
	at com.kms.katalon.core.keyword.builtin.CallTestCaseKeyword.execute(CallTestCaseKeyword.groovy:45)
	at com.kms.katalon.core.keyword.internal.KeywordExecutor.executeKeywordForPlatform(KeywordExecutor.groovy:53)
	at com.kms.katalon.core.keyword.BuiltinKeywords.callTestCase(BuiltinKeywords.groovy:334)
	at sun.reflect.NativeMethodAccessorImpl.invoke0(Native Method)
	at sun.reflect.NativeMethodAccessorImpl.invoke(NativeMethodAccessorImpl.java:62)
	at sun.reflect.DelegatingMethodAccessorImpl.invoke(DelegatingMethodAccessorImpl.java:43)
	at java.lang.reflect.Method.invoke(Method.java:498)
	at org.codehaus.groovy.reflection.CachedMethod.invoke(CachedMethod.java:93)
	at groovy.lang.MetaMethod.doMethodInvoke(MetaMethod.java:325)
	at groovy.lang.MetaClassImpl.invokeStaticMethod(MetaClassImpl.java:1469)
	at org.codehaus.groovy.runtime.callsite.StaticMetaClassSite.call(StaticMetaClassSite.java:53)
	at org.codehaus.groovy.runtime.callsite.CallSiteArray.defaultCall(CallSiteArray.java:48)
	at org.codehaus.groovy.runtime.callsite.AbstractCallSite.call(AbstractCallSite.java:113)
	at org.codehaus.groovy.runtime.callsite.AbstractCallSite.call(AbstractCallSite.java:141)
	at Script1538228039858.run(Script1538228039858.groovy:110)
	at com.kms.katalon.core.main.ScriptEngine.run(ScriptEngine.java:183)
	at com.kms.katalon.core.main.ScriptEngine.runScriptAsRawText(ScriptEngine.java:108)
	at com.kms.katalon.core.main.TestCaseExecutor.runScript(TestCaseExecutor.java:294)
	at com.kms.katalon.core.main.TestCaseExecutor.doExecute(TestCaseExecutor.java:285)
	at com.kms.katalon.core.main.TestCaseExecutor.processExecutionPhase(TestCaseExecutor.java:264)
	at com.kms.katalon.core.main.TestCaseExecutor.accessMainPhase(TestCaseExecutor.java:256)
	at com.kms.katalon.core.main.TestCaseExecutor.execute(TestCaseExecutor.java:200)
	at com.kms.katalon.core.main.TestSuiteExecutor.accessTestCaseMainPhase(TestSuiteExecutor.java:129)
	at com.kms.katalon.core.main.TestSuiteExecutor.accessTestSuiteMainPhase(TestSuiteExecutor.java:112)
	at com.kms.katalon.core.main.TestSuiteExecutor.execute(TestSuiteExecutor.java:81)
	at com.kms.katalon.core.main.TestCaseMain.startTestSuite(TestCaseMain.java:142)
	at com.kms.katalon.core.main.TestCaseMain$startTestSuite$0.call(Unknown Source)
	at org.codehaus.groovy.runtime.callsite.CallSiteArray.defaultCall(CallSiteArray.java:48)
	at org.codehaus.groovy.runtime.callsite.AbstractCallSite.call(AbstractCallSite.java:113)
	at org.codehaus.groovy.runtime.callsite.AbstractCallSite.call(AbstractCallSite.java:141)
	at TempTestSuite1538552927008.run(TempTestSuite1538552927008.groovy:36)
	at groovy.lang.GroovyShell.runScriptOrMainOrTestOrRunnable(GroovyShell.java:263)
	at groovy.lang.GroovyShell.run(GroovyShell.java:518)
	at groovy.lang.GroovyShell.run(GroovyShell.java:507)
	at groovy.ui.GroovyMain.processOnce(GroovyMain.java:653)
	at groovy.ui.GroovyMain.run(GroovyMain.java:384)
	at groovy.ui.GroovyMain.process(GroovyMain.java:370)
	at groovy.ui.GroovyMain.processArgs(GroovyMain.java:129)
	at groovy.ui.GroovyMain.main(GroovyMain.java:109)
	at sun.reflect.NativeMethodAccessorImpl.invoke0(Native Method)
	at sun.reflect.NativeMethodAccessorImpl.invoke(NativeMethodAccessorImpl.java:62)
	at sun.reflect.DelegatingMethodAccessorImpl.invoke(DelegatingMethodAccessorImpl.java:43)
	at java.lang.reflect.Method.invoke(Method.java:498)
	at org.codehaus.groovy.tools.GroovyStarter.rootLoader(GroovyStarter.java:109)
	at org.codehaus.groovy.tools.GroovyStarter.main(GroovyStarter.java:131)
)]]></system-out>
      <system-err><![CDATA[2018-10-03 14:48:47 - [TEST_SUITE][FAILED] - Sprint_ReserveTimeslot: Test Cases/TOYOTA/Main_Toyota_TestCase - AllSprints FAILED because (of) (Stack trace: com.kms.katalon.core.exception.StepFailedException: Unable to verify response status code (Root cause: Expected status code is '404' but actual status code is '400')
	at com.kms.katalon.core.keyword.internal.KeywordMain.stepFailed(KeywordMain.groovy:36)
	at com.kms.katalon.core.keyword.internal.KeywordMain.stepFailed(KeywordMain.groovy)
	at com.kms.katalon.core.keyword.internal.KeywordMain.runKeyword(KeywordMain.groovy:56)
	at com.kms.katalon.core.webservice.keyword.builtin.VerifyResponseStatusCodeKeyword.verifyResponseStatusCode(VerifyResponseStatusCodeKeyword.groovy:37)
	at com.kms.katalon.core.webservice.keyword.builtin.VerifyResponseStatusCodeKeyword.execute(VerifyResponseStatusCodeKeyword.groovy:32)
	at com.kms.katalon.core.keyword.internal.KeywordExecutor.executeKeywordForPlatform(KeywordExecutor.groovy:53)
	at com.kms.katalon.core.webservice.keyword.WSBuiltInKeywords.verifyResponseStatusCode(WSBuiltInKeywords.groovy:212)
	at com.kms.katalon.core.webservice.keyword.WSBuiltInKeywords$verifyResponseStatusCode$0.call(Unknown Source)
	at org.codehaus.groovy.runtime.callsite.CallSiteArray.defaultCall(CallSiteArray.java:48)
	at org.codehaus.groovy.runtime.callsite.AbstractCallSite.call(AbstractCallSite.java:113)
	at org.codehaus.groovy.runtime.callsite.AbstractCallSite.call(AbstractCallSite.java:133)
	at Script1538241040522.VerifyResponse(Script1538241040522.groovy:39)
	at Script1538241040522$VerifyResponse.callCurrent(Unknown Source)
	at org.codehaus.groovy.runtime.callsite.CallSiteArray.defaultCallCurrent(CallSiteArray.java:52)
	at org.codehaus.groovy.runtime.callsite.AbstractCallSite.callCurrent(AbstractCallSite.java:154)
	at org.codehaus.groovy.runtime.callsite.AbstractCallSite.callCurrent(AbstractCallSite.java:182)
	at Script1538241040522.run(Script1538241040522.groovy:75)
	at com.kms.katalon.core.main.ScriptEngine.run(ScriptEngine.java:183)
	at com.kms.katalon.core.main.ScriptEngine.runScriptAsRawText(ScriptEngine.java:108)
	at com.kms.katalon.core.main.TestCaseExecutor.runScript(TestCaseExecutor.java:294)
	at com.kms.katalon.core.main.TestCaseExecutor.doExecute(TestCaseExecutor.java:285)
	at com.kms.katalon.core.main.TestCaseExecutor.processExecutionPhase(TestCaseExecutor.java:264)
	at com.kms.katalon.core.main.TestCaseExecutor.accessMainPhase(TestCaseExecutor.java:256)
	at com.kms.katalon.core.main.TestCaseExecutor.execute(TestCaseExecutor.java:200)
	at com.kms.katalon.core.main.TestCaseMain.runTestCase(TestCaseMain.java:99)
	at com.kms.katalon.core.keyword.builtin.CallTestCaseKeyword$_callTestCase_closure1.doCall(CallTestCaseKeyword.groovy:60)
	at com.kms.katalon.core.keyword.builtin.CallTestCaseKeyword$_callTestCase_closure1.call(CallTestCaseKeyword.groovy)
	at com.kms.katalon.core.keyword.internal.KeywordMain.runKeyword(KeywordMain.groovy:54)
	at com.kms.katalon.core.keyword.builtin.CallTestCaseKeyword.callTestCase(CallTestCaseKeyword.groovy:81)
	at com.kms.katalon.core.keyword.builtin.CallTestCaseKeyword.execute(CallTestCaseKeyword.groovy:45)
	at com.kms.katalon.core.keyword.internal.KeywordExecutor.executeKeywordForPlatform(KeywordExecutor.groovy:53)
	at com.kms.katalon.core.keyword.BuiltinKeywords.callTestCase(BuiltinKeywords.groovy:334)
	at sun.reflect.NativeMethodAccessorImpl.invoke0(Native Method)
	at sun.reflect.NativeMethodAccessorImpl.invoke(NativeMethodAccessorImpl.java:62)
	at sun.reflect.DelegatingMethodAccessorImpl.invoke(DelegatingMethodAccessorImpl.java:43)
	at java.lang.reflect.Method.invoke(Method.java:498)
	at org.codehaus.groovy.reflection.CachedMethod.invoke(CachedMethod.java:93)
	at groovy.lang.MetaMethod.doMethodInvoke(MetaMethod.java:325)
	at groovy.lang.MetaClassImpl.invokeStaticMethod(MetaClassImpl.java:1469)
	at org.codehaus.groovy.runtime.callsite.StaticMetaClassSite.call(StaticMetaClassSite.java:53)
	at org.codehaus.groovy.runtime.callsite.CallSiteArray.defaultCall(CallSiteArray.java:48)
	at org.codehaus.groovy.runtime.callsite.AbstractCallSite.call(AbstractCallSite.java:113)
	at org.codehaus.groovy.runtime.callsite.AbstractCallSite.call(AbstractCallSite.java:141)
	at Script1538228039858.run(Script1538228039858.groovy:110)
	at com.kms.katalon.core.main.ScriptEngine.run(ScriptEngine.java:183)
	at com.kms.katalon.core.main.ScriptEngine.runScriptAsRawText(ScriptEngine.java:108)
	at com.kms.katalon.core.main.TestCaseExecutor.runScript(TestCaseExecutor.java:294)
	at com.kms.katalon.core.main.TestCaseExecutor.doExecute(TestCaseExecutor.java:285)
	at com.kms.katalon.core.main.TestCaseExecutor.processExecutionPhase(TestCaseExecutor.java:264)
	at com.kms.katalon.core.main.TestCaseExecutor.accessMainPhase(TestCaseExecutor.java:256)
	at com.kms.katalon.core.main.TestCaseExecutor.execute(TestCaseExecutor.java:200)
	at com.kms.katalon.core.main.TestSuiteExecutor.accessTestCaseMainPhase(TestSuiteExecutor.java:129)
	at com.kms.katalon.core.main.TestSuiteExecutor.accessTestSuiteMainPhase(TestSuiteExecutor.java:112)
	at com.kms.katalon.core.main.TestSuiteExecutor.execute(TestSuiteExecutor.java:81)
	at com.kms.katalon.core.main.TestCaseMain.startTestSuite(TestCaseMain.java:142)
	at com.kms.katalon.core.main.TestCaseMain$startTestSuite$0.call(Unknown Source)
	at org.codehaus.groovy.runtime.callsite.CallSiteArray.defaultCall(CallSiteArray.java:48)
	at org.codehaus.groovy.runtime.callsite.AbstractCallSite.call(AbstractCallSite.java:113)
	at org.codehaus.groovy.runtime.callsite.AbstractCallSite.call(AbstractCallSite.java:141)
	at TempTestSuite1538552927008.run(TempTestSuite1538552927008.groovy:36)
	at groovy.lang.GroovyShell.runScriptOrMainOrTestOrRunnable(GroovyShell.java:263)
	at groovy.lang.GroovyShell.run(GroovyShell.java:518)
	at groovy.lang.GroovyShell.run(GroovyShell.java:507)
	at groovy.ui.GroovyMain.processOnce(GroovyMain.java:653)
	at groovy.ui.GroovyMain.run(GroovyMain.java:384)
	at groovy.ui.GroovyMain.process(GroovyMain.java:370)
	at groovy.ui.GroovyMain.processArgs(GroovyMain.java:129)
	at groovy.ui.GroovyMain.main(GroovyMain.java:109)
	at sun.reflect.NativeMethodAccessorImpl.invoke0(Native Method)
	at sun.reflect.NativeMethodAccessorImpl.invoke(NativeMethodAccessorImpl.java:62)
	at sun.reflect.DelegatingMethodAccessorImpl.invoke(DelegatingMethodAccessorImpl.java:43)
	at java.lang.reflect.Method.invoke(Method.java:498)
	at org.codehaus.groovy.tools.GroovyStarter.rootLoader(GroovyStarter.java:109)
	at org.codehaus.groovy.tools.GroovyStarter.main(GroovyStarter.java:131)
)]]></system-err>
   </testsuite>
</testsuites>
