<?xml version="1.0" encoding="UTF-8"?>
<testsuites name="Holden_Sprint_All_Dev" time="3" tests="0" failures="0" errors="1">
   <testsuite name="Holden_Sprint_All_Dev" tests="0" failures="0" errors="1" time="3" timestamp="2018-10-12 14:34:18" hostname="vinh.le - TITAN-V-2001.titandms.local" id="Test Suites/API_Holden/Holden_Sprint_All_Dev">
      <properties>
         <property name="deviceName" value=""/>
         <property name="devicePlatform" value=""/>
         <property name="logFolder" value="C:\\Users\\vinh.le\\git\\TitanAPIKatalon\\Reports\\API_Holden\\Holden_Sprint_All_Dev\\20181012_143416"/>
         <property name="logFiles" value="C:\\Users\\vinh.le\\git\\TitanAPIKatalon\\Reports\\API_Holden\\Holden_Sprint_All_Dev\\20181012_143416\\execution0.log"/>
         <property name="attachments" value=""/>
         <property name="hostName" value="vinh.le - TITAN-V-2001.titandms.local"/>
         <property name="hostAddress" value="192.168.3.19"/>
         <property name="os" value="Windows 10 64bit"/>
         <property name="katalonVersion" value="5.7.1.1"/>
      </properties>
      <testcase name="Test Cases/HOLDEN/Main Holden Test Case - All Sprint" classname="Test Cases/HOLDEN/Main Holden Test Case - All Sprint" status="ERROR">
         <error type="ERROR" message="Test Cases/HOLDEN/Main Holden Test Case - All Sprint FAILED because (of) (Stack trace: org.codehaus.groovy.runtime.InvokerInvocationException: Assertion failed: 

assert expectedValue == err.getElementsByTagName(childrennode).item(indexChild).getTextContent()
       |             |  |   |                    |             |    |           |
       678568        |  |   |                    GivenName     |    0           TITAN
                     |  |   |                                  &lt;?xml version=&quot;1.0&quot; encoding=&quot;UTF-8&quot;?>&lt;GivenName>TITAN&lt;/GivenName>
                     |  |   org.apache.xerces.dom.DeepNodeListImpl@6d366c9b
                     |  &lt;?xml version=&quot;1.0&quot; encoding=&quot;UTF-8&quot;?>&lt;SpecifiedPerson>
                     |  &lt;GivenName>TITAN&lt;/GivenName>
                     |  &lt;FamilyName>DMS&lt;/FamilyName>
                     |  &lt;ResidenceAddress>
                     |  &lt;LineOne>Anh Thy&lt;/LineOne>
                     |  &lt;CityName>TCA&lt;/CityName>
                     |  &lt;CountryID>1&lt;/CountryID>
                     |  &lt;Postcode>1901&lt;/Postcode>
                     |  &lt;StateOrProvinceCountrySub-DivisionID>QLD&lt;/StateOrProvinceCountrySub-DivisionID>
                     |  &lt;/ResidenceAddress>
                     |  &lt;TelephoneCommunication>
                     |  &lt;ChannelCode>WORKPHONE&lt;/ChannelCode>
                     |  &lt;CompleteNumber>0919011995&lt;/CompleteNumber>
                     |  &lt;/TelephoneCommunication>
                     |  &lt;URICommunication>
                     |  &lt;URIID>qateam@automation.com.au&lt;/URIID>
                     |  &lt;/URICommunication>
                     |  &lt;/SpecifiedPerson>
                     false

	at org.codehaus.groovy.reflection.CachedMethod.invoke(CachedMethod.java:100)
	at groovy.lang.MetaMethod.doMethodInvoke(MetaMethod.java:325)
	at groovy.lang.MetaClassImpl.invokeMethod(MetaClassImpl.java:1215)
	at groovy.lang.MetaClassImpl.invokeMethod(MetaClassImpl.java:1024)
	at groovy.lang.MetaClassImpl.invokeMethod(MetaClassImpl.java:812)
	at groovy.lang.DelegatingMetaClass.invokeMethod(DelegatingMetaClass.java:144)
	at qaVinhLe.Library_Method_VinhLe.invokeMethod(Library_Method_VinhLe.groovy)
	at com.kms.katalon.core.main.CustomKeywordDelegatingMetaClass.invokeStaticMethod(CustomKeywordDelegatingMetaClass.java:46)
	at org.codehaus.groovy.runtime.callsite.StaticMetaClassSite.call(StaticMetaClassSite.java:53)
	at org.codehaus.groovy.runtime.callsite.CallSiteArray.defaultCall(CallSiteArray.java:48)
	at org.codehaus.groovy.runtime.callsite.AbstractCallSite.call(AbstractCallSite.java:113)
	at Script1539153176193.run(Script1539153176193.groovy:77)
	at com.kms.katalon.core.main.ScriptEngine.run(ScriptEngine.java:183)
	at com.kms.katalon.core.main.ScriptEngine.runScriptAsRawText(ScriptEngine.java:108)
	at com.kms.katalon.core.main.TestCaseExecutor.runScript(TestCaseExecutor.java:294)
	at com.kms.katalon.core.main.TestCaseExecutor.doExecute(TestCaseExecutor.java:285)
	at com.kms.katalon.core.main.TestCaseExecutor.processExecutionPhase(TestCaseExecutor.java:264)
	at com.kms.katalon.core.main.TestCaseExecutor.accessMainPhase(TestCaseExecutor.java:256)
	at com.kms.katalon.core.main.TestCaseExecutor.execute(TestCaseExecutor.java:200)
	at com.kms.katalon.core.main.TestCaseMain.runTestCase(TestCaseMain.java:99)
	at com.kms.katalon.core.keyword.builtin.CallTestCaseKeyword$_callTestCase_closure1.doCall(CallTestCaseKeyword.groovy:60)
	at com.kms.katalon.core.keyword.builtin.CallTestCaseKeyword$_callTestCase_closure1.call(CallTestCaseKeyword.groovy)
	at com.kms.katalon.core.keyword.internal.KeywordMain.runKeyword(KeywordMain.groovy:54)
	at com.kms.katalon.core.keyword.builtin.CallTestCaseKeyword.callTestCase(CallTestCaseKeyword.groovy:81)
	at com.kms.katalon.core.keyword.builtin.CallTestCaseKeyword.execute(CallTestCaseKeyword.groovy:45)
	at com.kms.katalon.core.keyword.internal.KeywordExecutor.executeKeywordForPlatform(KeywordExecutor.groovy:53)
	at com.kms.katalon.core.keyword.BuiltinKeywords.callTestCase(BuiltinKeywords.groovy:334)
	at sun.reflect.NativeMethodAccessorImpl.invoke0(Native Method)
	at sun.reflect.NativeMethodAccessorImpl.invoke(NativeMethodAccessorImpl.java:62)
	at sun.reflect.DelegatingMethodAccessorImpl.invoke(DelegatingMethodAccessorImpl.java:43)
	at java.lang.reflect.Method.invoke(Method.java:498)
	at org.codehaus.groovy.reflection.CachedMethod.invoke(CachedMethod.java:93)
	at groovy.lang.MetaMethod.doMethodInvoke(MetaMethod.java:325)
	at groovy.lang.MetaClassImpl.invokeStaticMethod(MetaClassImpl.java:1469)
	at org.codehaus.groovy.runtime.callsite.StaticMetaClassSite.call(StaticMetaClassSite.java:53)
	at org.codehaus.groovy.runtime.callsite.CallSiteArray.defaultCall(CallSiteArray.java:48)
	at org.codehaus.groovy.runtime.callsite.AbstractCallSite.call(AbstractCallSite.java:113)
	at org.codehaus.groovy.runtime.callsite.AbstractCallSite.call(AbstractCallSite.java:141)
	at Script1538798457291.run(Script1538798457291.groovy:90)
	at com.kms.katalon.core.main.ScriptEngine.run(ScriptEngine.java:183)
	at com.kms.katalon.core.main.ScriptEngine.runScriptAsRawText(ScriptEngine.java:108)
	at com.kms.katalon.core.main.TestCaseExecutor.runScript(TestCaseExecutor.java:294)
	at com.kms.katalon.core.main.TestCaseExecutor.doExecute(TestCaseExecutor.java:285)
	at com.kms.katalon.core.main.TestCaseExecutor.processExecutionPhase(TestCaseExecutor.java:264)
	at com.kms.katalon.core.main.TestCaseExecutor.accessMainPhase(TestCaseExecutor.java:256)
	at com.kms.katalon.core.main.TestCaseExecutor.execute(TestCaseExecutor.java:200)
	at com.kms.katalon.core.main.TestSuiteExecutor.accessTestCaseMainPhase(TestSuiteExecutor.java:129)
	at com.kms.katalon.core.main.TestSuiteExecutor.accessTestSuiteMainPhase(TestSuiteExecutor.java:112)
	at com.kms.katalon.core.main.TestSuiteExecutor.execute(TestSuiteExecutor.java:81)
	at com.kms.katalon.core.main.TestCaseMain.startTestSuite(TestCaseMain.java:142)
	at com.kms.katalon.core.main.TestCaseMain$startTestSuite$0.call(Unknown Source)
	at org.codehaus.groovy.runtime.callsite.CallSiteArray.defaultCall(CallSiteArray.java:48)
	at org.codehaus.groovy.runtime.callsite.AbstractCallSite.call(AbstractCallSite.java:113)
	at org.codehaus.groovy.runtime.callsite.AbstractCallSite.call(AbstractCallSite.java:141)
	at TempTestSuite1539329656361.run(TempTestSuite1539329656361.groovy:36)
	at groovy.lang.GroovyShell.runScriptOrMainOrTestOrRunnable(GroovyShell.java:263)
	at groovy.lang.GroovyShell.run(GroovyShell.java:518)
	at groovy.lang.GroovyShell.run(GroovyShell.java:507)
	at groovy.ui.GroovyMain.processOnce(GroovyMain.java:653)
	at groovy.ui.GroovyMain.run(GroovyMain.java:384)
	at groovy.ui.GroovyMain.process(GroovyMain.java:370)
	at groovy.ui.GroovyMain.processArgs(GroovyMain.java:129)
	at groovy.ui.GroovyMain.main(GroovyMain.java:109)
	at sun.reflect.NativeMethodAccessorImpl.invoke0(Native Method)
	at sun.reflect.NativeMethodAccessorImpl.invoke(NativeMethodAccessorImpl.java:62)
	at sun.reflect.DelegatingMethodAccessorImpl.invoke(DelegatingMethodAccessorImpl.java:43)
	at java.lang.reflect.Method.invoke(Method.java:498)
	at org.codehaus.groovy.tools.GroovyStarter.rootLoader(GroovyStarter.java:109)
	at org.codehaus.groovy.tools.GroovyStarter.main(GroovyStarter.java:131)
Caused by: Assertion failed: 

assert expectedValue == err.getElementsByTagName(childrennode).item(indexChild).getTextContent()
       |             |  |   |                    |             |    |           |
       678568        |  |   |                    GivenName     |    0           TITAN
                     |  |   |                                  &lt;?xml version=&quot;1.0&quot; encoding=&quot;UTF-8&quot;?>&lt;GivenName>TITAN&lt;/GivenName>
                     |  |   org.apache.xerces.dom.DeepNodeListImpl@6d366c9b
                     |  &lt;?xml version=&quot;1.0&quot; encoding=&quot;UTF-8&quot;?>&lt;SpecifiedPerson>
                     |  &lt;GivenName>TITAN&lt;/GivenName>
                     |  &lt;FamilyName>DMS&lt;/FamilyName>
                     |  &lt;ResidenceAddress>
                     |  &lt;LineOne>Anh Thy&lt;/LineOne>
                     |  &lt;CityName>TCA&lt;/CityName>
                     |  &lt;CountryID>1&lt;/CountryID>
                     |  &lt;Postcode>1901&lt;/Postcode>
                     |  &lt;StateOrProvinceCountrySub-DivisionID>QLD&lt;/StateOrProvinceCountrySub-DivisionID>
                     |  &lt;/ResidenceAddress>
                     |  &lt;TelephoneCommunication>
                     |  &lt;ChannelCode>WORKPHONE&lt;/ChannelCode>
                     |  &lt;CompleteNumber>0919011995&lt;/CompleteNumber>
                     |  &lt;/TelephoneCommunication>
                     |  &lt;URICommunication>
                     |  &lt;URIID>qateam@automation.com.au&lt;/URIID>
                     |  &lt;/URICommunication>
                     |  &lt;/SpecifiedPerson>
                     false

	at org.codehaus.groovy.runtime.InvokerHelper.assertFailed(InvokerHelper.java:402)
	at org.codehaus.groovy.runtime.ScriptBytecodeAdapter.assertFailed(ScriptBytecodeAdapter.java:650)
	at qaVinhLe.Library_Method_VinhLe.verifyValueSOAPNode(Library_Method_VinhLe.groovy:67)
	at sun.reflect.GeneratedMethodAccessor2.invoke(Unknown Source)
	at sun.reflect.DelegatingMethodAccessorImpl.invoke(DelegatingMethodAccessorImpl.java:43)
	at java.lang.reflect.Method.invoke(Method.java:498)
	at org.codehaus.groovy.reflection.CachedMethod.invoke(CachedMethod.java:93)
	... 68 more
 (caused by: (Stack trace: Assertion failed: 

assert expectedValue == err.getElementsByTagName(childrennode).item(indexChild).getTextContent()
       |             |  |   |                    |             |    |           |
       678568        |  |   |                    GivenName     |    0           TITAN
                     |  |   |                                  &lt;?xml version=&quot;1.0&quot; encoding=&quot;UTF-8&quot;?>&lt;GivenName>TITAN&lt;/GivenName>
                     |  |   org.apache.xerces.dom.DeepNodeListImpl@6d366c9b
                     |  &lt;?xml version=&quot;1.0&quot; encoding=&quot;UTF-8&quot;?>&lt;SpecifiedPerson>
                     |  &lt;GivenName>TITAN&lt;/GivenName>
                     |  &lt;FamilyName>DMS&lt;/FamilyName>
                     |  &lt;ResidenceAddress>
                     |  &lt;LineOne>Anh Thy&lt;/LineOne>
                     |  &lt;CityName>TCA&lt;/CityName>
                     |  &lt;CountryID>1&lt;/CountryID>
                     |  &lt;Postcode>1901&lt;/Postcode>
                     |  &lt;StateOrProvinceCountrySub-DivisionID>QLD&lt;/StateOrProvinceCountrySub-DivisionID>
                     |  &lt;/ResidenceAddress>
                     |  &lt;TelephoneCommunication>
                     |  &lt;ChannelCode>WORKPHONE&lt;/ChannelCode>
                     |  &lt;CompleteNumber>0919011995&lt;/CompleteNumber>
                     |  &lt;/TelephoneCommunication>
                     |  &lt;URICommunication>
                     |  &lt;URIID>qateam@automation.com.au&lt;/URIID>
                     |  &lt;/URICommunication>
                     |  &lt;/SpecifiedPerson>
                     false

	at org.codehaus.groovy.runtime.InvokerHelper.assertFailed(InvokerHelper.java:402)
	at org.codehaus.groovy.runtime.ScriptBytecodeAdapter.assertFailed(ScriptBytecodeAdapter.java:650)
	at qaVinhLe.Library_Method_VinhLe.verifyValueSOAPNode(Library_Method_VinhLe.groovy:67)
	at sun.reflect.GeneratedMethodAccessor2.invoke(Unknown Source)
	at sun.reflect.DelegatingMethodAccessorImpl.invoke(DelegatingMethodAccessorImpl.java:43)
	at java.lang.reflect.Method.invoke(Method.java:498)
	at org.codehaus.groovy.reflection.CachedMethod.invoke(CachedMethod.java:93)
	at groovy.lang.MetaMethod.doMethodInvoke(MetaMethod.java:325)
	at groovy.lang.MetaClassImpl.invokeMethod(MetaClassImpl.java:1215)
	at groovy.lang.MetaClassImpl.invokeMethod(MetaClassImpl.java:1024)
	at groovy.lang.MetaClassImpl.invokeMethod(MetaClassImpl.java:812)
	at groovy.lang.DelegatingMetaClass.invokeMethod(DelegatingMetaClass.java:144)
	at qaVinhLe.Library_Method_VinhLe.invokeMethod(Library_Method_VinhLe.groovy)
	at com.kms.katalon.core.main.CustomKeywordDelegatingMetaClass.invokeStaticMethod(CustomKeywordDelegatingMetaClass.java:46)
	at org.codehaus.groovy.runtime.callsite.StaticMetaClassSite.call(StaticMetaClassSite.java:53)
	at org.codehaus.groovy.runtime.callsite.CallSiteArray.defaultCall(CallSiteArray.java:48)
	at org.codehaus.groovy.runtime.callsite.AbstractCallSite.call(AbstractCallSite.java:113)
	at Script1539153176193.run(Script1539153176193.groovy:77)
	at com.kms.katalon.core.main.ScriptEngine.run(ScriptEngine.java:183)
	at com.kms.katalon.core.main.ScriptEngine.runScriptAsRawText(ScriptEngine.java:108)
	at com.kms.katalon.core.main.TestCaseExecutor.runScript(TestCaseExecutor.java:294)
	at com.kms.katalon.core.main.TestCaseExecutor.doExecute(TestCaseExecutor.java:285)
	at com.kms.katalon.core.main.TestCaseExecutor.processExecutionPhase(TestCaseExecutor.java:264)
	at com.kms.katalon.core.main.TestCaseExecutor.accessMainPhase(TestCaseExecutor.java:256)
	at com.kms.katalon.core.main.TestCaseExecutor.execute(TestCaseExecutor.java:200)
	at com.kms.katalon.core.main.TestCaseMain.runTestCase(TestCaseMain.java:99)
	at com.kms.katalon.core.keyword.builtin.CallTestCaseKeyword$_callTestCase_closure1.doCall(CallTestCaseKeyword.groovy:60)
	at com.kms.katalon.core.keyword.builtin.CallTestCaseKeyword$_callTestCase_closure1.call(CallTestCaseKeyword.groovy)
	at com.kms.katalon.core.keyword.internal.KeywordMain.runKeyword(KeywordMain.groovy:54)
	at com.kms.katalon.core.keyword.builtin.CallTestCaseKeyword.callTestCase(CallTestCaseKeyword.groovy:81)
	at com.kms.katalon.core.keyword.builtin.CallTestCaseKeyword.execute(CallTestCaseKeyword.groovy:45)
	at com.kms.katalon.core.keyword.internal.KeywordExecutor.executeKeywordForPlatform(KeywordExecutor.groovy:53)
	at com.kms.katalon.core.keyword.BuiltinKeywords.callTestCase(BuiltinKeywords.groovy:334)
	at sun.reflect.NativeMethodAccessorImpl.invoke0(Native Method)
	at sun.reflect.NativeMethodAccessorImpl.invoke(NativeMethodAccessorImpl.java:62)
	at sun.reflect.DelegatingMethodAccessorImpl.invoke(DelegatingMethodAccessorImpl.java:43)
	at java.lang.reflect.Method.invoke(Method.java:498)
	at org.codehaus.groovy.reflection.CachedMethod.invoke(CachedMethod.java:93)
	at groovy.lang.MetaMethod.doMethodInvoke(MetaMethod.java:325)
	at groovy.lang.MetaClassImpl.invokeStaticMethod(MetaClassImpl.java:1469)
	at org.codehaus.groovy.runtime.callsite.StaticMetaClassSite.call(StaticMetaClassSite.java:53)
	at org.codehaus.groovy.runtime.callsite.CallSiteArray.defaultCall(CallSiteArray.java:48)
	at org.codehaus.groovy.runtime.callsite.AbstractCallSite.call(AbstractCallSite.java:113)
	at org.codehaus.groovy.runtime.callsite.AbstractCallSite.call(AbstractCallSite.java:141)
	at Script1538798457291.run(Script1538798457291.groovy:90)
	at com.kms.katalon.core.main.ScriptEngine.run(ScriptEngine.java:183)
	at com.kms.katalon.core.main.ScriptEngine.runScriptAsRawText(ScriptEngine.java:108)
	at com.kms.katalon.core.main.TestCaseExecutor.runScript(TestCaseExecutor.java:294)
	at com.kms.katalon.core.main.TestCaseExecutor.doExecute(TestCaseExecutor.java:285)
	at com.kms.katalon.core.main.TestCaseExecutor.processExecutionPhase(TestCaseExecutor.java:264)
	at com.kms.katalon.core.main.TestCaseExecutor.accessMainPhase(TestCaseExecutor.java:256)
	at com.kms.katalon.core.main.TestCaseExecutor.execute(TestCaseExecutor.java:200)
	at com.kms.katalon.core.main.TestSuiteExecutor.accessTestCaseMainPhase(TestSuiteExecutor.java:129)
	at com.kms.katalon.core.main.TestSuiteExecutor.accessTestSuiteMainPhase(TestSuiteExecutor.java:112)
	at com.kms.katalon.core.main.TestSuiteExecutor.execute(TestSuiteExecutor.java:81)
	at com.kms.katalon.core.main.TestCaseMain.startTestSuite(TestCaseMain.java:142)
	at com.kms.katalon.core.main.TestCaseMain$startTestSuite$0.call(Unknown Source)
	at org.codehaus.groovy.runtime.callsite.CallSiteArray.defaultCall(CallSiteArray.java:48)
	at org.codehaus.groovy.runtime.callsite.AbstractCallSite.call(AbstractCallSite.java:113)
	at org.codehaus.groovy.runtime.callsite.AbstractCallSite.call(AbstractCallSite.java:141)
	at TempTestSuite1539329656361.run(TempTestSuite1539329656361.groovy:36)
	at groovy.lang.GroovyShell.runScriptOrMainOrTestOrRunnable(GroovyShell.java:263)
	at groovy.lang.GroovyShell.run(GroovyShell.java:518)
	at groovy.lang.GroovyShell.run(GroovyShell.java:507)
	at groovy.ui.GroovyMain.processOnce(GroovyMain.java:653)
	at groovy.ui.GroovyMain.run(GroovyMain.java:384)
	at groovy.ui.GroovyMain.process(GroovyMain.java:370)
	at groovy.ui.GroovyMain.processArgs(GroovyMain.java:129)
	at groovy.ui.GroovyMain.main(GroovyMain.java:109)
	at sun.reflect.NativeMethodAccessorImpl.invoke0(Native Method)
	at sun.reflect.NativeMethodAccessorImpl.invoke(NativeMethodAccessorImpl.java:62)
	at sun.reflect.DelegatingMethodAccessorImpl.invoke(DelegatingMethodAccessorImpl.java:43)
	at java.lang.reflect.Method.invoke(Method.java:498)
	at org.codehaus.groovy.tools.GroovyStarter.rootLoader(GroovyStarter.java:109)
	at org.codehaus.groovy.tools.GroovyStarter.main(GroovyStarter.java:131)
)))"/>
         <system-out><![CDATA[2018-10-12 14:34:18 - [TEST_CASE][ERROR] - Test Cases/HOLDEN/Main Holden Test Case - All Sprint: Test Cases/HOLDEN/Main Holden Test Case - All Sprint FAILED because (of) (Stack trace: org.codehaus.groovy.runtime.InvokerInvocationException: Assertion failed: 

assert expectedValue == err.getElementsByTagName(childrennode).item(indexChild).getTextContent()
       |             |  |   |                    |             |    |           |
       678568        |  |   |                    GivenName     |    0           TITAN
                     |  |   |                                  <?xml version="1.0" encoding="UTF-8"?><GivenName>TITAN</GivenName>
                     |  |   org.apache.xerces.dom.DeepNodeListImpl@6d366c9b
                     |  <?xml version="1.0" encoding="UTF-8"?><SpecifiedPerson>
                     |  <GivenName>TITAN</GivenName>
                     |  <FamilyName>DMS</FamilyName>
                     |  <ResidenceAddress>
                     |  <LineOne>Anh Thy</LineOne>
                     |  <CityName>TCA</CityName>
                     |  <CountryID>1</CountryID>
                     |  <Postcode>1901</Postcode>
                     |  <StateOrProvinceCountrySub-DivisionID>QLD</StateOrProvinceCountrySub-DivisionID>
                     |  </ResidenceAddress>
                     |  <TelephoneCommunication>
                     |  <ChannelCode>WORKPHONE</ChannelCode>
                     |  <CompleteNumber>0919011995</CompleteNumber>
                     |  </TelephoneCommunication>
                     |  <URICommunication>
                     |  <URIID>qateam@automation.com.au</URIID>
                     |  </URICommunication>
                     |  </SpecifiedPerson>
                     false

	at org.codehaus.groovy.reflection.CachedMethod.invoke(CachedMethod.java:100)
	at groovy.lang.MetaMethod.doMethodInvoke(MetaMethod.java:325)
	at groovy.lang.MetaClassImpl.invokeMethod(MetaClassImpl.java:1215)
	at groovy.lang.MetaClassImpl.invokeMethod(MetaClassImpl.java:1024)
	at groovy.lang.MetaClassImpl.invokeMethod(MetaClassImpl.java:812)
	at groovy.lang.DelegatingMetaClass.invokeMethod(DelegatingMetaClass.java:144)
	at qaVinhLe.Library_Method_VinhLe.invokeMethod(Library_Method_VinhLe.groovy)
	at com.kms.katalon.core.main.CustomKeywordDelegatingMetaClass.invokeStaticMethod(CustomKeywordDelegatingMetaClass.java:46)
	at org.codehaus.groovy.runtime.callsite.StaticMetaClassSite.call(StaticMetaClassSite.java:53)
	at org.codehaus.groovy.runtime.callsite.CallSiteArray.defaultCall(CallSiteArray.java:48)
	at org.codehaus.groovy.runtime.callsite.AbstractCallSite.call(AbstractCallSite.java:113)
	at Script1539153176193.run(Script1539153176193.groovy:77)
	at com.kms.katalon.core.main.ScriptEngine.run(ScriptEngine.java:183)
	at com.kms.katalon.core.main.ScriptEngine.runScriptAsRawText(ScriptEngine.java:108)
	at com.kms.katalon.core.main.TestCaseExecutor.runScript(TestCaseExecutor.java:294)
	at com.kms.katalon.core.main.TestCaseExecutor.doExecute(TestCaseExecutor.java:285)
	at com.kms.katalon.core.main.TestCaseExecutor.processExecutionPhase(TestCaseExecutor.java:264)
	at com.kms.katalon.core.main.TestCaseExecutor.accessMainPhase(TestCaseExecutor.java:256)
	at com.kms.katalon.core.main.TestCaseExecutor.execute(TestCaseExecutor.java:200)
	at com.kms.katalon.core.main.TestCaseMain.runTestCase(TestCaseMain.java:99)
	at com.kms.katalon.core.keyword.builtin.CallTestCaseKeyword$_callTestCase_closure1.doCall(CallTestCaseKeyword.groovy:60)
	at com.kms.katalon.core.keyword.builtin.CallTestCaseKeyword$_callTestCase_closure1.call(CallTestCaseKeyword.groovy)
	at com.kms.katalon.core.keyword.internal.KeywordMain.runKeyword(KeywordMain.groovy:54)
	at com.kms.katalon.core.keyword.builtin.CallTestCaseKeyword.callTestCase(CallTestCaseKeyword.groovy:81)
	at com.kms.katalon.core.keyword.builtin.CallTestCaseKeyword.execute(CallTestCaseKeyword.groovy:45)
	at com.kms.katalon.core.keyword.internal.KeywordExecutor.executeKeywordForPlatform(KeywordExecutor.groovy:53)
	at com.kms.katalon.core.keyword.BuiltinKeywords.callTestCase(BuiltinKeywords.groovy:334)
	at sun.reflect.NativeMethodAccessorImpl.invoke0(Native Method)
	at sun.reflect.NativeMethodAccessorImpl.invoke(NativeMethodAccessorImpl.java:62)
	at sun.reflect.DelegatingMethodAccessorImpl.invoke(DelegatingMethodAccessorImpl.java:43)
	at java.lang.reflect.Method.invoke(Method.java:498)
	at org.codehaus.groovy.reflection.CachedMethod.invoke(CachedMethod.java:93)
	at groovy.lang.MetaMethod.doMethodInvoke(MetaMethod.java:325)
	at groovy.lang.MetaClassImpl.invokeStaticMethod(MetaClassImpl.java:1469)
	at org.codehaus.groovy.runtime.callsite.StaticMetaClassSite.call(StaticMetaClassSite.java:53)
	at org.codehaus.groovy.runtime.callsite.CallSiteArray.defaultCall(CallSiteArray.java:48)
	at org.codehaus.groovy.runtime.callsite.AbstractCallSite.call(AbstractCallSite.java:113)
	at org.codehaus.groovy.runtime.callsite.AbstractCallSite.call(AbstractCallSite.java:141)
	at Script1538798457291.run(Script1538798457291.groovy:90)
	at com.kms.katalon.core.main.ScriptEngine.run(ScriptEngine.java:183)
	at com.kms.katalon.core.main.ScriptEngine.runScriptAsRawText(ScriptEngine.java:108)
	at com.kms.katalon.core.main.TestCaseExecutor.runScript(TestCaseExecutor.java:294)
	at com.kms.katalon.core.main.TestCaseExecutor.doExecute(TestCaseExecutor.java:285)
	at com.kms.katalon.core.main.TestCaseExecutor.processExecutionPhase(TestCaseExecutor.java:264)
	at com.kms.katalon.core.main.TestCaseExecutor.accessMainPhase(TestCaseExecutor.java:256)
	at com.kms.katalon.core.main.TestCaseExecutor.execute(TestCaseExecutor.java:200)
	at com.kms.katalon.core.main.TestSuiteExecutor.accessTestCaseMainPhase(TestSuiteExecutor.java:129)
	at com.kms.katalon.core.main.TestSuiteExecutor.accessTestSuiteMainPhase(TestSuiteExecutor.java:112)
	at com.kms.katalon.core.main.TestSuiteExecutor.execute(TestSuiteExecutor.java:81)
	at com.kms.katalon.core.main.TestCaseMain.startTestSuite(TestCaseMain.java:142)
	at com.kms.katalon.core.main.TestCaseMain$startTestSuite$0.call(Unknown Source)
	at org.codehaus.groovy.runtime.callsite.CallSiteArray.defaultCall(CallSiteArray.java:48)
	at org.codehaus.groovy.runtime.callsite.AbstractCallSite.call(AbstractCallSite.java:113)
	at org.codehaus.groovy.runtime.callsite.AbstractCallSite.call(AbstractCallSite.java:141)
	at TempTestSuite1539329656361.run(TempTestSuite1539329656361.groovy:36)
	at groovy.lang.GroovyShell.runScriptOrMainOrTestOrRunnable(GroovyShell.java:263)
	at groovy.lang.GroovyShell.run(GroovyShell.java:518)
	at groovy.lang.GroovyShell.run(GroovyShell.java:507)
	at groovy.ui.GroovyMain.processOnce(GroovyMain.java:653)
	at groovy.ui.GroovyMain.run(GroovyMain.java:384)
	at groovy.ui.GroovyMain.process(GroovyMain.java:370)
	at groovy.ui.GroovyMain.processArgs(GroovyMain.java:129)
	at groovy.ui.GroovyMain.main(GroovyMain.java:109)
	at sun.reflect.NativeMethodAccessorImpl.invoke0(Native Method)
	at sun.reflect.NativeMethodAccessorImpl.invoke(NativeMethodAccessorImpl.java:62)
	at sun.reflect.DelegatingMethodAccessorImpl.invoke(DelegatingMethodAccessorImpl.java:43)
	at java.lang.reflect.Method.invoke(Method.java:498)
	at org.codehaus.groovy.tools.GroovyStarter.rootLoader(GroovyStarter.java:109)
	at org.codehaus.groovy.tools.GroovyStarter.main(GroovyStarter.java:131)
Caused by: Assertion failed: 

assert expectedValue == err.getElementsByTagName(childrennode).item(indexChild).getTextContent()
       |             |  |   |                    |             |    |           |
       678568        |  |   |                    GivenName     |    0           TITAN
                     |  |   |                                  <?xml version="1.0" encoding="UTF-8"?><GivenName>TITAN</GivenName>
                     |  |   org.apache.xerces.dom.DeepNodeListImpl@6d366c9b
                     |  <?xml version="1.0" encoding="UTF-8"?><SpecifiedPerson>
                     |  <GivenName>TITAN</GivenName>
                     |  <FamilyName>DMS</FamilyName>
                     |  <ResidenceAddress>
                     |  <LineOne>Anh Thy</LineOne>
                     |  <CityName>TCA</CityName>
                     |  <CountryID>1</CountryID>
                     |  <Postcode>1901</Postcode>
                     |  <StateOrProvinceCountrySub-DivisionID>QLD</StateOrProvinceCountrySub-DivisionID>
                     |  </ResidenceAddress>
                     |  <TelephoneCommunication>
                     |  <ChannelCode>WORKPHONE</ChannelCode>
                     |  <CompleteNumber>0919011995</CompleteNumber>
                     |  </TelephoneCommunication>
                     |  <URICommunication>
                     |  <URIID>qateam@automation.com.au</URIID>
                     |  </URICommunication>
                     |  </SpecifiedPerson>
                     false

	at org.codehaus.groovy.runtime.InvokerHelper.assertFailed(InvokerHelper.java:402)
	at org.codehaus.groovy.runtime.ScriptBytecodeAdapter.assertFailed(ScriptBytecodeAdapter.java:650)
	at qaVinhLe.Library_Method_VinhLe.verifyValueSOAPNode(Library_Method_VinhLe.groovy:67)
	at sun.reflect.GeneratedMethodAccessor2.invoke(Unknown Source)
	at sun.reflect.DelegatingMethodAccessorImpl.invoke(DelegatingMethodAccessorImpl.java:43)
	at java.lang.reflect.Method.invoke(Method.java:498)
	at org.codehaus.groovy.reflection.CachedMethod.invoke(CachedMethod.java:93)
	... 68 more
 (caused by: (Stack trace: Assertion failed: 

assert expectedValue == err.getElementsByTagName(childrennode).item(indexChild).getTextContent()
       |             |  |   |                    |             |    |           |
       678568        |  |   |                    GivenName     |    0           TITAN
                     |  |   |                                  <?xml version="1.0" encoding="UTF-8"?><GivenName>TITAN</GivenName>
                     |  |   org.apache.xerces.dom.DeepNodeListImpl@6d366c9b
                     |  <?xml version="1.0" encoding="UTF-8"?><SpecifiedPerson>
                     |  <GivenName>TITAN</GivenName>
                     |  <FamilyName>DMS</FamilyName>
                     |  <ResidenceAddress>
                     |  <LineOne>Anh Thy</LineOne>
                     |  <CityName>TCA</CityName>
                     |  <CountryID>1</CountryID>
                     |  <Postcode>1901</Postcode>
                     |  <StateOrProvinceCountrySub-DivisionID>QLD</StateOrProvinceCountrySub-DivisionID>
                     |  </ResidenceAddress>
                     |  <TelephoneCommunication>
                     |  <ChannelCode>WORKPHONE</ChannelCode>
                     |  <CompleteNumber>0919011995</CompleteNumber>
                     |  </TelephoneCommunication>
                     |  <URICommunication>
                     |  <URIID>qateam@automation.com.au</URIID>
                     |  </URICommunication>
                     |  </SpecifiedPerson>
                     false

	at org.codehaus.groovy.runtime.InvokerHelper.assertFailed(InvokerHelper.java:402)
	at org.codehaus.groovy.runtime.ScriptBytecodeAdapter.assertFailed(ScriptBytecodeAdapter.java:650)
	at qaVinhLe.Library_Method_VinhLe.verifyValueSOAPNode(Library_Method_VinhLe.groovy:67)
	at sun.reflect.GeneratedMethodAccessor2.invoke(Unknown Source)
	at sun.reflect.DelegatingMethodAccessorImpl.invoke(DelegatingMethodAccessorImpl.java:43)
	at java.lang.reflect.Method.invoke(Method.java:498)
	at org.codehaus.groovy.reflection.CachedMethod.invoke(CachedMethod.java:93)
	at groovy.lang.MetaMethod.doMethodInvoke(MetaMethod.java:325)
	at groovy.lang.MetaClassImpl.invokeMethod(MetaClassImpl.java:1215)
	at groovy.lang.MetaClassImpl.invokeMethod(MetaClassImpl.java:1024)
	at groovy.lang.MetaClassImpl.invokeMethod(MetaClassImpl.java:812)
	at groovy.lang.DelegatingMetaClass.invokeMethod(DelegatingMetaClass.java:144)
	at qaVinhLe.Library_Method_VinhLe.invokeMethod(Library_Method_VinhLe.groovy)
	at com.kms.katalon.core.main.CustomKeywordDelegatingMetaClass.invokeStaticMethod(CustomKeywordDelegatingMetaClass.java:46)
	at org.codehaus.groovy.runtime.callsite.StaticMetaClassSite.call(StaticMetaClassSite.java:53)
	at org.codehaus.groovy.runtime.callsite.CallSiteArray.defaultCall(CallSiteArray.java:48)
	at org.codehaus.groovy.runtime.callsite.AbstractCallSite.call(AbstractCallSite.java:113)
	at Script1539153176193.run(Script1539153176193.groovy:77)
	at com.kms.katalon.core.main.ScriptEngine.run(ScriptEngine.java:183)
	at com.kms.katalon.core.main.ScriptEngine.runScriptAsRawText(ScriptEngine.java:108)
	at com.kms.katalon.core.main.TestCaseExecutor.runScript(TestCaseExecutor.java:294)
	at com.kms.katalon.core.main.TestCaseExecutor.doExecute(TestCaseExecutor.java:285)
	at com.kms.katalon.core.main.TestCaseExecutor.processExecutionPhase(TestCaseExecutor.java:264)
	at com.kms.katalon.core.main.TestCaseExecutor.accessMainPhase(TestCaseExecutor.java:256)
	at com.kms.katalon.core.main.TestCaseExecutor.execute(TestCaseExecutor.java:200)
	at com.kms.katalon.core.main.TestCaseMain.runTestCase(TestCaseMain.java:99)
	at com.kms.katalon.core.keyword.builtin.CallTestCaseKeyword$_callTestCase_closure1.doCall(CallTestCaseKeyword.groovy:60)
	at com.kms.katalon.core.keyword.builtin.CallTestCaseKeyword$_callTestCase_closure1.call(CallTestCaseKeyword.groovy)
	at com.kms.katalon.core.keyword.internal.KeywordMain.runKeyword(KeywordMain.groovy:54)
	at com.kms.katalon.core.keyword.builtin.CallTestCaseKeyword.callTestCase(CallTestCaseKeyword.groovy:81)
	at com.kms.katalon.core.keyword.builtin.CallTestCaseKeyword.execute(CallTestCaseKeyword.groovy:45)
	at com.kms.katalon.core.keyword.internal.KeywordExecutor.executeKeywordForPlatform(KeywordExecutor.groovy:53)
	at com.kms.katalon.core.keyword.BuiltinKeywords.callTestCase(BuiltinKeywords.groovy:334)
	at sun.reflect.NativeMethodAccessorImpl.invoke0(Native Method)
	at sun.reflect.NativeMethodAccessorImpl.invoke(NativeMethodAccessorImpl.java:62)
	at sun.reflect.DelegatingMethodAccessorImpl.invoke(DelegatingMethodAccessorImpl.java:43)
	at java.lang.reflect.Method.invoke(Method.java:498)
	at org.codehaus.groovy.reflection.CachedMethod.invoke(CachedMethod.java:93)
	at groovy.lang.MetaMethod.doMethodInvoke(MetaMethod.java:325)
	at groovy.lang.MetaClassImpl.invokeStaticMethod(MetaClassImpl.java:1469)
	at org.codehaus.groovy.runtime.callsite.StaticMetaClassSite.call(StaticMetaClassSite.java:53)
	at org.codehaus.groovy.runtime.callsite.CallSiteArray.defaultCall(CallSiteArray.java:48)
	at org.codehaus.groovy.runtime.callsite.AbstractCallSite.call(AbstractCallSite.java:113)
	at org.codehaus.groovy.runtime.callsite.AbstractCallSite.call(AbstractCallSite.java:141)
	at Script1538798457291.run(Script1538798457291.groovy:90)
	at com.kms.katalon.core.main.ScriptEngine.run(ScriptEngine.java:183)
	at com.kms.katalon.core.main.ScriptEngine.runScriptAsRawText(ScriptEngine.java:108)
	at com.kms.katalon.core.main.TestCaseExecutor.runScript(TestCaseExecutor.java:294)
	at com.kms.katalon.core.main.TestCaseExecutor.doExecute(TestCaseExecutor.java:285)
	at com.kms.katalon.core.main.TestCaseExecutor.processExecutionPhase(TestCaseExecutor.java:264)
	at com.kms.katalon.core.main.TestCaseExecutor.accessMainPhase(TestCaseExecutor.java:256)
	at com.kms.katalon.core.main.TestCaseExecutor.execute(TestCaseExecutor.java:200)
	at com.kms.katalon.core.main.TestSuiteExecutor.accessTestCaseMainPhase(TestSuiteExecutor.java:129)
	at com.kms.katalon.core.main.TestSuiteExecutor.accessTestSuiteMainPhase(TestSuiteExecutor.java:112)
	at com.kms.katalon.core.main.TestSuiteExecutor.execute(TestSuiteExecutor.java:81)
	at com.kms.katalon.core.main.TestCaseMain.startTestSuite(TestCaseMain.java:142)
	at com.kms.katalon.core.main.TestCaseMain$startTestSuite$0.call(Unknown Source)
	at org.codehaus.groovy.runtime.callsite.CallSiteArray.defaultCall(CallSiteArray.java:48)
	at org.codehaus.groovy.runtime.callsite.AbstractCallSite.call(AbstractCallSite.java:113)
	at org.codehaus.groovy.runtime.callsite.AbstractCallSite.call(AbstractCallSite.java:141)
	at TempTestSuite1539329656361.run(TempTestSuite1539329656361.groovy:36)
	at groovy.lang.GroovyShell.runScriptOrMainOrTestOrRunnable(GroovyShell.java:263)
	at groovy.lang.GroovyShell.run(GroovyShell.java:518)
	at groovy.lang.GroovyShell.run(GroovyShell.java:507)
	at groovy.ui.GroovyMain.processOnce(GroovyMain.java:653)
	at groovy.ui.GroovyMain.run(GroovyMain.java:384)
	at groovy.ui.GroovyMain.process(GroovyMain.java:370)
	at groovy.ui.GroovyMain.processArgs(GroovyMain.java:129)
	at groovy.ui.GroovyMain.main(GroovyMain.java:109)
	at sun.reflect.NativeMethodAccessorImpl.invoke0(Native Method)
	at sun.reflect.NativeMethodAccessorImpl.invoke(NativeMethodAccessorImpl.java:62)
	at sun.reflect.DelegatingMethodAccessorImpl.invoke(DelegatingMethodAccessorImpl.java:43)
	at java.lang.reflect.Method.invoke(Method.java:498)
	at org.codehaus.groovy.tools.GroovyStarter.rootLoader(GroovyStarter.java:109)
	at org.codehaus.groovy.tools.GroovyStarter.main(GroovyStarter.java:131)
)))

2018-10-12 14:34:18 - [TEST_STEP][PASSED] - callTestCase: Call Test Case 'Test Cases/HOLDEN/Library Test Case/Holden_00_Setup_Method_And_Variables' successfully

2018-10-12 14:34:18 - [TEST_CASE][PASSED] - Test Cases/HOLDEN/Library Test Case/Holden_00_Setup_Method_And_Variables: Test Cases/HOLDEN/Library Test Case/Holden_00_Setup_Method_And_Variables

2018-10-12 14:34:18 - [TEST_STEP][PASSED] - Statement - If (!(Setup_Dealer_Code == "")): null

2018-10-12 14:34:18 - [TEST_STEP][PASSED] - Statement - If (!(Setup_FirstName == "")): null

2018-10-12 14:34:18 - [TEST_STEP][PASSED] - Statement - If (!(Setup_LastName == "")): null

2018-10-12 14:34:18 - [TEST_STEP][PASSED] - Statement - If (!(Setup_StartSearchDate == "")): null

2018-10-12 14:34:18 - [TEST_STEP][PASSED] - Statement - If (!(Setup_EndSearchDate == "")): null

2018-10-12 14:34:18 - [TEST_STEP][PASSED] - Statement - If (Setup_CustomerType.toString().toLowerCase() == "exist"): null

2018-10-12 14:34:18 - [TEST_STEP][PASSED] - Statement - If (!(Setup_AddJobLine == "")): null

2018-10-12 14:34:18 - [TEST_STEP][PASSED] - Statement - If (!(Setup_BookingId == "")): null

2018-10-12 14:34:18 - [TEST_STEP][PASSED] - Statement - If (!(Setup_TradingEntityId == "")): null

2018-10-12 14:34:18 - [TEST_STEP][PASSED] - Statement - If (!(Setup_LineOne == "")): null

2018-10-12 14:34:18 - [TEST_STEP][PASSED] - Statement - If (!(Setup_CityName == "")): null

2018-10-12 14:34:18 - [TEST_STEP][PASSED] - Statement - If (!(Setup_CountryID == "")): null

2018-10-12 14:34:18 - [TEST_STEP][PASSED] - Statement - If (!(Setup_Postcode == "")): null

2018-10-12 14:34:18 - [TEST_STEP][PASSED] - Statement - If (!(Setup_State == "")): null

2018-10-12 14:34:18 - [TEST_STEP][PASSED] - Statement - If (!(Setup_ChannelCode == "")): null

2018-10-12 14:34:18 - [TEST_STEP][PASSED] - Statement - If (!(Setup_PhoneNumber == "")): null

2018-10-12 14:34:18 - [TEST_STEP][PASSED] - Statement - If (!(Setup_Email == "")): null

2018-10-12 14:34:18 - [TEST_STEP][PASSED] - Statement - If (!(Setup_Model == "")): null

2018-10-12 14:34:18 - [TEST_STEP][PASSED] - Statement - If (!(Setup_ModelYear == "")): null

2018-10-12 14:34:18 - [TEST_STEP][PASSED] - Statement - If (!(Setup_MakeString == "")): null

2018-10-12 14:34:18 - [TEST_STEP][PASSED] - Statement - If (!(Setup_ManufacturerName == "")): null

2018-10-12 14:34:18 - [TEST_STEP][PASSED] - Statement - If (!(Setup_VehicleID == "")): null

2018-10-12 14:34:18 - [TEST_STEP][PASSED] - Statement - SetDate = { java.util.Date current_time, int number_month, int number_day, int number_hour, java.lang.String format_date -> ... }: null

2018-10-12 14:34:18 - [TEST_STEP][PASSED] - Statement - RandomNumber = { int number -> ... }: null

2018-10-12 14:34:18 - [TEST_STEP][PASSED] - Statement - today = new java.util.Date(): null

2018-10-12 14:34:18 - [TEST_STEP][PASSED] - Statement - current_date = today.format("YYYY-MM-dd"): null

2018-10-12 14:34:18 - [TEST_STEP][PASSED] - Statement - Glb_Current_Date = current_date: null

2018-10-12 14:34:18 - [TEST_STEP][PASSED] - Statement - Glb_Current_Hour = SetDate.call(today, 0, 0, 4, "HH:mm"): null

2018-10-12 14:34:18 - [TEST_STEP][PASSED] - Statement - If (Glb_StartSearchDate.toString().toLowerCase() == "cr"): null

2018-10-12 14:34:18 - [TEST_STEP][PASSED] - Statement - If (Glb_EndSearchDate.toString().toLowerCase() == "cr"): null

2018-10-12 14:34:18 - [TEST_STEP][PASSED] - Statement - Glb_ContactId = "1901" + RandomNumber.call(999999): null

2018-10-12 14:34:19 - [MESSAGE][PASSED] - Call Test Case 'Test Cases/HOLDEN/Library Test Case/Holden_00_Setup_Method_And_Variables' successfully

2018-10-12 14:34:19 - [TEST_STEP][PASSED] - Statement - If (var_Status_GetIntegration == "true"): Call Test Case 'Test Cases/HOLDEN/Library Test Case/Holden_01_GetIntegrationConfiguration' successfully

2018-10-12 14:34:19 - [TEST_CASE][PASSED] - Test Cases/HOLDEN/Library Test Case/Holden_01_GetIntegrationConfiguration: Test Cases/HOLDEN/Library Test Case/Holden_01_GetIntegrationConfiguration

2018-10-12 14:34:19 - [TEST_STEP][PASSED] - Statement - println(Glb_Dealer_Code): null

2018-10-12 14:34:19 - [TEST_STEP][PASSED] - Statement - IntegrationConfig = com.kms.katalon.core.testobject.ObjectRepository.findTestObject(Holden/Holden_01_GetIntegrationConfiguration, [obj_DealerId:internal.GlobalVariable.Glb_Dealer_Code]): Finding Test Object with id 'Object Repository/Holden/Holden_01_GetIntegrationConfiguration'

2018-10-12 14:34:19 - [TEST_STEP][PASSED] - Statement - res_IntegrationConfig = com.kms.katalon.core.webservice.keyword.WSBuiltInKeywords.sendRequest(IntegrationConfig): Send request successfully

2018-10-12 14:34:19 - [MESSAGE][PASSED] - Send request successfully

2018-10-12 14:34:19 - [TEST_STEP][PASSED] - qaVinhLe.Library_Method_VinhLe.verifyResponseCode_Msg: qaVinhLe.Library_Method_VinhLe.verifyResponseCode_Msg is PASSED

2018-10-12 14:34:19 - [MESSAGE][PASSED] - Verify response status code successfully

2018-10-12 14:34:19 - [MESSAGE][PASSED] - qaVinhLe.Library_Method_VinhLe.verifyResponseCode_Msg is PASSED

2018-10-12 14:34:19 - [TEST_STEP][PASSED] - qaVinhLe.Library_Method_VinhLe.verifyValueSOAPNode: qaVinhLe.Library_Method_VinhLe.verifyValueSOAPNode is PASSED

2018-10-12 14:34:19 - [MESSAGE][PASSED] - qaVinhLe.Library_Method_VinhLe.verifyValueSOAPNode is PASSED

2018-10-12 14:34:19 - [TEST_STEP][PASSED] - qaVinhLe.Library_Method_VinhLe.verifyValueSOAPNode: qaVinhLe.Library_Method_VinhLe.verifyValueSOAPNode is PASSED

2018-10-12 14:34:19 - [MESSAGE][PASSED] - qaVinhLe.Library_Method_VinhLe.verifyValueSOAPNode is PASSED

2018-10-12 14:34:19 - [TEST_STEP][PASSED] - qaVinhLe.Library_Method_VinhLe.verifyValueSOAPNode: qaVinhLe.Library_Method_VinhLe.verifyValueSOAPNode is PASSED

2018-10-12 14:34:19 - [MESSAGE][PASSED] - qaVinhLe.Library_Method_VinhLe.verifyValueSOAPNode is PASSED

2018-10-12 14:34:19 - [TEST_STEP][PASSED] - qaVinhLe.Library_Method_VinhLe.verifyValueSOAPNode: qaVinhLe.Library_Method_VinhLe.verifyValueSOAPNode is PASSED

2018-10-12 14:34:19 - [MESSAGE][PASSED] - qaVinhLe.Library_Method_VinhLe.verifyValueSOAPNode is PASSED

2018-10-12 14:34:19 - [TEST_STEP][PASSED] - qaVinhLe.Library_Method_VinhLe.verifyValueSOAPNode: qaVinhLe.Library_Method_VinhLe.verifyValueSOAPNode is PASSED

2018-10-12 14:34:19 - [MESSAGE][PASSED] - qaVinhLe.Library_Method_VinhLe.verifyValueSOAPNode is PASSED

2018-10-12 14:34:19 - [TEST_STEP][PASSED] - qaVinhLe.Library_Method_VinhLe.verifyValueSOAPNode: qaVinhLe.Library_Method_VinhLe.verifyValueSOAPNode is PASSED

2018-10-12 14:34:19 - [MESSAGE][PASSED] - qaVinhLe.Library_Method_VinhLe.verifyValueSOAPNode is PASSED

2018-10-12 14:34:19 - [TEST_STEP][PASSED] - qaVinhLe.Library_Method_VinhLe.verifyValueSOAPNode: qaVinhLe.Library_Method_VinhLe.verifyValueSOAPNode is PASSED

2018-10-12 14:34:19 - [MESSAGE][PASSED] - qaVinhLe.Library_Method_VinhLe.verifyValueSOAPNode is PASSED

2018-10-12 14:34:19 - [TEST_STEP][PASSED] - qaVinhLe.Library_Method_VinhLe.verifyValueSOAPNode: qaVinhLe.Library_Method_VinhLe.verifyValueSOAPNode is PASSED

2018-10-12 14:34:19 - [MESSAGE][PASSED] - qaVinhLe.Library_Method_VinhLe.verifyValueSOAPNode is PASSED

2018-10-12 14:34:19 - [TEST_STEP][PASSED] - qaVinhLe.Library_Method_VinhLe.verifyValueSOAPNode: qaVinhLe.Library_Method_VinhLe.verifyValueSOAPNode is PASSED

2018-10-12 14:34:19 - [MESSAGE][PASSED] - qaVinhLe.Library_Method_VinhLe.verifyValueSOAPNode is PASSED

2018-10-12 14:34:19 - [TEST_STEP][PASSED] - qaVinhLe.Library_Method_VinhLe.verifyValueSOAPNode: qaVinhLe.Library_Method_VinhLe.verifyValueSOAPNode is PASSED

2018-10-12 14:34:19 - [MESSAGE][PASSED] - qaVinhLe.Library_Method_VinhLe.verifyValueSOAPNode is PASSED

2018-10-12 14:34:19 - [TEST_STEP][PASSED] - qaVinhLe.Library_Method_VinhLe.verifyAttributeSOAPNode: qaVinhLe.Library_Method_VinhLe.verifyAttributeSOAPNode is PASSED

2018-10-12 14:34:19 - [MESSAGE][PASSED] - qaVinhLe.Library_Method_VinhLe.verifyAttributeSOAPNode is PASSED

2018-10-12 14:34:19 - [TEST_STEP][PASSED] - qaVinhLe.Library_Method_VinhLe.verifyValueSOAPNode: qaVinhLe.Library_Method_VinhLe.verifyValueSOAPNode is PASSED

2018-10-12 14:34:19 - [MESSAGE][PASSED] - qaVinhLe.Library_Method_VinhLe.verifyValueSOAPNode is PASSED

2018-10-12 14:34:19 - [TEST_STEP][PASSED] - qaVinhLe.Library_Method_VinhLe.verifyValueSOAPNode: qaVinhLe.Library_Method_VinhLe.verifyValueSOAPNode is PASSED

2018-10-12 14:34:19 - [MESSAGE][PASSED] - qaVinhLe.Library_Method_VinhLe.verifyValueSOAPNode is PASSED

2018-10-12 14:34:19 - [TEST_STEP][PASSED] - qaVinhLe.Library_Method_VinhLe.verifyValueSOAPNode: qaVinhLe.Library_Method_VinhLe.verifyValueSOAPNode is PASSED

2018-10-12 14:34:19 - [MESSAGE][PASSED] - qaVinhLe.Library_Method_VinhLe.verifyValueSOAPNode is PASSED

2018-10-12 14:34:19 - [TEST_STEP][PASSED] - qaVinhLe.Library_Method_VinhLe.verifyValueSOAPNode: qaVinhLe.Library_Method_VinhLe.verifyValueSOAPNode is PASSED

2018-10-12 14:34:19 - [MESSAGE][PASSED] - qaVinhLe.Library_Method_VinhLe.verifyValueSOAPNode is PASSED

2018-10-12 14:34:19 - [TEST_STEP][PASSED] - qaVinhLe.Library_Method_VinhLe.verifyValueSOAPNode: qaVinhLe.Library_Method_VinhLe.verifyValueSOAPNode is PASSED

2018-10-12 14:34:19 - [MESSAGE][PASSED] - qaVinhLe.Library_Method_VinhLe.verifyValueSOAPNode is PASSED

2018-10-12 14:34:19 - [TEST_STEP][PASSED] - qaVinhLe.Library_Method_VinhLe.verifyValueSOAPNode: qaVinhLe.Library_Method_VinhLe.verifyValueSOAPNode is PASSED

2018-10-12 14:34:19 - [MESSAGE][PASSED] - qaVinhLe.Library_Method_VinhLe.verifyValueSOAPNode is PASSED

2018-10-12 14:34:19 - [TEST_STEP][PASSED] - qaVinhLe.Library_Method_VinhLe.verifyValueSOAPNode: qaVinhLe.Library_Method_VinhLe.verifyValueSOAPNode is PASSED

2018-10-12 14:34:19 - [MESSAGE][PASSED] - qaVinhLe.Library_Method_VinhLe.verifyValueSOAPNode is PASSED

2018-10-12 14:34:19 - [TEST_STEP][PASSED] - qaVinhLe.Library_Method_VinhLe.verifyValueSOAPNode: qaVinhLe.Library_Method_VinhLe.verifyValueSOAPNode is PASSED

2018-10-12 14:34:19 - [MESSAGE][PASSED] - qaVinhLe.Library_Method_VinhLe.verifyValueSOAPNode is PASSED

2018-10-12 14:34:19 - [TEST_STEP][PASSED] - qaVinhLe.Library_Method_VinhLe.verifyValueSOAPNode: qaVinhLe.Library_Method_VinhLe.verifyValueSOAPNode is PASSED

2018-10-12 14:34:19 - [MESSAGE][PASSED] - qaVinhLe.Library_Method_VinhLe.verifyValueSOAPNode is PASSED

2018-10-12 14:34:19 - [TEST_STEP][PASSED] - qaVinhLe.Library_Method_VinhLe.verifyValueSOAPNode: qaVinhLe.Library_Method_VinhLe.verifyValueSOAPNode is PASSED

2018-10-12 14:34:19 - [MESSAGE][PASSED] - qaVinhLe.Library_Method_VinhLe.verifyValueSOAPNode is PASSED

2018-10-12 14:34:19 - [TEST_STEP][PASSED] - qaVinhLe.Library_Method_VinhLe.verifyValueSOAPNode: qaVinhLe.Library_Method_VinhLe.verifyValueSOAPNode is PASSED

2018-10-12 14:34:19 - [MESSAGE][PASSED] - qaVinhLe.Library_Method_VinhLe.verifyValueSOAPNode is PASSED

2018-10-12 14:34:19 - [TEST_STEP][PASSED] - qaVinhLe.Library_Method_VinhLe.verifyValueSOAPNode: qaVinhLe.Library_Method_VinhLe.verifyValueSOAPNode is PASSED

2018-10-12 14:34:19 - [MESSAGE][PASSED] - qaVinhLe.Library_Method_VinhLe.verifyValueSOAPNode is PASSED

2018-10-12 14:34:19 - [TEST_STEP][PASSED] - qaVinhLe.Library_Method_VinhLe.verifyValueSOAPNode: qaVinhLe.Library_Method_VinhLe.verifyValueSOAPNode is PASSED

2018-10-12 14:34:19 - [MESSAGE][PASSED] - qaVinhLe.Library_Method_VinhLe.verifyValueSOAPNode is PASSED

2018-10-12 14:34:19 - [TEST_STEP][PASSED] - qaVinhLe.Library_Method_VinhLe.verifyValueSOAPNode: qaVinhLe.Library_Method_VinhLe.verifyValueSOAPNode is PASSED

2018-10-12 14:34:19 - [MESSAGE][PASSED] - qaVinhLe.Library_Method_VinhLe.verifyValueSOAPNode is PASSED

2018-10-12 14:34:19 - [MESSAGE][PASSED] - Call Test Case 'Test Cases/HOLDEN/Library Test Case/Holden_01_GetIntegrationConfiguration' successfully

2018-10-12 14:34:19 - [TEST_STEP][FAILED] - Statement - If (var_Status_GetCustomer == "true"): Unable to call Test Case with id 'Test Cases/HOLDEN/Library Test Case/Holden_02_SearchCustomerInformation' (Root cause: Call Test Case 'Test Cases/HOLDEN/Library Test Case/Holden_02_SearchCustomerInformation' failed because of error(s))

2018-10-12 14:34:19 - [TEST_CASE][ERROR] - Test Cases/HOLDEN/Library Test Case/Holden_02_SearchCustomerInformation: Test Cases/HOLDEN/Library Test Case/Holden_02_SearchCustomerInformation FAILED because (of) (Stack trace: org.codehaus.groovy.runtime.InvokerInvocationException: Assertion failed: 

assert expectedValue == err.getElementsByTagName(childrennode).item(indexChild).getTextContent()
       |             |  |   |                    |             |    |           |
       678568        |  |   |                    GivenName     |    0           TITAN
                     |  |   |                                  <?xml version="1.0" encoding="UTF-8"?><GivenName>TITAN</GivenName>
                     |  |   org.apache.xerces.dom.DeepNodeListImpl@6d366c9b
                     |  <?xml version="1.0" encoding="UTF-8"?><SpecifiedPerson>
                     |  <GivenName>TITAN</GivenName>
                     |  <FamilyName>DMS</FamilyName>
                     |  <ResidenceAddress>
                     |  <LineOne>Anh Thy</LineOne>
                     |  <CityName>TCA</CityName>
                     |  <CountryID>1</CountryID>
                     |  <Postcode>1901</Postcode>
                     |  <StateOrProvinceCountrySub-DivisionID>QLD</StateOrProvinceCountrySub-DivisionID>
                     |  </ResidenceAddress>
                     |  <TelephoneCommunication>
                     |  <ChannelCode>WORKPHONE</ChannelCode>
                     |  <CompleteNumber>0919011995</CompleteNumber>
                     |  </TelephoneCommunication>
                     |  <URICommunication>
                     |  <URIID>qateam@automation.com.au</URIID>
                     |  </URICommunication>
                     |  </SpecifiedPerson>
                     false

	at org.codehaus.groovy.reflection.CachedMethod.invoke(CachedMethod.java:100)
	at groovy.lang.MetaMethod.doMethodInvoke(MetaMethod.java:325)
	at groovy.lang.MetaClassImpl.invokeMethod(MetaClassImpl.java:1215)
	at groovy.lang.MetaClassImpl.invokeMethod(MetaClassImpl.java:1024)
	at groovy.lang.MetaClassImpl.invokeMethod(MetaClassImpl.java:812)
	at groovy.lang.DelegatingMetaClass.invokeMethod(DelegatingMetaClass.java:144)
	at qaVinhLe.Library_Method_VinhLe.invokeMethod(Library_Method_VinhLe.groovy)
	at com.kms.katalon.core.main.CustomKeywordDelegatingMetaClass.invokeStaticMethod(CustomKeywordDelegatingMetaClass.java:46)
	at org.codehaus.groovy.runtime.callsite.StaticMetaClassSite.call(StaticMetaClassSite.java:53)
	at org.codehaus.groovy.runtime.callsite.CallSiteArray.defaultCall(CallSiteArray.java:48)
	at org.codehaus.groovy.runtime.callsite.AbstractCallSite.call(AbstractCallSite.java:113)
	at Script1539153176193.run(Script1539153176193.groovy:77)
	at com.kms.katalon.core.main.ScriptEngine.run(ScriptEngine.java:183)
	at com.kms.katalon.core.main.ScriptEngine.runScriptAsRawText(ScriptEngine.java:108)
	at com.kms.katalon.core.main.TestCaseExecutor.runScript(TestCaseExecutor.java:294)
	at com.kms.katalon.core.main.TestCaseExecutor.doExecute(TestCaseExecutor.java:285)
	at com.kms.katalon.core.main.TestCaseExecutor.processExecutionPhase(TestCaseExecutor.java:264)
	at com.kms.katalon.core.main.TestCaseExecutor.accessMainPhase(TestCaseExecutor.java:256)
	at com.kms.katalon.core.main.TestCaseExecutor.execute(TestCaseExecutor.java:200)
	at com.kms.katalon.core.main.TestCaseMain.runTestCase(TestCaseMain.java:99)
	at com.kms.katalon.core.keyword.builtin.CallTestCaseKeyword$_callTestCase_closure1.doCall(CallTestCaseKeyword.groovy:60)
	at com.kms.katalon.core.keyword.builtin.CallTestCaseKeyword$_callTestCase_closure1.call(CallTestCaseKeyword.groovy)
	at com.kms.katalon.core.keyword.internal.KeywordMain.runKeyword(KeywordMain.groovy:54)
	at com.kms.katalon.core.keyword.builtin.CallTestCaseKeyword.callTestCase(CallTestCaseKeyword.groovy:81)
	at com.kms.katalon.core.keyword.builtin.CallTestCaseKeyword.execute(CallTestCaseKeyword.groovy:45)
	at com.kms.katalon.core.keyword.internal.KeywordExecutor.executeKeywordForPlatform(KeywordExecutor.groovy:53)
	at com.kms.katalon.core.keyword.BuiltinKeywords.callTestCase(BuiltinKeywords.groovy:334)
	at sun.reflect.NativeMethodAccessorImpl.invoke0(Native Method)
	at sun.reflect.NativeMethodAccessorImpl.invoke(NativeMethodAccessorImpl.java:62)
	at sun.reflect.DelegatingMethodAccessorImpl.invoke(DelegatingMethodAccessorImpl.java:43)
	at java.lang.reflect.Method.invoke(Method.java:498)
	at org.codehaus.groovy.reflection.CachedMethod.invoke(CachedMethod.java:93)
	at groovy.lang.MetaMethod.doMethodInvoke(MetaMethod.java:325)
	at groovy.lang.MetaClassImpl.invokeStaticMethod(MetaClassImpl.java:1469)
	at org.codehaus.groovy.runtime.callsite.StaticMetaClassSite.call(StaticMetaClassSite.java:53)
	at org.codehaus.groovy.runtime.callsite.CallSiteArray.defaultCall(CallSiteArray.java:48)
	at org.codehaus.groovy.runtime.callsite.AbstractCallSite.call(AbstractCallSite.java:113)
	at org.codehaus.groovy.runtime.callsite.AbstractCallSite.call(AbstractCallSite.java:141)
	at Script1538798457291.run(Script1538798457291.groovy:90)
	at com.kms.katalon.core.main.ScriptEngine.run(ScriptEngine.java:183)
	at com.kms.katalon.core.main.ScriptEngine.runScriptAsRawText(ScriptEngine.java:108)
	at com.kms.katalon.core.main.TestCaseExecutor.runScript(TestCaseExecutor.java:294)
	at com.kms.katalon.core.main.TestCaseExecutor.doExecute(TestCaseExecutor.java:285)
	at com.kms.katalon.core.main.TestCaseExecutor.processExecutionPhase(TestCaseExecutor.java:264)
	at com.kms.katalon.core.main.TestCaseExecutor.accessMainPhase(TestCaseExecutor.java:256)
	at com.kms.katalon.core.main.TestCaseExecutor.execute(TestCaseExecutor.java:200)
	at com.kms.katalon.core.main.TestSuiteExecutor.accessTestCaseMainPhase(TestSuiteExecutor.java:129)
	at com.kms.katalon.core.main.TestSuiteExecutor.accessTestSuiteMainPhase(TestSuiteExecutor.java:112)
	at com.kms.katalon.core.main.TestSuiteExecutor.execute(TestSuiteExecutor.java:81)
	at com.kms.katalon.core.main.TestCaseMain.startTestSuite(TestCaseMain.java:142)
	at com.kms.katalon.core.main.TestCaseMain$startTestSuite$0.call(Unknown Source)
	at org.codehaus.groovy.runtime.callsite.CallSiteArray.defaultCall(CallSiteArray.java:48)
	at org.codehaus.groovy.runtime.callsite.AbstractCallSite.call(AbstractCallSite.java:113)
	at org.codehaus.groovy.runtime.callsite.AbstractCallSite.call(AbstractCallSite.java:141)
	at TempTestSuite1539329656361.run(TempTestSuite1539329656361.groovy:36)
	at groovy.lang.GroovyShell.runScriptOrMainOrTestOrRunnable(GroovyShell.java:263)
	at groovy.lang.GroovyShell.run(GroovyShell.java:518)
	at groovy.lang.GroovyShell.run(GroovyShell.java:507)
	at groovy.ui.GroovyMain.processOnce(GroovyMain.java:653)
	at groovy.ui.GroovyMain.run(GroovyMain.java:384)
	at groovy.ui.GroovyMain.process(GroovyMain.java:370)
	at groovy.ui.GroovyMain.processArgs(GroovyMain.java:129)
	at groovy.ui.GroovyMain.main(GroovyMain.java:109)
	at sun.reflect.NativeMethodAccessorImpl.invoke0(Native Method)
	at sun.reflect.NativeMethodAccessorImpl.invoke(NativeMethodAccessorImpl.java:62)
	at sun.reflect.DelegatingMethodAccessorImpl.invoke(DelegatingMethodAccessorImpl.java:43)
	at java.lang.reflect.Method.invoke(Method.java:498)
	at org.codehaus.groovy.tools.GroovyStarter.rootLoader(GroovyStarter.java:109)
	at org.codehaus.groovy.tools.GroovyStarter.main(GroovyStarter.java:131)
Caused by: Assertion failed: 

assert expectedValue == err.getElementsByTagName(childrennode).item(indexChild).getTextContent()
       |             |  |   |                    |             |    |           |
       678568        |  |   |                    GivenName     |    0           TITAN
                     |  |   |                                  <?xml version="1.0" encoding="UTF-8"?><GivenName>TITAN</GivenName>
                     |  |   org.apache.xerces.dom.DeepNodeListImpl@6d366c9b
                     |  <?xml version="1.0" encoding="UTF-8"?><SpecifiedPerson>
                     |  <GivenName>TITAN</GivenName>
                     |  <FamilyName>DMS</FamilyName>
                     |  <ResidenceAddress>
                     |  <LineOne>Anh Thy</LineOne>
                     |  <CityName>TCA</CityName>
                     |  <CountryID>1</CountryID>
                     |  <Postcode>1901</Postcode>
                     |  <StateOrProvinceCountrySub-DivisionID>QLD</StateOrProvinceCountrySub-DivisionID>
                     |  </ResidenceAddress>
                     |  <TelephoneCommunication>
                     |  <ChannelCode>WORKPHONE</ChannelCode>
                     |  <CompleteNumber>0919011995</CompleteNumber>
                     |  </TelephoneCommunication>
                     |  <URICommunication>
                     |  <URIID>qateam@automation.com.au</URIID>
                     |  </URICommunication>
                     |  </SpecifiedPerson>
                     false

	at org.codehaus.groovy.runtime.InvokerHelper.assertFailed(InvokerHelper.java:402)
	at org.codehaus.groovy.runtime.ScriptBytecodeAdapter.assertFailed(ScriptBytecodeAdapter.java:650)
	at qaVinhLe.Library_Method_VinhLe.verifyValueSOAPNode(Library_Method_VinhLe.groovy:67)
	at sun.reflect.GeneratedMethodAccessor2.invoke(Unknown Source)
	at sun.reflect.DelegatingMethodAccessorImpl.invoke(DelegatingMethodAccessorImpl.java:43)
	at java.lang.reflect.Method.invoke(Method.java:498)
	at org.codehaus.groovy.reflection.CachedMethod.invoke(CachedMethod.java:93)
	... 68 more
 (caused by: (Stack trace: Assertion failed: 

assert expectedValue == err.getElementsByTagName(childrennode).item(indexChild).getTextContent()
       |             |  |   |                    |             |    |           |
       678568        |  |   |                    GivenName     |    0           TITAN
                     |  |   |                                  <?xml version="1.0" encoding="UTF-8"?><GivenName>TITAN</GivenName>
                     |  |   org.apache.xerces.dom.DeepNodeListImpl@6d366c9b
                     |  <?xml version="1.0" encoding="UTF-8"?><SpecifiedPerson>
                     |  <GivenName>TITAN</GivenName>
                     |  <FamilyName>DMS</FamilyName>
                     |  <ResidenceAddress>
                     |  <LineOne>Anh Thy</LineOne>
                     |  <CityName>TCA</CityName>
                     |  <CountryID>1</CountryID>
                     |  <Postcode>1901</Postcode>
                     |  <StateOrProvinceCountrySub-DivisionID>QLD</StateOrProvinceCountrySub-DivisionID>
                     |  </ResidenceAddress>
                     |  <TelephoneCommunication>
                     |  <ChannelCode>WORKPHONE</ChannelCode>
                     |  <CompleteNumber>0919011995</CompleteNumber>
                     |  </TelephoneCommunication>
                     |  <URICommunication>
                     |  <URIID>qateam@automation.com.au</URIID>
                     |  </URICommunication>
                     |  </SpecifiedPerson>
                     false

	at org.codehaus.groovy.runtime.InvokerHelper.assertFailed(InvokerHelper.java:402)
	at org.codehaus.groovy.runtime.ScriptBytecodeAdapter.assertFailed(ScriptBytecodeAdapter.java:650)
	at qaVinhLe.Library_Method_VinhLe.verifyValueSOAPNode(Library_Method_VinhLe.groovy:67)
	at sun.reflect.GeneratedMethodAccessor2.invoke(Unknown Source)
	at sun.reflect.DelegatingMethodAccessorImpl.invoke(DelegatingMethodAccessorImpl.java:43)
	at java.lang.reflect.Method.invoke(Method.java:498)
	at org.codehaus.groovy.reflection.CachedMethod.invoke(CachedMethod.java:93)
	at groovy.lang.MetaMethod.doMethodInvoke(MetaMethod.java:325)
	at groovy.lang.MetaClassImpl.invokeMethod(MetaClassImpl.java:1215)
	at groovy.lang.MetaClassImpl.invokeMethod(MetaClassImpl.java:1024)
	at groovy.lang.MetaClassImpl.invokeMethod(MetaClassImpl.java:812)
	at groovy.lang.DelegatingMetaClass.invokeMethod(DelegatingMetaClass.java:144)
	at qaVinhLe.Library_Method_VinhLe.invokeMethod(Library_Method_VinhLe.groovy)
	at com.kms.katalon.core.main.CustomKeywordDelegatingMetaClass.invokeStaticMethod(CustomKeywordDelegatingMetaClass.java:46)
	at org.codehaus.groovy.runtime.callsite.StaticMetaClassSite.call(StaticMetaClassSite.java:53)
	at org.codehaus.groovy.runtime.callsite.CallSiteArray.defaultCall(CallSiteArray.java:48)
	at org.codehaus.groovy.runtime.callsite.AbstractCallSite.call(AbstractCallSite.java:113)
	at Script1539153176193.run(Script1539153176193.groovy:77)
	at com.kms.katalon.core.main.ScriptEngine.run(ScriptEngine.java:183)
	at com.kms.katalon.core.main.ScriptEngine.runScriptAsRawText(ScriptEngine.java:108)
	at com.kms.katalon.core.main.TestCaseExecutor.runScript(TestCaseExecutor.java:294)
	at com.kms.katalon.core.main.TestCaseExecutor.doExecute(TestCaseExecutor.java:285)
	at com.kms.katalon.core.main.TestCaseExecutor.processExecutionPhase(TestCaseExecutor.java:264)
	at com.kms.katalon.core.main.TestCaseExecutor.accessMainPhase(TestCaseExecutor.java:256)
	at com.kms.katalon.core.main.TestCaseExecutor.execute(TestCaseExecutor.java:200)
	at com.kms.katalon.core.main.TestCaseMain.runTestCase(TestCaseMain.java:99)
	at com.kms.katalon.core.keyword.builtin.CallTestCaseKeyword$_callTestCase_closure1.doCall(CallTestCaseKeyword.groovy:60)
	at com.kms.katalon.core.keyword.builtin.CallTestCaseKeyword$_callTestCase_closure1.call(CallTestCaseKeyword.groovy)
	at com.kms.katalon.core.keyword.internal.KeywordMain.runKeyword(KeywordMain.groovy:54)
	at com.kms.katalon.core.keyword.builtin.CallTestCaseKeyword.callTestCase(CallTestCaseKeyword.groovy:81)
	at com.kms.katalon.core.keyword.builtin.CallTestCaseKeyword.execute(CallTestCaseKeyword.groovy:45)
	at com.kms.katalon.core.keyword.internal.KeywordExecutor.executeKeywordForPlatform(KeywordExecutor.groovy:53)
	at com.kms.katalon.core.keyword.BuiltinKeywords.callTestCase(BuiltinKeywords.groovy:334)
	at sun.reflect.NativeMethodAccessorImpl.invoke0(Native Method)
	at sun.reflect.NativeMethodAccessorImpl.invoke(NativeMethodAccessorImpl.java:62)
	at sun.reflect.DelegatingMethodAccessorImpl.invoke(DelegatingMethodAccessorImpl.java:43)
	at java.lang.reflect.Method.invoke(Method.java:498)
	at org.codehaus.groovy.reflection.CachedMethod.invoke(CachedMethod.java:93)
	at groovy.lang.MetaMethod.doMethodInvoke(MetaMethod.java:325)
	at groovy.lang.MetaClassImpl.invokeStaticMethod(MetaClassImpl.java:1469)
	at org.codehaus.groovy.runtime.callsite.StaticMetaClassSite.call(StaticMetaClassSite.java:53)
	at org.codehaus.groovy.runtime.callsite.CallSiteArray.defaultCall(CallSiteArray.java:48)
	at org.codehaus.groovy.runtime.callsite.AbstractCallSite.call(AbstractCallSite.java:113)
	at org.codehaus.groovy.runtime.callsite.AbstractCallSite.call(AbstractCallSite.java:141)
	at Script1538798457291.run(Script1538798457291.groovy:90)
	at com.kms.katalon.core.main.ScriptEngine.run(ScriptEngine.java:183)
	at com.kms.katalon.core.main.ScriptEngine.runScriptAsRawText(ScriptEngine.java:108)
	at com.kms.katalon.core.main.TestCaseExecutor.runScript(TestCaseExecutor.java:294)
	at com.kms.katalon.core.main.TestCaseExecutor.doExecute(TestCaseExecutor.java:285)
	at com.kms.katalon.core.main.TestCaseExecutor.processExecutionPhase(TestCaseExecutor.java:264)
	at com.kms.katalon.core.main.TestCaseExecutor.accessMainPhase(TestCaseExecutor.java:256)
	at com.kms.katalon.core.main.TestCaseExecutor.execute(TestCaseExecutor.java:200)
	at com.kms.katalon.core.main.TestSuiteExecutor.accessTestCaseMainPhase(TestSuiteExecutor.java:129)
	at com.kms.katalon.core.main.TestSuiteExecutor.accessTestSuiteMainPhase(TestSuiteExecutor.java:112)
	at com.kms.katalon.core.main.TestSuiteExecutor.execute(TestSuiteExecutor.java:81)
	at com.kms.katalon.core.main.TestCaseMain.startTestSuite(TestCaseMain.java:142)
	at com.kms.katalon.core.main.TestCaseMain$startTestSuite$0.call(Unknown Source)
	at org.codehaus.groovy.runtime.callsite.CallSiteArray.defaultCall(CallSiteArray.java:48)
	at org.codehaus.groovy.runtime.callsite.AbstractCallSite.call(AbstractCallSite.java:113)
	at org.codehaus.groovy.runtime.callsite.AbstractCallSite.call(AbstractCallSite.java:141)
	at TempTestSuite1539329656361.run(TempTestSuite1539329656361.groovy:36)
	at groovy.lang.GroovyShell.runScriptOrMainOrTestOrRunnable(GroovyShell.java:263)
	at groovy.lang.GroovyShell.run(GroovyShell.java:518)
	at groovy.lang.GroovyShell.run(GroovyShell.java:507)
	at groovy.ui.GroovyMain.processOnce(GroovyMain.java:653)
	at groovy.ui.GroovyMain.run(GroovyMain.java:384)
	at groovy.ui.GroovyMain.process(GroovyMain.java:370)
	at groovy.ui.GroovyMain.processArgs(GroovyMain.java:129)
	at groovy.ui.GroovyMain.main(GroovyMain.java:109)
	at sun.reflect.NativeMethodAccessorImpl.invoke0(Native Method)
	at sun.reflect.NativeMethodAccessorImpl.invoke(NativeMethodAccessorImpl.java:62)
	at sun.reflect.DelegatingMethodAccessorImpl.invoke(DelegatingMethodAccessorImpl.java:43)
	at java.lang.reflect.Method.invoke(Method.java:498)
	at org.codehaus.groovy.tools.GroovyStarter.rootLoader(GroovyStarter.java:109)
	at org.codehaus.groovy.tools.GroovyStarter.main(GroovyStarter.java:131)
)))

2018-10-12 14:34:19 - [TEST_STEP][PASSED] - Statement - SearchCustomerInformation = com.kms.katalon.core.testobject.ObjectRepository.findTestObject(Holden/Holden_02_SearchCustomerInformation, [obj_DealerId:internal.GlobalVariable.Glb_Dealer_Code, obj_GivenName:internal.GlobalVariable.Glb_FirstName, obj_FamilyName:internal.GlobalVariable.Glb_LastName]): Finding Test Object with id 'Object Repository/Holden/Holden_02_SearchCustomerInformation'

2018-10-12 14:34:19 - [TEST_STEP][PASSED] - Statement - res_SearchCustomerInformation = com.kms.katalon.core.webservice.keyword.WSBuiltInKeywords.sendRequest(SearchCustomerInformation): Send request successfully

2018-10-12 14:34:21 - [MESSAGE][PASSED] - Send request successfully

2018-10-12 14:34:21 - [TEST_STEP][PASSED] - qaVinhLe.Library_Method_VinhLe.verifyResponseCode_Msg: qaVinhLe.Library_Method_VinhLe.verifyResponseCode_Msg is PASSED

2018-10-12 14:34:21 - [MESSAGE][PASSED] - Verify response status code successfully

2018-10-12 14:34:21 - [MESSAGE][PASSED] - qaVinhLe.Library_Method_VinhLe.verifyResponseCode_Msg is PASSED

2018-10-12 14:34:21 - [TEST_STEP][PASSED] - qaVinhLe.Library_Method_VinhLe.verifyValueSOAPNode: qaVinhLe.Library_Method_VinhLe.verifyValueSOAPNode is PASSED

2018-10-12 14:34:21 - [MESSAGE][PASSED] - qaVinhLe.Library_Method_VinhLe.verifyValueSOAPNode is PASSED

2018-10-12 14:34:21 - [TEST_STEP][PASSED] - qaVinhLe.Library_Method_VinhLe.verifyValueSOAPNode: qaVinhLe.Library_Method_VinhLe.verifyValueSOAPNode is PASSED

2018-10-12 14:34:21 - [MESSAGE][PASSED] - qaVinhLe.Library_Method_VinhLe.verifyValueSOAPNode is PASSED

2018-10-12 14:34:21 - [TEST_STEP][PASSED] - qaVinhLe.Library_Method_VinhLe.verifyValueSOAPNode: qaVinhLe.Library_Method_VinhLe.verifyValueSOAPNode is PASSED

2018-10-12 14:34:21 - [MESSAGE][PASSED] - qaVinhLe.Library_Method_VinhLe.verifyValueSOAPNode is PASSED

2018-10-12 14:34:21 - [TEST_STEP][PASSED] - qaVinhLe.Library_Method_VinhLe.verifyValueSOAPNode: qaVinhLe.Library_Method_VinhLe.verifyValueSOAPNode is PASSED

2018-10-12 14:34:21 - [MESSAGE][PASSED] - qaVinhLe.Library_Method_VinhLe.verifyValueSOAPNode is PASSED

2018-10-12 14:34:21 - [TEST_STEP][PASSED] - qaVinhLe.Library_Method_VinhLe.verifyValueSOAPNode: qaVinhLe.Library_Method_VinhLe.verifyValueSOAPNode is PASSED

2018-10-12 14:34:21 - [MESSAGE][PASSED] - qaVinhLe.Library_Method_VinhLe.verifyValueSOAPNode is PASSED

2018-10-12 14:34:21 - [TEST_STEP][PASSED] - qaVinhLe.Library_Method_VinhLe.verifyValueSOAPNode: qaVinhLe.Library_Method_VinhLe.verifyValueSOAPNode is PASSED

2018-10-12 14:34:21 - [MESSAGE][PASSED] - qaVinhLe.Library_Method_VinhLe.verifyValueSOAPNode is PASSED

2018-10-12 14:34:21 - [TEST_STEP][PASSED] - qaVinhLe.Library_Method_VinhLe.verifyValueSOAPNode: qaVinhLe.Library_Method_VinhLe.verifyValueSOAPNode is PASSED

2018-10-12 14:34:21 - [MESSAGE][PASSED] - qaVinhLe.Library_Method_VinhLe.verifyValueSOAPNode is PASSED

2018-10-12 14:34:21 - [TEST_STEP][PASSED] - qaVinhLe.Library_Method_VinhLe.verifyValueSOAPNode: qaVinhLe.Library_Method_VinhLe.verifyValueSOAPNode is PASSED

2018-10-12 14:34:21 - [MESSAGE][PASSED] - qaVinhLe.Library_Method_VinhLe.verifyValueSOAPNode is PASSED

2018-10-12 14:34:21 - [TEST_STEP][PASSED] - qaVinhLe.Library_Method_VinhLe.verifyValueSOAPNode: qaVinhLe.Library_Method_VinhLe.verifyValueSOAPNode is PASSED

2018-10-12 14:34:21 - [MESSAGE][PASSED] - qaVinhLe.Library_Method_VinhLe.verifyValueSOAPNode is PASSED

2018-10-12 14:34:21 - [TEST_STEP][PASSED] - qaVinhLe.Library_Method_VinhLe.verifyValueSOAPNode: qaVinhLe.Library_Method_VinhLe.verifyValueSOAPNode is PASSED

2018-10-12 14:34:21 - [MESSAGE][PASSED] - qaVinhLe.Library_Method_VinhLe.verifyValueSOAPNode is PASSED

2018-10-12 14:34:21 - [TEST_STEP][PASSED] - qaVinhLe.Library_Method_VinhLe.verifyAttributeSOAPNode: qaVinhLe.Library_Method_VinhLe.verifyAttributeSOAPNode is PASSED

2018-10-12 14:34:21 - [MESSAGE][PASSED] - qaVinhLe.Library_Method_VinhLe.verifyAttributeSOAPNode is PASSED

2018-10-12 14:34:21 - [TEST_STEP][PASSED] - qaVinhLe.Library_Method_VinhLe.verifyValueSOAPNode: qaVinhLe.Library_Method_VinhLe.verifyValueSOAPNode is PASSED

2018-10-12 14:34:21 - [MESSAGE][PASSED] - qaVinhLe.Library_Method_VinhLe.verifyValueSOAPNode is PASSED

2018-10-12 14:34:21 - [TEST_STEP][FAILED] - qaVinhLe.Library_Method_VinhLe.verifyValueSOAPNode: Assertion failed: 

assert expectedValue == err.getElementsByTagName(childrennode).item(indexChild).getTextContent()
       |             |  |   |                    |             |    |           |
       678568        |  |   |                    GivenName     |    0           TITAN
                     |  |   |                                  <?xml version="1.0" encoding="UTF-8"?><GivenName>TITAN</GivenName>
                     |  |   org.apache.xerces.dom.DeepNodeListImpl@6d366c9b
                     |  <?xml version="1.0" encoding="UTF-8"?><SpecifiedPerson>
                     |  <GivenName>TITAN</GivenName>
                     |  <FamilyName>DMS</FamilyName>
                     |  <ResidenceAddress>
                     |  <LineOne>Anh Thy</LineOne>
                     |  <CityName>TCA</CityName>
                     |  <CountryID>1</CountryID>
                     |  <Postcode>1901</Postcode>
                     |  <StateOrProvinceCountrySub-DivisionID>QLD</StateOrProvinceCountrySub-DivisionID>
                     |  </ResidenceAddress>
                     |  <TelephoneCommunication>
                     |  <ChannelCode>WORKPHONE</ChannelCode>
                     |  <CompleteNumber>0919011995</CompleteNumber>
                     |  </TelephoneCommunication>
                     |  <URICommunication>
                     |  <URIID>qateam@automation.com.au</URIID>
                     |  </URICommunication>
                     |  </SpecifiedPerson>
                     false


2018-10-12 14:34:21 - [MESSAGE][FAILED] - Assertion failed: 

assert expectedValue == err.getElementsByTagName(childrennode).item(indexChild).getTextContent()
       |             |  |   |                    |             |    |           |
       678568        |  |   |                    GivenName     |    0           TITAN
                     |  |   |                                  <?xml version="1.0" encoding="UTF-8"?><GivenName>TITAN</GivenName>
                     |  |   org.apache.xerces.dom.DeepNodeListImpl@6d366c9b
                     |  <?xml version="1.0" encoding="UTF-8"?><SpecifiedPerson>
                     |  <GivenName>TITAN</GivenName>
                     |  <FamilyName>DMS</FamilyName>
                     |  <ResidenceAddress>
                     |  <LineOne>Anh Thy</LineOne>
                     |  <CityName>TCA</CityName>
                     |  <CountryID>1</CountryID>
                     |  <Postcode>1901</Postcode>
                     |  <StateOrProvinceCountrySub-DivisionID>QLD</StateOrProvinceCountrySub-DivisionID>
                     |  </ResidenceAddress>
                     |  <TelephoneCommunication>
                     |  <ChannelCode>WORKPHONE</ChannelCode>
                     |  <CompleteNumber>0919011995</CompleteNumber>
                     |  </TelephoneCommunication>
                     |  <URICommunication>
                     |  <URIID>qateam@automation.com.au</URIID>
                     |  </URICommunication>
                     |  </SpecifiedPerson>
                     false


2018-10-12 14:34:21 - [MESSAGE][FAILED] - Unable to call Test Case with id 'Test Cases/HOLDEN/Library Test Case/Holden_02_SearchCustomerInformation' (Root cause: Call Test Case 'Test Cases/HOLDEN/Library Test Case/Holden_02_SearchCustomerInformation' failed because of error(s))]]></system-out>
         <system-err><![CDATA[2018-10-12 14:34:18 - [TEST_CASE][ERROR] - Test Cases/HOLDEN/Main Holden Test Case - All Sprint: Test Cases/HOLDEN/Main Holden Test Case - All Sprint FAILED because (of) (Stack trace: org.codehaus.groovy.runtime.InvokerInvocationException: Assertion failed: 

assert expectedValue == err.getElementsByTagName(childrennode).item(indexChild).getTextContent()
       |             |  |   |                    |             |    |           |
       678568        |  |   |                    GivenName     |    0           TITAN
                     |  |   |                                  <?xml version="1.0" encoding="UTF-8"?><GivenName>TITAN</GivenName>
                     |  |   org.apache.xerces.dom.DeepNodeListImpl@6d366c9b
                     |  <?xml version="1.0" encoding="UTF-8"?><SpecifiedPerson>
                     |  <GivenName>TITAN</GivenName>
                     |  <FamilyName>DMS</FamilyName>
                     |  <ResidenceAddress>
                     |  <LineOne>Anh Thy</LineOne>
                     |  <CityName>TCA</CityName>
                     |  <CountryID>1</CountryID>
                     |  <Postcode>1901</Postcode>
                     |  <StateOrProvinceCountrySub-DivisionID>QLD</StateOrProvinceCountrySub-DivisionID>
                     |  </ResidenceAddress>
                     |  <TelephoneCommunication>
                     |  <ChannelCode>WORKPHONE</ChannelCode>
                     |  <CompleteNumber>0919011995</CompleteNumber>
                     |  </TelephoneCommunication>
                     |  <URICommunication>
                     |  <URIID>qateam@automation.com.au</URIID>
                     |  </URICommunication>
                     |  </SpecifiedPerson>
                     false

	at org.codehaus.groovy.reflection.CachedMethod.invoke(CachedMethod.java:100)
	at groovy.lang.MetaMethod.doMethodInvoke(MetaMethod.java:325)
	at groovy.lang.MetaClassImpl.invokeMethod(MetaClassImpl.java:1215)
	at groovy.lang.MetaClassImpl.invokeMethod(MetaClassImpl.java:1024)
	at groovy.lang.MetaClassImpl.invokeMethod(MetaClassImpl.java:812)
	at groovy.lang.DelegatingMetaClass.invokeMethod(DelegatingMetaClass.java:144)
	at qaVinhLe.Library_Method_VinhLe.invokeMethod(Library_Method_VinhLe.groovy)
	at com.kms.katalon.core.main.CustomKeywordDelegatingMetaClass.invokeStaticMethod(CustomKeywordDelegatingMetaClass.java:46)
	at org.codehaus.groovy.runtime.callsite.StaticMetaClassSite.call(StaticMetaClassSite.java:53)
	at org.codehaus.groovy.runtime.callsite.CallSiteArray.defaultCall(CallSiteArray.java:48)
	at org.codehaus.groovy.runtime.callsite.AbstractCallSite.call(AbstractCallSite.java:113)
	at Script1539153176193.run(Script1539153176193.groovy:77)
	at com.kms.katalon.core.main.ScriptEngine.run(ScriptEngine.java:183)
	at com.kms.katalon.core.main.ScriptEngine.runScriptAsRawText(ScriptEngine.java:108)
	at com.kms.katalon.core.main.TestCaseExecutor.runScript(TestCaseExecutor.java:294)
	at com.kms.katalon.core.main.TestCaseExecutor.doExecute(TestCaseExecutor.java:285)
	at com.kms.katalon.core.main.TestCaseExecutor.processExecutionPhase(TestCaseExecutor.java:264)
	at com.kms.katalon.core.main.TestCaseExecutor.accessMainPhase(TestCaseExecutor.java:256)
	at com.kms.katalon.core.main.TestCaseExecutor.execute(TestCaseExecutor.java:200)
	at com.kms.katalon.core.main.TestCaseMain.runTestCase(TestCaseMain.java:99)
	at com.kms.katalon.core.keyword.builtin.CallTestCaseKeyword$_callTestCase_closure1.doCall(CallTestCaseKeyword.groovy:60)
	at com.kms.katalon.core.keyword.builtin.CallTestCaseKeyword$_callTestCase_closure1.call(CallTestCaseKeyword.groovy)
	at com.kms.katalon.core.keyword.internal.KeywordMain.runKeyword(KeywordMain.groovy:54)
	at com.kms.katalon.core.keyword.builtin.CallTestCaseKeyword.callTestCase(CallTestCaseKeyword.groovy:81)
	at com.kms.katalon.core.keyword.builtin.CallTestCaseKeyword.execute(CallTestCaseKeyword.groovy:45)
	at com.kms.katalon.core.keyword.internal.KeywordExecutor.executeKeywordForPlatform(KeywordExecutor.groovy:53)
	at com.kms.katalon.core.keyword.BuiltinKeywords.callTestCase(BuiltinKeywords.groovy:334)
	at sun.reflect.NativeMethodAccessorImpl.invoke0(Native Method)
	at sun.reflect.NativeMethodAccessorImpl.invoke(NativeMethodAccessorImpl.java:62)
	at sun.reflect.DelegatingMethodAccessorImpl.invoke(DelegatingMethodAccessorImpl.java:43)
	at java.lang.reflect.Method.invoke(Method.java:498)
	at org.codehaus.groovy.reflection.CachedMethod.invoke(CachedMethod.java:93)
	at groovy.lang.MetaMethod.doMethodInvoke(MetaMethod.java:325)
	at groovy.lang.MetaClassImpl.invokeStaticMethod(MetaClassImpl.java:1469)
	at org.codehaus.groovy.runtime.callsite.StaticMetaClassSite.call(StaticMetaClassSite.java:53)
	at org.codehaus.groovy.runtime.callsite.CallSiteArray.defaultCall(CallSiteArray.java:48)
	at org.codehaus.groovy.runtime.callsite.AbstractCallSite.call(AbstractCallSite.java:113)
	at org.codehaus.groovy.runtime.callsite.AbstractCallSite.call(AbstractCallSite.java:141)
	at Script1538798457291.run(Script1538798457291.groovy:90)
	at com.kms.katalon.core.main.ScriptEngine.run(ScriptEngine.java:183)
	at com.kms.katalon.core.main.ScriptEngine.runScriptAsRawText(ScriptEngine.java:108)
	at com.kms.katalon.core.main.TestCaseExecutor.runScript(TestCaseExecutor.java:294)
	at com.kms.katalon.core.main.TestCaseExecutor.doExecute(TestCaseExecutor.java:285)
	at com.kms.katalon.core.main.TestCaseExecutor.processExecutionPhase(TestCaseExecutor.java:264)
	at com.kms.katalon.core.main.TestCaseExecutor.accessMainPhase(TestCaseExecutor.java:256)
	at com.kms.katalon.core.main.TestCaseExecutor.execute(TestCaseExecutor.java:200)
	at com.kms.katalon.core.main.TestSuiteExecutor.accessTestCaseMainPhase(TestSuiteExecutor.java:129)
	at com.kms.katalon.core.main.TestSuiteExecutor.accessTestSuiteMainPhase(TestSuiteExecutor.java:112)
	at com.kms.katalon.core.main.TestSuiteExecutor.execute(TestSuiteExecutor.java:81)
	at com.kms.katalon.core.main.TestCaseMain.startTestSuite(TestCaseMain.java:142)
	at com.kms.katalon.core.main.TestCaseMain$startTestSuite$0.call(Unknown Source)
	at org.codehaus.groovy.runtime.callsite.CallSiteArray.defaultCall(CallSiteArray.java:48)
	at org.codehaus.groovy.runtime.callsite.AbstractCallSite.call(AbstractCallSite.java:113)
	at org.codehaus.groovy.runtime.callsite.AbstractCallSite.call(AbstractCallSite.java:141)
	at TempTestSuite1539329656361.run(TempTestSuite1539329656361.groovy:36)
	at groovy.lang.GroovyShell.runScriptOrMainOrTestOrRunnable(GroovyShell.java:263)
	at groovy.lang.GroovyShell.run(GroovyShell.java:518)
	at groovy.lang.GroovyShell.run(GroovyShell.java:507)
	at groovy.ui.GroovyMain.processOnce(GroovyMain.java:653)
	at groovy.ui.GroovyMain.run(GroovyMain.java:384)
	at groovy.ui.GroovyMain.process(GroovyMain.java:370)
	at groovy.ui.GroovyMain.processArgs(GroovyMain.java:129)
	at groovy.ui.GroovyMain.main(GroovyMain.java:109)
	at sun.reflect.NativeMethodAccessorImpl.invoke0(Native Method)
	at sun.reflect.NativeMethodAccessorImpl.invoke(NativeMethodAccessorImpl.java:62)
	at sun.reflect.DelegatingMethodAccessorImpl.invoke(DelegatingMethodAccessorImpl.java:43)
	at java.lang.reflect.Method.invoke(Method.java:498)
	at org.codehaus.groovy.tools.GroovyStarter.rootLoader(GroovyStarter.java:109)
	at org.codehaus.groovy.tools.GroovyStarter.main(GroovyStarter.java:131)
Caused by: Assertion failed: 

assert expectedValue == err.getElementsByTagName(childrennode).item(indexChild).getTextContent()
       |             |  |   |                    |             |    |           |
       678568        |  |   |                    GivenName     |    0           TITAN
                     |  |   |                                  <?xml version="1.0" encoding="UTF-8"?><GivenName>TITAN</GivenName>
                     |  |   org.apache.xerces.dom.DeepNodeListImpl@6d366c9b
                     |  <?xml version="1.0" encoding="UTF-8"?><SpecifiedPerson>
                     |  <GivenName>TITAN</GivenName>
                     |  <FamilyName>DMS</FamilyName>
                     |  <ResidenceAddress>
                     |  <LineOne>Anh Thy</LineOne>
                     |  <CityName>TCA</CityName>
                     |  <CountryID>1</CountryID>
                     |  <Postcode>1901</Postcode>
                     |  <StateOrProvinceCountrySub-DivisionID>QLD</StateOrProvinceCountrySub-DivisionID>
                     |  </ResidenceAddress>
                     |  <TelephoneCommunication>
                     |  <ChannelCode>WORKPHONE</ChannelCode>
                     |  <CompleteNumber>0919011995</CompleteNumber>
                     |  </TelephoneCommunication>
                     |  <URICommunication>
                     |  <URIID>qateam@automation.com.au</URIID>
                     |  </URICommunication>
                     |  </SpecifiedPerson>
                     false

	at org.codehaus.groovy.runtime.InvokerHelper.assertFailed(InvokerHelper.java:402)
	at org.codehaus.groovy.runtime.ScriptBytecodeAdapter.assertFailed(ScriptBytecodeAdapter.java:650)
	at qaVinhLe.Library_Method_VinhLe.verifyValueSOAPNode(Library_Method_VinhLe.groovy:67)
	at sun.reflect.GeneratedMethodAccessor2.invoke(Unknown Source)
	at sun.reflect.DelegatingMethodAccessorImpl.invoke(DelegatingMethodAccessorImpl.java:43)
	at java.lang.reflect.Method.invoke(Method.java:498)
	at org.codehaus.groovy.reflection.CachedMethod.invoke(CachedMethod.java:93)
	... 68 more
 (caused by: (Stack trace: Assertion failed: 

assert expectedValue == err.getElementsByTagName(childrennode).item(indexChild).getTextContent()
       |             |  |   |                    |             |    |           |
       678568        |  |   |                    GivenName     |    0           TITAN
                     |  |   |                                  <?xml version="1.0" encoding="UTF-8"?><GivenName>TITAN</GivenName>
                     |  |   org.apache.xerces.dom.DeepNodeListImpl@6d366c9b
                     |  <?xml version="1.0" encoding="UTF-8"?><SpecifiedPerson>
                     |  <GivenName>TITAN</GivenName>
                     |  <FamilyName>DMS</FamilyName>
                     |  <ResidenceAddress>
                     |  <LineOne>Anh Thy</LineOne>
                     |  <CityName>TCA</CityName>
                     |  <CountryID>1</CountryID>
                     |  <Postcode>1901</Postcode>
                     |  <StateOrProvinceCountrySub-DivisionID>QLD</StateOrProvinceCountrySub-DivisionID>
                     |  </ResidenceAddress>
                     |  <TelephoneCommunication>
                     |  <ChannelCode>WORKPHONE</ChannelCode>
                     |  <CompleteNumber>0919011995</CompleteNumber>
                     |  </TelephoneCommunication>
                     |  <URICommunication>
                     |  <URIID>qateam@automation.com.au</URIID>
                     |  </URICommunication>
                     |  </SpecifiedPerson>
                     false

	at org.codehaus.groovy.runtime.InvokerHelper.assertFailed(InvokerHelper.java:402)
	at org.codehaus.groovy.runtime.ScriptBytecodeAdapter.assertFailed(ScriptBytecodeAdapter.java:650)
	at qaVinhLe.Library_Method_VinhLe.verifyValueSOAPNode(Library_Method_VinhLe.groovy:67)
	at sun.reflect.GeneratedMethodAccessor2.invoke(Unknown Source)
	at sun.reflect.DelegatingMethodAccessorImpl.invoke(DelegatingMethodAccessorImpl.java:43)
	at java.lang.reflect.Method.invoke(Method.java:498)
	at org.codehaus.groovy.reflection.CachedMethod.invoke(CachedMethod.java:93)
	at groovy.lang.MetaMethod.doMethodInvoke(MetaMethod.java:325)
	at groovy.lang.MetaClassImpl.invokeMethod(MetaClassImpl.java:1215)
	at groovy.lang.MetaClassImpl.invokeMethod(MetaClassImpl.java:1024)
	at groovy.lang.MetaClassImpl.invokeMethod(MetaClassImpl.java:812)
	at groovy.lang.DelegatingMetaClass.invokeMethod(DelegatingMetaClass.java:144)
	at qaVinhLe.Library_Method_VinhLe.invokeMethod(Library_Method_VinhLe.groovy)
	at com.kms.katalon.core.main.CustomKeywordDelegatingMetaClass.invokeStaticMethod(CustomKeywordDelegatingMetaClass.java:46)
	at org.codehaus.groovy.runtime.callsite.StaticMetaClassSite.call(StaticMetaClassSite.java:53)
	at org.codehaus.groovy.runtime.callsite.CallSiteArray.defaultCall(CallSiteArray.java:48)
	at org.codehaus.groovy.runtime.callsite.AbstractCallSite.call(AbstractCallSite.java:113)
	at Script1539153176193.run(Script1539153176193.groovy:77)
	at com.kms.katalon.core.main.ScriptEngine.run(ScriptEngine.java:183)
	at com.kms.katalon.core.main.ScriptEngine.runScriptAsRawText(ScriptEngine.java:108)
	at com.kms.katalon.core.main.TestCaseExecutor.runScript(TestCaseExecutor.java:294)
	at com.kms.katalon.core.main.TestCaseExecutor.doExecute(TestCaseExecutor.java:285)
	at com.kms.katalon.core.main.TestCaseExecutor.processExecutionPhase(TestCaseExecutor.java:264)
	at com.kms.katalon.core.main.TestCaseExecutor.accessMainPhase(TestCaseExecutor.java:256)
	at com.kms.katalon.core.main.TestCaseExecutor.execute(TestCaseExecutor.java:200)
	at com.kms.katalon.core.main.TestCaseMain.runTestCase(TestCaseMain.java:99)
	at com.kms.katalon.core.keyword.builtin.CallTestCaseKeyword$_callTestCase_closure1.doCall(CallTestCaseKeyword.groovy:60)
	at com.kms.katalon.core.keyword.builtin.CallTestCaseKeyword$_callTestCase_closure1.call(CallTestCaseKeyword.groovy)
	at com.kms.katalon.core.keyword.internal.KeywordMain.runKeyword(KeywordMain.groovy:54)
	at com.kms.katalon.core.keyword.builtin.CallTestCaseKeyword.callTestCase(CallTestCaseKeyword.groovy:81)
	at com.kms.katalon.core.keyword.builtin.CallTestCaseKeyword.execute(CallTestCaseKeyword.groovy:45)
	at com.kms.katalon.core.keyword.internal.KeywordExecutor.executeKeywordForPlatform(KeywordExecutor.groovy:53)
	at com.kms.katalon.core.keyword.BuiltinKeywords.callTestCase(BuiltinKeywords.groovy:334)
	at sun.reflect.NativeMethodAccessorImpl.invoke0(Native Method)
	at sun.reflect.NativeMethodAccessorImpl.invoke(NativeMethodAccessorImpl.java:62)
	at sun.reflect.DelegatingMethodAccessorImpl.invoke(DelegatingMethodAccessorImpl.java:43)
	at java.lang.reflect.Method.invoke(Method.java:498)
	at org.codehaus.groovy.reflection.CachedMethod.invoke(CachedMethod.java:93)
	at groovy.lang.MetaMethod.doMethodInvoke(MetaMethod.java:325)
	at groovy.lang.MetaClassImpl.invokeStaticMethod(MetaClassImpl.java:1469)
	at org.codehaus.groovy.runtime.callsite.StaticMetaClassSite.call(StaticMetaClassSite.java:53)
	at org.codehaus.groovy.runtime.callsite.CallSiteArray.defaultCall(CallSiteArray.java:48)
	at org.codehaus.groovy.runtime.callsite.AbstractCallSite.call(AbstractCallSite.java:113)
	at org.codehaus.groovy.runtime.callsite.AbstractCallSite.call(AbstractCallSite.java:141)
	at Script1538798457291.run(Script1538798457291.groovy:90)
	at com.kms.katalon.core.main.ScriptEngine.run(ScriptEngine.java:183)
	at com.kms.katalon.core.main.ScriptEngine.runScriptAsRawText(ScriptEngine.java:108)
	at com.kms.katalon.core.main.TestCaseExecutor.runScript(TestCaseExecutor.java:294)
	at com.kms.katalon.core.main.TestCaseExecutor.doExecute(TestCaseExecutor.java:285)
	at com.kms.katalon.core.main.TestCaseExecutor.processExecutionPhase(TestCaseExecutor.java:264)
	at com.kms.katalon.core.main.TestCaseExecutor.accessMainPhase(TestCaseExecutor.java:256)
	at com.kms.katalon.core.main.TestCaseExecutor.execute(TestCaseExecutor.java:200)
	at com.kms.katalon.core.main.TestSuiteExecutor.accessTestCaseMainPhase(TestSuiteExecutor.java:129)
	at com.kms.katalon.core.main.TestSuiteExecutor.accessTestSuiteMainPhase(TestSuiteExecutor.java:112)
	at com.kms.katalon.core.main.TestSuiteExecutor.execute(TestSuiteExecutor.java:81)
	at com.kms.katalon.core.main.TestCaseMain.startTestSuite(TestCaseMain.java:142)
	at com.kms.katalon.core.main.TestCaseMain$startTestSuite$0.call(Unknown Source)
	at org.codehaus.groovy.runtime.callsite.CallSiteArray.defaultCall(CallSiteArray.java:48)
	at org.codehaus.groovy.runtime.callsite.AbstractCallSite.call(AbstractCallSite.java:113)
	at org.codehaus.groovy.runtime.callsite.AbstractCallSite.call(AbstractCallSite.java:141)
	at TempTestSuite1539329656361.run(TempTestSuite1539329656361.groovy:36)
	at groovy.lang.GroovyShell.runScriptOrMainOrTestOrRunnable(GroovyShell.java:263)
	at groovy.lang.GroovyShell.run(GroovyShell.java:518)
	at groovy.lang.GroovyShell.run(GroovyShell.java:507)
	at groovy.ui.GroovyMain.processOnce(GroovyMain.java:653)
	at groovy.ui.GroovyMain.run(GroovyMain.java:384)
	at groovy.ui.GroovyMain.process(GroovyMain.java:370)
	at groovy.ui.GroovyMain.processArgs(GroovyMain.java:129)
	at groovy.ui.GroovyMain.main(GroovyMain.java:109)
	at sun.reflect.NativeMethodAccessorImpl.invoke0(Native Method)
	at sun.reflect.NativeMethodAccessorImpl.invoke(NativeMethodAccessorImpl.java:62)
	at sun.reflect.DelegatingMethodAccessorImpl.invoke(DelegatingMethodAccessorImpl.java:43)
	at java.lang.reflect.Method.invoke(Method.java:498)
	at org.codehaus.groovy.tools.GroovyStarter.rootLoader(GroovyStarter.java:109)
	at org.codehaus.groovy.tools.GroovyStarter.main(GroovyStarter.java:131)
)))]]></system-err>
      </testcase>
      <system-out><![CDATA[2018-10-12 14:34:18 - [TEST_SUITE][ERROR] - Holden_Sprint_All_Dev: Test Cases/HOLDEN/Main Holden Test Case - All Sprint FAILED because (of) (Stack trace: org.codehaus.groovy.runtime.InvokerInvocationException: Assertion failed: 

assert expectedValue == err.getElementsByTagName(childrennode).item(indexChild).getTextContent()
       |             |  |   |                    |             |    |           |
       678568        |  |   |                    GivenName     |    0           TITAN
                     |  |   |                                  <?xml version="1.0" encoding="UTF-8"?><GivenName>TITAN</GivenName>
                     |  |   org.apache.xerces.dom.DeepNodeListImpl@6d366c9b
                     |  <?xml version="1.0" encoding="UTF-8"?><SpecifiedPerson>
                     |  <GivenName>TITAN</GivenName>
                     |  <FamilyName>DMS</FamilyName>
                     |  <ResidenceAddress>
                     |  <LineOne>Anh Thy</LineOne>
                     |  <CityName>TCA</CityName>
                     |  <CountryID>1</CountryID>
                     |  <Postcode>1901</Postcode>
                     |  <StateOrProvinceCountrySub-DivisionID>QLD</StateOrProvinceCountrySub-DivisionID>
                     |  </ResidenceAddress>
                     |  <TelephoneCommunication>
                     |  <ChannelCode>WORKPHONE</ChannelCode>
                     |  <CompleteNumber>0919011995</CompleteNumber>
                     |  </TelephoneCommunication>
                     |  <URICommunication>
                     |  <URIID>qateam@automation.com.au</URIID>
                     |  </URICommunication>
                     |  </SpecifiedPerson>
                     false

	at org.codehaus.groovy.reflection.CachedMethod.invoke(CachedMethod.java:100)
	at groovy.lang.MetaMethod.doMethodInvoke(MetaMethod.java:325)
	at groovy.lang.MetaClassImpl.invokeMethod(MetaClassImpl.java:1215)
	at groovy.lang.MetaClassImpl.invokeMethod(MetaClassImpl.java:1024)
	at groovy.lang.MetaClassImpl.invokeMethod(MetaClassImpl.java:812)
	at groovy.lang.DelegatingMetaClass.invokeMethod(DelegatingMetaClass.java:144)
	at qaVinhLe.Library_Method_VinhLe.invokeMethod(Library_Method_VinhLe.groovy)
	at com.kms.katalon.core.main.CustomKeywordDelegatingMetaClass.invokeStaticMethod(CustomKeywordDelegatingMetaClass.java:46)
	at org.codehaus.groovy.runtime.callsite.StaticMetaClassSite.call(StaticMetaClassSite.java:53)
	at org.codehaus.groovy.runtime.callsite.CallSiteArray.defaultCall(CallSiteArray.java:48)
	at org.codehaus.groovy.runtime.callsite.AbstractCallSite.call(AbstractCallSite.java:113)
	at Script1539153176193.run(Script1539153176193.groovy:77)
	at com.kms.katalon.core.main.ScriptEngine.run(ScriptEngine.java:183)
	at com.kms.katalon.core.main.ScriptEngine.runScriptAsRawText(ScriptEngine.java:108)
	at com.kms.katalon.core.main.TestCaseExecutor.runScript(TestCaseExecutor.java:294)
	at com.kms.katalon.core.main.TestCaseExecutor.doExecute(TestCaseExecutor.java:285)
	at com.kms.katalon.core.main.TestCaseExecutor.processExecutionPhase(TestCaseExecutor.java:264)
	at com.kms.katalon.core.main.TestCaseExecutor.accessMainPhase(TestCaseExecutor.java:256)
	at com.kms.katalon.core.main.TestCaseExecutor.execute(TestCaseExecutor.java:200)
	at com.kms.katalon.core.main.TestCaseMain.runTestCase(TestCaseMain.java:99)
	at com.kms.katalon.core.keyword.builtin.CallTestCaseKeyword$_callTestCase_closure1.doCall(CallTestCaseKeyword.groovy:60)
	at com.kms.katalon.core.keyword.builtin.CallTestCaseKeyword$_callTestCase_closure1.call(CallTestCaseKeyword.groovy)
	at com.kms.katalon.core.keyword.internal.KeywordMain.runKeyword(KeywordMain.groovy:54)
	at com.kms.katalon.core.keyword.builtin.CallTestCaseKeyword.callTestCase(CallTestCaseKeyword.groovy:81)
	at com.kms.katalon.core.keyword.builtin.CallTestCaseKeyword.execute(CallTestCaseKeyword.groovy:45)
	at com.kms.katalon.core.keyword.internal.KeywordExecutor.executeKeywordForPlatform(KeywordExecutor.groovy:53)
	at com.kms.katalon.core.keyword.BuiltinKeywords.callTestCase(BuiltinKeywords.groovy:334)
	at sun.reflect.NativeMethodAccessorImpl.invoke0(Native Method)
	at sun.reflect.NativeMethodAccessorImpl.invoke(NativeMethodAccessorImpl.java:62)
	at sun.reflect.DelegatingMethodAccessorImpl.invoke(DelegatingMethodAccessorImpl.java:43)
	at java.lang.reflect.Method.invoke(Method.java:498)
	at org.codehaus.groovy.reflection.CachedMethod.invoke(CachedMethod.java:93)
	at groovy.lang.MetaMethod.doMethodInvoke(MetaMethod.java:325)
	at groovy.lang.MetaClassImpl.invokeStaticMethod(MetaClassImpl.java:1469)
	at org.codehaus.groovy.runtime.callsite.StaticMetaClassSite.call(StaticMetaClassSite.java:53)
	at org.codehaus.groovy.runtime.callsite.CallSiteArray.defaultCall(CallSiteArray.java:48)
	at org.codehaus.groovy.runtime.callsite.AbstractCallSite.call(AbstractCallSite.java:113)
	at org.codehaus.groovy.runtime.callsite.AbstractCallSite.call(AbstractCallSite.java:141)
	at Script1538798457291.run(Script1538798457291.groovy:90)
	at com.kms.katalon.core.main.ScriptEngine.run(ScriptEngine.java:183)
	at com.kms.katalon.core.main.ScriptEngine.runScriptAsRawText(ScriptEngine.java:108)
	at com.kms.katalon.core.main.TestCaseExecutor.runScript(TestCaseExecutor.java:294)
	at com.kms.katalon.core.main.TestCaseExecutor.doExecute(TestCaseExecutor.java:285)
	at com.kms.katalon.core.main.TestCaseExecutor.processExecutionPhase(TestCaseExecutor.java:264)
	at com.kms.katalon.core.main.TestCaseExecutor.accessMainPhase(TestCaseExecutor.java:256)
	at com.kms.katalon.core.main.TestCaseExecutor.execute(TestCaseExecutor.java:200)
	at com.kms.katalon.core.main.TestSuiteExecutor.accessTestCaseMainPhase(TestSuiteExecutor.java:129)
	at com.kms.katalon.core.main.TestSuiteExecutor.accessTestSuiteMainPhase(TestSuiteExecutor.java:112)
	at com.kms.katalon.core.main.TestSuiteExecutor.execute(TestSuiteExecutor.java:81)
	at com.kms.katalon.core.main.TestCaseMain.startTestSuite(TestCaseMain.java:142)
	at com.kms.katalon.core.main.TestCaseMain$startTestSuite$0.call(Unknown Source)
	at org.codehaus.groovy.runtime.callsite.CallSiteArray.defaultCall(CallSiteArray.java:48)
	at org.codehaus.groovy.runtime.callsite.AbstractCallSite.call(AbstractCallSite.java:113)
	at org.codehaus.groovy.runtime.callsite.AbstractCallSite.call(AbstractCallSite.java:141)
	at TempTestSuite1539329656361.run(TempTestSuite1539329656361.groovy:36)
	at groovy.lang.GroovyShell.runScriptOrMainOrTestOrRunnable(GroovyShell.java:263)
	at groovy.lang.GroovyShell.run(GroovyShell.java:518)
	at groovy.lang.GroovyShell.run(GroovyShell.java:507)
	at groovy.ui.GroovyMain.processOnce(GroovyMain.java:653)
	at groovy.ui.GroovyMain.run(GroovyMain.java:384)
	at groovy.ui.GroovyMain.process(GroovyMain.java:370)
	at groovy.ui.GroovyMain.processArgs(GroovyMain.java:129)
	at groovy.ui.GroovyMain.main(GroovyMain.java:109)
	at sun.reflect.NativeMethodAccessorImpl.invoke0(Native Method)
	at sun.reflect.NativeMethodAccessorImpl.invoke(NativeMethodAccessorImpl.java:62)
	at sun.reflect.DelegatingMethodAccessorImpl.invoke(DelegatingMethodAccessorImpl.java:43)
	at java.lang.reflect.Method.invoke(Method.java:498)
	at org.codehaus.groovy.tools.GroovyStarter.rootLoader(GroovyStarter.java:109)
	at org.codehaus.groovy.tools.GroovyStarter.main(GroovyStarter.java:131)
Caused by: Assertion failed: 

assert expectedValue == err.getElementsByTagName(childrennode).item(indexChild).getTextContent()
       |             |  |   |                    |             |    |           |
       678568        |  |   |                    GivenName     |    0           TITAN
                     |  |   |                                  <?xml version="1.0" encoding="UTF-8"?><GivenName>TITAN</GivenName>
                     |  |   org.apache.xerces.dom.DeepNodeListImpl@6d366c9b
                     |  <?xml version="1.0" encoding="UTF-8"?><SpecifiedPerson>
                     |  <GivenName>TITAN</GivenName>
                     |  <FamilyName>DMS</FamilyName>
                     |  <ResidenceAddress>
                     |  <LineOne>Anh Thy</LineOne>
                     |  <CityName>TCA</CityName>
                     |  <CountryID>1</CountryID>
                     |  <Postcode>1901</Postcode>
                     |  <StateOrProvinceCountrySub-DivisionID>QLD</StateOrProvinceCountrySub-DivisionID>
                     |  </ResidenceAddress>
                     |  <TelephoneCommunication>
                     |  <ChannelCode>WORKPHONE</ChannelCode>
                     |  <CompleteNumber>0919011995</CompleteNumber>
                     |  </TelephoneCommunication>
                     |  <URICommunication>
                     |  <URIID>qateam@automation.com.au</URIID>
                     |  </URICommunication>
                     |  </SpecifiedPerson>
                     false

	at org.codehaus.groovy.runtime.InvokerHelper.assertFailed(InvokerHelper.java:402)
	at org.codehaus.groovy.runtime.ScriptBytecodeAdapter.assertFailed(ScriptBytecodeAdapter.java:650)
	at qaVinhLe.Library_Method_VinhLe.verifyValueSOAPNode(Library_Method_VinhLe.groovy:67)
	at sun.reflect.GeneratedMethodAccessor2.invoke(Unknown Source)
	at sun.reflect.DelegatingMethodAccessorImpl.invoke(DelegatingMethodAccessorImpl.java:43)
	at java.lang.reflect.Method.invoke(Method.java:498)
	at org.codehaus.groovy.reflection.CachedMethod.invoke(CachedMethod.java:93)
	... 68 more
 (caused by: (Stack trace: Assertion failed: 

assert expectedValue == err.getElementsByTagName(childrennode).item(indexChild).getTextContent()
       |             |  |   |                    |             |    |           |
       678568        |  |   |                    GivenName     |    0           TITAN
                     |  |   |                                  <?xml version="1.0" encoding="UTF-8"?><GivenName>TITAN</GivenName>
                     |  |   org.apache.xerces.dom.DeepNodeListImpl@6d366c9b
                     |  <?xml version="1.0" encoding="UTF-8"?><SpecifiedPerson>
                     |  <GivenName>TITAN</GivenName>
                     |  <FamilyName>DMS</FamilyName>
                     |  <ResidenceAddress>
                     |  <LineOne>Anh Thy</LineOne>
                     |  <CityName>TCA</CityName>
                     |  <CountryID>1</CountryID>
                     |  <Postcode>1901</Postcode>
                     |  <StateOrProvinceCountrySub-DivisionID>QLD</StateOrProvinceCountrySub-DivisionID>
                     |  </ResidenceAddress>
                     |  <TelephoneCommunication>
                     |  <ChannelCode>WORKPHONE</ChannelCode>
                     |  <CompleteNumber>0919011995</CompleteNumber>
                     |  </TelephoneCommunication>
                     |  <URICommunication>
                     |  <URIID>qateam@automation.com.au</URIID>
                     |  </URICommunication>
                     |  </SpecifiedPerson>
                     false

	at org.codehaus.groovy.runtime.InvokerHelper.assertFailed(InvokerHelper.java:402)
	at org.codehaus.groovy.runtime.ScriptBytecodeAdapter.assertFailed(ScriptBytecodeAdapter.java:650)
	at qaVinhLe.Library_Method_VinhLe.verifyValueSOAPNode(Library_Method_VinhLe.groovy:67)
	at sun.reflect.GeneratedMethodAccessor2.invoke(Unknown Source)
	at sun.reflect.DelegatingMethodAccessorImpl.invoke(DelegatingMethodAccessorImpl.java:43)
	at java.lang.reflect.Method.invoke(Method.java:498)
	at org.codehaus.groovy.reflection.CachedMethod.invoke(CachedMethod.java:93)
	at groovy.lang.MetaMethod.doMethodInvoke(MetaMethod.java:325)
	at groovy.lang.MetaClassImpl.invokeMethod(MetaClassImpl.java:1215)
	at groovy.lang.MetaClassImpl.invokeMethod(MetaClassImpl.java:1024)
	at groovy.lang.MetaClassImpl.invokeMethod(MetaClassImpl.java:812)
	at groovy.lang.DelegatingMetaClass.invokeMethod(DelegatingMetaClass.java:144)
	at qaVinhLe.Library_Method_VinhLe.invokeMethod(Library_Method_VinhLe.groovy)
	at com.kms.katalon.core.main.CustomKeywordDelegatingMetaClass.invokeStaticMethod(CustomKeywordDelegatingMetaClass.java:46)
	at org.codehaus.groovy.runtime.callsite.StaticMetaClassSite.call(StaticMetaClassSite.java:53)
	at org.codehaus.groovy.runtime.callsite.CallSiteArray.defaultCall(CallSiteArray.java:48)
	at org.codehaus.groovy.runtime.callsite.AbstractCallSite.call(AbstractCallSite.java:113)
	at Script1539153176193.run(Script1539153176193.groovy:77)
	at com.kms.katalon.core.main.ScriptEngine.run(ScriptEngine.java:183)
	at com.kms.katalon.core.main.ScriptEngine.runScriptAsRawText(ScriptEngine.java:108)
	at com.kms.katalon.core.main.TestCaseExecutor.runScript(TestCaseExecutor.java:294)
	at com.kms.katalon.core.main.TestCaseExecutor.doExecute(TestCaseExecutor.java:285)
	at com.kms.katalon.core.main.TestCaseExecutor.processExecutionPhase(TestCaseExecutor.java:264)
	at com.kms.katalon.core.main.TestCaseExecutor.accessMainPhase(TestCaseExecutor.java:256)
	at com.kms.katalon.core.main.TestCaseExecutor.execute(TestCaseExecutor.java:200)
	at com.kms.katalon.core.main.TestCaseMain.runTestCase(TestCaseMain.java:99)
	at com.kms.katalon.core.keyword.builtin.CallTestCaseKeyword$_callTestCase_closure1.doCall(CallTestCaseKeyword.groovy:60)
	at com.kms.katalon.core.keyword.builtin.CallTestCaseKeyword$_callTestCase_closure1.call(CallTestCaseKeyword.groovy)
	at com.kms.katalon.core.keyword.internal.KeywordMain.runKeyword(KeywordMain.groovy:54)
	at com.kms.katalon.core.keyword.builtin.CallTestCaseKeyword.callTestCase(CallTestCaseKeyword.groovy:81)
	at com.kms.katalon.core.keyword.builtin.CallTestCaseKeyword.execute(CallTestCaseKeyword.groovy:45)
	at com.kms.katalon.core.keyword.internal.KeywordExecutor.executeKeywordForPlatform(KeywordExecutor.groovy:53)
	at com.kms.katalon.core.keyword.BuiltinKeywords.callTestCase(BuiltinKeywords.groovy:334)
	at sun.reflect.NativeMethodAccessorImpl.invoke0(Native Method)
	at sun.reflect.NativeMethodAccessorImpl.invoke(NativeMethodAccessorImpl.java:62)
	at sun.reflect.DelegatingMethodAccessorImpl.invoke(DelegatingMethodAccessorImpl.java:43)
	at java.lang.reflect.Method.invoke(Method.java:498)
	at org.codehaus.groovy.reflection.CachedMethod.invoke(CachedMethod.java:93)
	at groovy.lang.MetaMethod.doMethodInvoke(MetaMethod.java:325)
	at groovy.lang.MetaClassImpl.invokeStaticMethod(MetaClassImpl.java:1469)
	at org.codehaus.groovy.runtime.callsite.StaticMetaClassSite.call(StaticMetaClassSite.java:53)
	at org.codehaus.groovy.runtime.callsite.CallSiteArray.defaultCall(CallSiteArray.java:48)
	at org.codehaus.groovy.runtime.callsite.AbstractCallSite.call(AbstractCallSite.java:113)
	at org.codehaus.groovy.runtime.callsite.AbstractCallSite.call(AbstractCallSite.java:141)
	at Script1538798457291.run(Script1538798457291.groovy:90)
	at com.kms.katalon.core.main.ScriptEngine.run(ScriptEngine.java:183)
	at com.kms.katalon.core.main.ScriptEngine.runScriptAsRawText(ScriptEngine.java:108)
	at com.kms.katalon.core.main.TestCaseExecutor.runScript(TestCaseExecutor.java:294)
	at com.kms.katalon.core.main.TestCaseExecutor.doExecute(TestCaseExecutor.java:285)
	at com.kms.katalon.core.main.TestCaseExecutor.processExecutionPhase(TestCaseExecutor.java:264)
	at com.kms.katalon.core.main.TestCaseExecutor.accessMainPhase(TestCaseExecutor.java:256)
	at com.kms.katalon.core.main.TestCaseExecutor.execute(TestCaseExecutor.java:200)
	at com.kms.katalon.core.main.TestSuiteExecutor.accessTestCaseMainPhase(TestSuiteExecutor.java:129)
	at com.kms.katalon.core.main.TestSuiteExecutor.accessTestSuiteMainPhase(TestSuiteExecutor.java:112)
	at com.kms.katalon.core.main.TestSuiteExecutor.execute(TestSuiteExecutor.java:81)
	at com.kms.katalon.core.main.TestCaseMain.startTestSuite(TestCaseMain.java:142)
	at com.kms.katalon.core.main.TestCaseMain$startTestSuite$0.call(Unknown Source)
	at org.codehaus.groovy.runtime.callsite.CallSiteArray.defaultCall(CallSiteArray.java:48)
	at org.codehaus.groovy.runtime.callsite.AbstractCallSite.call(AbstractCallSite.java:113)
	at org.codehaus.groovy.runtime.callsite.AbstractCallSite.call(AbstractCallSite.java:141)
	at TempTestSuite1539329656361.run(TempTestSuite1539329656361.groovy:36)
	at groovy.lang.GroovyShell.runScriptOrMainOrTestOrRunnable(GroovyShell.java:263)
	at groovy.lang.GroovyShell.run(GroovyShell.java:518)
	at groovy.lang.GroovyShell.run(GroovyShell.java:507)
	at groovy.ui.GroovyMain.processOnce(GroovyMain.java:653)
	at groovy.ui.GroovyMain.run(GroovyMain.java:384)
	at groovy.ui.GroovyMain.process(GroovyMain.java:370)
	at groovy.ui.GroovyMain.processArgs(GroovyMain.java:129)
	at groovy.ui.GroovyMain.main(GroovyMain.java:109)
	at sun.reflect.NativeMethodAccessorImpl.invoke0(Native Method)
	at sun.reflect.NativeMethodAccessorImpl.invoke(NativeMethodAccessorImpl.java:62)
	at sun.reflect.DelegatingMethodAccessorImpl.invoke(DelegatingMethodAccessorImpl.java:43)
	at java.lang.reflect.Method.invoke(Method.java:498)
	at org.codehaus.groovy.tools.GroovyStarter.rootLoader(GroovyStarter.java:109)
	at org.codehaus.groovy.tools.GroovyStarter.main(GroovyStarter.java:131)
)))]]></system-out>
      <system-err><![CDATA[2018-10-12 14:34:18 - [TEST_SUITE][ERROR] - Holden_Sprint_All_Dev: Test Cases/HOLDEN/Main Holden Test Case - All Sprint FAILED because (of) (Stack trace: org.codehaus.groovy.runtime.InvokerInvocationException: Assertion failed: 

assert expectedValue == err.getElementsByTagName(childrennode).item(indexChild).getTextContent()
       |             |  |   |                    |             |    |           |
       678568        |  |   |                    GivenName     |    0           TITAN
                     |  |   |                                  <?xml version="1.0" encoding="UTF-8"?><GivenName>TITAN</GivenName>
                     |  |   org.apache.xerces.dom.DeepNodeListImpl@6d366c9b
                     |  <?xml version="1.0" encoding="UTF-8"?><SpecifiedPerson>
                     |  <GivenName>TITAN</GivenName>
                     |  <FamilyName>DMS</FamilyName>
                     |  <ResidenceAddress>
                     |  <LineOne>Anh Thy</LineOne>
                     |  <CityName>TCA</CityName>
                     |  <CountryID>1</CountryID>
                     |  <Postcode>1901</Postcode>
                     |  <StateOrProvinceCountrySub-DivisionID>QLD</StateOrProvinceCountrySub-DivisionID>
                     |  </ResidenceAddress>
                     |  <TelephoneCommunication>
                     |  <ChannelCode>WORKPHONE</ChannelCode>
                     |  <CompleteNumber>0919011995</CompleteNumber>
                     |  </TelephoneCommunication>
                     |  <URICommunication>
                     |  <URIID>qateam@automation.com.au</URIID>
                     |  </URICommunication>
                     |  </SpecifiedPerson>
                     false

	at org.codehaus.groovy.reflection.CachedMethod.invoke(CachedMethod.java:100)
	at groovy.lang.MetaMethod.doMethodInvoke(MetaMethod.java:325)
	at groovy.lang.MetaClassImpl.invokeMethod(MetaClassImpl.java:1215)
	at groovy.lang.MetaClassImpl.invokeMethod(MetaClassImpl.java:1024)
	at groovy.lang.MetaClassImpl.invokeMethod(MetaClassImpl.java:812)
	at groovy.lang.DelegatingMetaClass.invokeMethod(DelegatingMetaClass.java:144)
	at qaVinhLe.Library_Method_VinhLe.invokeMethod(Library_Method_VinhLe.groovy)
	at com.kms.katalon.core.main.CustomKeywordDelegatingMetaClass.invokeStaticMethod(CustomKeywordDelegatingMetaClass.java:46)
	at org.codehaus.groovy.runtime.callsite.StaticMetaClassSite.call(StaticMetaClassSite.java:53)
	at org.codehaus.groovy.runtime.callsite.CallSiteArray.defaultCall(CallSiteArray.java:48)
	at org.codehaus.groovy.runtime.callsite.AbstractCallSite.call(AbstractCallSite.java:113)
	at Script1539153176193.run(Script1539153176193.groovy:77)
	at com.kms.katalon.core.main.ScriptEngine.run(ScriptEngine.java:183)
	at com.kms.katalon.core.main.ScriptEngine.runScriptAsRawText(ScriptEngine.java:108)
	at com.kms.katalon.core.main.TestCaseExecutor.runScript(TestCaseExecutor.java:294)
	at com.kms.katalon.core.main.TestCaseExecutor.doExecute(TestCaseExecutor.java:285)
	at com.kms.katalon.core.main.TestCaseExecutor.processExecutionPhase(TestCaseExecutor.java:264)
	at com.kms.katalon.core.main.TestCaseExecutor.accessMainPhase(TestCaseExecutor.java:256)
	at com.kms.katalon.core.main.TestCaseExecutor.execute(TestCaseExecutor.java:200)
	at com.kms.katalon.core.main.TestCaseMain.runTestCase(TestCaseMain.java:99)
	at com.kms.katalon.core.keyword.builtin.CallTestCaseKeyword$_callTestCase_closure1.doCall(CallTestCaseKeyword.groovy:60)
	at com.kms.katalon.core.keyword.builtin.CallTestCaseKeyword$_callTestCase_closure1.call(CallTestCaseKeyword.groovy)
	at com.kms.katalon.core.keyword.internal.KeywordMain.runKeyword(KeywordMain.groovy:54)
	at com.kms.katalon.core.keyword.builtin.CallTestCaseKeyword.callTestCase(CallTestCaseKeyword.groovy:81)
	at com.kms.katalon.core.keyword.builtin.CallTestCaseKeyword.execute(CallTestCaseKeyword.groovy:45)
	at com.kms.katalon.core.keyword.internal.KeywordExecutor.executeKeywordForPlatform(KeywordExecutor.groovy:53)
	at com.kms.katalon.core.keyword.BuiltinKeywords.callTestCase(BuiltinKeywords.groovy:334)
	at sun.reflect.NativeMethodAccessorImpl.invoke0(Native Method)
	at sun.reflect.NativeMethodAccessorImpl.invoke(NativeMethodAccessorImpl.java:62)
	at sun.reflect.DelegatingMethodAccessorImpl.invoke(DelegatingMethodAccessorImpl.java:43)
	at java.lang.reflect.Method.invoke(Method.java:498)
	at org.codehaus.groovy.reflection.CachedMethod.invoke(CachedMethod.java:93)
	at groovy.lang.MetaMethod.doMethodInvoke(MetaMethod.java:325)
	at groovy.lang.MetaClassImpl.invokeStaticMethod(MetaClassImpl.java:1469)
	at org.codehaus.groovy.runtime.callsite.StaticMetaClassSite.call(StaticMetaClassSite.java:53)
	at org.codehaus.groovy.runtime.callsite.CallSiteArray.defaultCall(CallSiteArray.java:48)
	at org.codehaus.groovy.runtime.callsite.AbstractCallSite.call(AbstractCallSite.java:113)
	at org.codehaus.groovy.runtime.callsite.AbstractCallSite.call(AbstractCallSite.java:141)
	at Script1538798457291.run(Script1538798457291.groovy:90)
	at com.kms.katalon.core.main.ScriptEngine.run(ScriptEngine.java:183)
	at com.kms.katalon.core.main.ScriptEngine.runScriptAsRawText(ScriptEngine.java:108)
	at com.kms.katalon.core.main.TestCaseExecutor.runScript(TestCaseExecutor.java:294)
	at com.kms.katalon.core.main.TestCaseExecutor.doExecute(TestCaseExecutor.java:285)
	at com.kms.katalon.core.main.TestCaseExecutor.processExecutionPhase(TestCaseExecutor.java:264)
	at com.kms.katalon.core.main.TestCaseExecutor.accessMainPhase(TestCaseExecutor.java:256)
	at com.kms.katalon.core.main.TestCaseExecutor.execute(TestCaseExecutor.java:200)
	at com.kms.katalon.core.main.TestSuiteExecutor.accessTestCaseMainPhase(TestSuiteExecutor.java:129)
	at com.kms.katalon.core.main.TestSuiteExecutor.accessTestSuiteMainPhase(TestSuiteExecutor.java:112)
	at com.kms.katalon.core.main.TestSuiteExecutor.execute(TestSuiteExecutor.java:81)
	at com.kms.katalon.core.main.TestCaseMain.startTestSuite(TestCaseMain.java:142)
	at com.kms.katalon.core.main.TestCaseMain$startTestSuite$0.call(Unknown Source)
	at org.codehaus.groovy.runtime.callsite.CallSiteArray.defaultCall(CallSiteArray.java:48)
	at org.codehaus.groovy.runtime.callsite.AbstractCallSite.call(AbstractCallSite.java:113)
	at org.codehaus.groovy.runtime.callsite.AbstractCallSite.call(AbstractCallSite.java:141)
	at TempTestSuite1539329656361.run(TempTestSuite1539329656361.groovy:36)
	at groovy.lang.GroovyShell.runScriptOrMainOrTestOrRunnable(GroovyShell.java:263)
	at groovy.lang.GroovyShell.run(GroovyShell.java:518)
	at groovy.lang.GroovyShell.run(GroovyShell.java:507)
	at groovy.ui.GroovyMain.processOnce(GroovyMain.java:653)
	at groovy.ui.GroovyMain.run(GroovyMain.java:384)
	at groovy.ui.GroovyMain.process(GroovyMain.java:370)
	at groovy.ui.GroovyMain.processArgs(GroovyMain.java:129)
	at groovy.ui.GroovyMain.main(GroovyMain.java:109)
	at sun.reflect.NativeMethodAccessorImpl.invoke0(Native Method)
	at sun.reflect.NativeMethodAccessorImpl.invoke(NativeMethodAccessorImpl.java:62)
	at sun.reflect.DelegatingMethodAccessorImpl.invoke(DelegatingMethodAccessorImpl.java:43)
	at java.lang.reflect.Method.invoke(Method.java:498)
	at org.codehaus.groovy.tools.GroovyStarter.rootLoader(GroovyStarter.java:109)
	at org.codehaus.groovy.tools.GroovyStarter.main(GroovyStarter.java:131)
Caused by: Assertion failed: 

assert expectedValue == err.getElementsByTagName(childrennode).item(indexChild).getTextContent()
       |             |  |   |                    |             |    |           |
       678568        |  |   |                    GivenName     |    0           TITAN
                     |  |   |                                  <?xml version="1.0" encoding="UTF-8"?><GivenName>TITAN</GivenName>
                     |  |   org.apache.xerces.dom.DeepNodeListImpl@6d366c9b
                     |  <?xml version="1.0" encoding="UTF-8"?><SpecifiedPerson>
                     |  <GivenName>TITAN</GivenName>
                     |  <FamilyName>DMS</FamilyName>
                     |  <ResidenceAddress>
                     |  <LineOne>Anh Thy</LineOne>
                     |  <CityName>TCA</CityName>
                     |  <CountryID>1</CountryID>
                     |  <Postcode>1901</Postcode>
                     |  <StateOrProvinceCountrySub-DivisionID>QLD</StateOrProvinceCountrySub-DivisionID>
                     |  </ResidenceAddress>
                     |  <TelephoneCommunication>
                     |  <ChannelCode>WORKPHONE</ChannelCode>
                     |  <CompleteNumber>0919011995</CompleteNumber>
                     |  </TelephoneCommunication>
                     |  <URICommunication>
                     |  <URIID>qateam@automation.com.au</URIID>
                     |  </URICommunication>
                     |  </SpecifiedPerson>
                     false

	at org.codehaus.groovy.runtime.InvokerHelper.assertFailed(InvokerHelper.java:402)
	at org.codehaus.groovy.runtime.ScriptBytecodeAdapter.assertFailed(ScriptBytecodeAdapter.java:650)
	at qaVinhLe.Library_Method_VinhLe.verifyValueSOAPNode(Library_Method_VinhLe.groovy:67)
	at sun.reflect.GeneratedMethodAccessor2.invoke(Unknown Source)
	at sun.reflect.DelegatingMethodAccessorImpl.invoke(DelegatingMethodAccessorImpl.java:43)
	at java.lang.reflect.Method.invoke(Method.java:498)
	at org.codehaus.groovy.reflection.CachedMethod.invoke(CachedMethod.java:93)
	... 68 more
 (caused by: (Stack trace: Assertion failed: 

assert expectedValue == err.getElementsByTagName(childrennode).item(indexChild).getTextContent()
       |             |  |   |                    |             |    |           |
       678568        |  |   |                    GivenName     |    0           TITAN
                     |  |   |                                  <?xml version="1.0" encoding="UTF-8"?><GivenName>TITAN</GivenName>
                     |  |   org.apache.xerces.dom.DeepNodeListImpl@6d366c9b
                     |  <?xml version="1.0" encoding="UTF-8"?><SpecifiedPerson>
                     |  <GivenName>TITAN</GivenName>
                     |  <FamilyName>DMS</FamilyName>
                     |  <ResidenceAddress>
                     |  <LineOne>Anh Thy</LineOne>
                     |  <CityName>TCA</CityName>
                     |  <CountryID>1</CountryID>
                     |  <Postcode>1901</Postcode>
                     |  <StateOrProvinceCountrySub-DivisionID>QLD</StateOrProvinceCountrySub-DivisionID>
                     |  </ResidenceAddress>
                     |  <TelephoneCommunication>
                     |  <ChannelCode>WORKPHONE</ChannelCode>
                     |  <CompleteNumber>0919011995</CompleteNumber>
                     |  </TelephoneCommunication>
                     |  <URICommunication>
                     |  <URIID>qateam@automation.com.au</URIID>
                     |  </URICommunication>
                     |  </SpecifiedPerson>
                     false

	at org.codehaus.groovy.runtime.InvokerHelper.assertFailed(InvokerHelper.java:402)
	at org.codehaus.groovy.runtime.ScriptBytecodeAdapter.assertFailed(ScriptBytecodeAdapter.java:650)
	at qaVinhLe.Library_Method_VinhLe.verifyValueSOAPNode(Library_Method_VinhLe.groovy:67)
	at sun.reflect.GeneratedMethodAccessor2.invoke(Unknown Source)
	at sun.reflect.DelegatingMethodAccessorImpl.invoke(DelegatingMethodAccessorImpl.java:43)
	at java.lang.reflect.Method.invoke(Method.java:498)
	at org.codehaus.groovy.reflection.CachedMethod.invoke(CachedMethod.java:93)
	at groovy.lang.MetaMethod.doMethodInvoke(MetaMethod.java:325)
	at groovy.lang.MetaClassImpl.invokeMethod(MetaClassImpl.java:1215)
	at groovy.lang.MetaClassImpl.invokeMethod(MetaClassImpl.java:1024)
	at groovy.lang.MetaClassImpl.invokeMethod(MetaClassImpl.java:812)
	at groovy.lang.DelegatingMetaClass.invokeMethod(DelegatingMetaClass.java:144)
	at qaVinhLe.Library_Method_VinhLe.invokeMethod(Library_Method_VinhLe.groovy)
	at com.kms.katalon.core.main.CustomKeywordDelegatingMetaClass.invokeStaticMethod(CustomKeywordDelegatingMetaClass.java:46)
	at org.codehaus.groovy.runtime.callsite.StaticMetaClassSite.call(StaticMetaClassSite.java:53)
	at org.codehaus.groovy.runtime.callsite.CallSiteArray.defaultCall(CallSiteArray.java:48)
	at org.codehaus.groovy.runtime.callsite.AbstractCallSite.call(AbstractCallSite.java:113)
	at Script1539153176193.run(Script1539153176193.groovy:77)
	at com.kms.katalon.core.main.ScriptEngine.run(ScriptEngine.java:183)
	at com.kms.katalon.core.main.ScriptEngine.runScriptAsRawText(ScriptEngine.java:108)
	at com.kms.katalon.core.main.TestCaseExecutor.runScript(TestCaseExecutor.java:294)
	at com.kms.katalon.core.main.TestCaseExecutor.doExecute(TestCaseExecutor.java:285)
	at com.kms.katalon.core.main.TestCaseExecutor.processExecutionPhase(TestCaseExecutor.java:264)
	at com.kms.katalon.core.main.TestCaseExecutor.accessMainPhase(TestCaseExecutor.java:256)
	at com.kms.katalon.core.main.TestCaseExecutor.execute(TestCaseExecutor.java:200)
	at com.kms.katalon.core.main.TestCaseMain.runTestCase(TestCaseMain.java:99)
	at com.kms.katalon.core.keyword.builtin.CallTestCaseKeyword$_callTestCase_closure1.doCall(CallTestCaseKeyword.groovy:60)
	at com.kms.katalon.core.keyword.builtin.CallTestCaseKeyword$_callTestCase_closure1.call(CallTestCaseKeyword.groovy)
	at com.kms.katalon.core.keyword.internal.KeywordMain.runKeyword(KeywordMain.groovy:54)
	at com.kms.katalon.core.keyword.builtin.CallTestCaseKeyword.callTestCase(CallTestCaseKeyword.groovy:81)
	at com.kms.katalon.core.keyword.builtin.CallTestCaseKeyword.execute(CallTestCaseKeyword.groovy:45)
	at com.kms.katalon.core.keyword.internal.KeywordExecutor.executeKeywordForPlatform(KeywordExecutor.groovy:53)
	at com.kms.katalon.core.keyword.BuiltinKeywords.callTestCase(BuiltinKeywords.groovy:334)
	at sun.reflect.NativeMethodAccessorImpl.invoke0(Native Method)
	at sun.reflect.NativeMethodAccessorImpl.invoke(NativeMethodAccessorImpl.java:62)
	at sun.reflect.DelegatingMethodAccessorImpl.invoke(DelegatingMethodAccessorImpl.java:43)
	at java.lang.reflect.Method.invoke(Method.java:498)
	at org.codehaus.groovy.reflection.CachedMethod.invoke(CachedMethod.java:93)
	at groovy.lang.MetaMethod.doMethodInvoke(MetaMethod.java:325)
	at groovy.lang.MetaClassImpl.invokeStaticMethod(MetaClassImpl.java:1469)
	at org.codehaus.groovy.runtime.callsite.StaticMetaClassSite.call(StaticMetaClassSite.java:53)
	at org.codehaus.groovy.runtime.callsite.CallSiteArray.defaultCall(CallSiteArray.java:48)
	at org.codehaus.groovy.runtime.callsite.AbstractCallSite.call(AbstractCallSite.java:113)
	at org.codehaus.groovy.runtime.callsite.AbstractCallSite.call(AbstractCallSite.java:141)
	at Script1538798457291.run(Script1538798457291.groovy:90)
	at com.kms.katalon.core.main.ScriptEngine.run(ScriptEngine.java:183)
	at com.kms.katalon.core.main.ScriptEngine.runScriptAsRawText(ScriptEngine.java:108)
	at com.kms.katalon.core.main.TestCaseExecutor.runScript(TestCaseExecutor.java:294)
	at com.kms.katalon.core.main.TestCaseExecutor.doExecute(TestCaseExecutor.java:285)
	at com.kms.katalon.core.main.TestCaseExecutor.processExecutionPhase(TestCaseExecutor.java:264)
	at com.kms.katalon.core.main.TestCaseExecutor.accessMainPhase(TestCaseExecutor.java:256)
	at com.kms.katalon.core.main.TestCaseExecutor.execute(TestCaseExecutor.java:200)
	at com.kms.katalon.core.main.TestSuiteExecutor.accessTestCaseMainPhase(TestSuiteExecutor.java:129)
	at com.kms.katalon.core.main.TestSuiteExecutor.accessTestSuiteMainPhase(TestSuiteExecutor.java:112)
	at com.kms.katalon.core.main.TestSuiteExecutor.execute(TestSuiteExecutor.java:81)
	at com.kms.katalon.core.main.TestCaseMain.startTestSuite(TestCaseMain.java:142)
	at com.kms.katalon.core.main.TestCaseMain$startTestSuite$0.call(Unknown Source)
	at org.codehaus.groovy.runtime.callsite.CallSiteArray.defaultCall(CallSiteArray.java:48)
	at org.codehaus.groovy.runtime.callsite.AbstractCallSite.call(AbstractCallSite.java:113)
	at org.codehaus.groovy.runtime.callsite.AbstractCallSite.call(AbstractCallSite.java:141)
	at TempTestSuite1539329656361.run(TempTestSuite1539329656361.groovy:36)
	at groovy.lang.GroovyShell.runScriptOrMainOrTestOrRunnable(GroovyShell.java:263)
	at groovy.lang.GroovyShell.run(GroovyShell.java:518)
	at groovy.lang.GroovyShell.run(GroovyShell.java:507)
	at groovy.ui.GroovyMain.processOnce(GroovyMain.java:653)
	at groovy.ui.GroovyMain.run(GroovyMain.java:384)
	at groovy.ui.GroovyMain.process(GroovyMain.java:370)
	at groovy.ui.GroovyMain.processArgs(GroovyMain.java:129)
	at groovy.ui.GroovyMain.main(GroovyMain.java:109)
	at sun.reflect.NativeMethodAccessorImpl.invoke0(Native Method)
	at sun.reflect.NativeMethodAccessorImpl.invoke(NativeMethodAccessorImpl.java:62)
	at sun.reflect.DelegatingMethodAccessorImpl.invoke(DelegatingMethodAccessorImpl.java:43)
	at java.lang.reflect.Method.invoke(Method.java:498)
	at org.codehaus.groovy.tools.GroovyStarter.rootLoader(GroovyStarter.java:109)
	at org.codehaus.groovy.tools.GroovyStarter.main(GroovyStarter.java:131)
)))]]></system-err>
   </testsuite>
</testsuites>
